<?xml version="1.0" encoding="UTF-8" standalone="no"?>
<!DOCTYPE log SYSTEM "logger.dtd">
<log>
<record>
  <date>2019-09-22T22:34:07</date>
  <millis>1569209647297</millis>
  <sequence>0</sequence>
  <level>START</level>
  <class>com.kms.katalon.core.logging.XmlKeywordLogger</class>
  <method>startSuite</method>
  <thread>1</thread>
  <message>Start Test Suite : Test Suites/AddStudent</message>
  <nestedLevel>0</nestedLevel>
  <property name="name">AddStudent</property>
  <property name="description"></property>
  <property name="id">Test Suites/AddStudent</property>
</record>
<record>
  <date>2019-09-22T22:34:07</date>
  <millis>1569209647326</millis>
  <sequence>1</sequence>
  <level>RUN_DATA</level>
  <class>com.kms.katalon.core.logging.XmlKeywordLogger</class>
  <method>logMessage</method>
  <thread>1</thread>
  <message>hostName = kedavidsa - 192.168.0.18</message>
  <nestedLevel>0</nestedLevel>
  <property name="hostName">kedavidsa - 192.168.0.18</property>
</record>
<record>
  <date>2019-09-22T22:34:07</date>
  <millis>1569209647331</millis>
  <sequence>2</sequence>
  <level>RUN_DATA</level>
  <class>com.kms.katalon.core.logging.XmlKeywordLogger</class>
  <method>logMessage</method>
  <thread>1</thread>
  <message>os = Mac OS X 64bit</message>
  <nestedLevel>0</nestedLevel>
  <property name="os">Mac OS X 64bit</property>
</record>
<record>
  <date>2019-09-22T22:34:07</date>
  <millis>1569209647333</millis>
  <sequence>3</sequence>
  <level>RUN_DATA</level>
  <class>com.kms.katalon.core.logging.XmlKeywordLogger</class>
  <method>logMessage</method>
  <thread>1</thread>
  <message>hostAddress = 192.168.0.18</message>
  <nestedLevel>0</nestedLevel>
  <property name="hostAddress">192.168.0.18</property>
</record>
<record>
  <date>2019-09-22T22:34:07</date>
  <millis>1569209647348</millis>
  <sequence>4</sequence>
  <level>RUN_DATA</level>
  <class>com.kms.katalon.core.logging.XmlKeywordLogger</class>
  <method>logMessage</method>
  <thread>1</thread>
  <message>katalonVersion = 6.2.2.4</message>
  <nestedLevel>0</nestedLevel>
  <property name="katalonVersion">6.2.2.4</property>
</record>
<record>
  <date>2019-09-22T22:34:07</date>
  <millis>1569209647795</millis>
  <sequence>5</sequence>
  <level>START</level>
  <class>com.kms.katalon.core.logging.XmlKeywordLogger</class>
  <method>startTest</method>
  <thread>1</thread>
  <message>Start Test Case : Test Cases/AddStudent</message>
  <nestedLevel>1</nestedLevel>
  <property name="name">Test Cases/AddStudent</property>
  <property name="description"></property>
  <property name="id">Test Cases/AddStudent</property>
  <property name="source">\\Users\\kedavidsa\\iCloud Drive (archivo)\\Documents\\Uniandes\\MISO4202-20192\\Taller\\TallerParejasMISO4202201920\\Test Cases\\AddStudent.tc</property>
  <property name="tag"></property>
  <property name="isOptional">false</property>
</record>
<record>
  <date>2019-09-22T22:34:07</date>
  <millis>1569209647838</millis>
  <sequence>7</sequence>
  <level>INFO</level>
  <class>com.kms.katalon.core.logging.XmlKeywordLogger</class>
  <method>logMessage</method>
  <thread>1</thread>
  <message>name = Ninetta</message>
  <nestedLevel>1</nestedLevel>
</record>
<record>
  <date>2019-09-22T22:34:07</date>
  <millis>1569209647839</millis>
  <sequence>8</sequence>
  <level>INFO</level>
  <class>com.kms.katalon.core.logging.XmlKeywordLogger</class>
  <method>logMessage</method>
  <thread>1</thread>
  <message>last = Rakes</message>
  <nestedLevel>1</nestedLevel>
</record>
<record>
  <date>2019-09-22T22:34:07</date>
  <millis>1569209647840</millis>
  <sequence>9</sequence>
  <level>INFO</level>
  <class>com.kms.katalon.core.logging.XmlKeywordLogger</class>
  <method>logMessage</method>
  <thread>1</thread>
  <message>gender = Female</message>
  <nestedLevel>1</nestedLevel>
</record>
<record>
  <date>2019-09-22T22:34:07</date>
  <millis>1569209647841</millis>
  <sequence>10</sequence>
  <level>INFO</level>
  <class>com.kms.katalon.core.logging.XmlKeywordLogger</class>
  <method>logMessage</method>
  <thread>1</thread>
  <message>code = 88-7713396</message>
  <nestedLevel>1</nestedLevel>
</record>
<record>
  <date>2019-09-22T22:34:07</date>
  <millis>1569209647841</millis>
  <sequence>11</sequence>
  <level>INFO</level>
  <class>com.kms.katalon.core.logging.XmlKeywordLogger</class>
  <method>logMessage</method>
  <thread>1</thread>
  <message>country = China</message>
  <nestedLevel>1</nestedLevel>
</record>
<record>
  <date>2019-09-22T22:34:07</date>
  <millis>1569209647847</millis>
  <sequence>12</sequence>
  <level>INFO</level>
  <class>com.kms.katalon.core.logging.XmlKeywordLogger</class>
  <method>logMessage</method>
  <thread>1</thread>
  <message>city = Heyin</message>
  <nestedLevel>1</nestedLevel>
</record>
<record>
  <date>2019-09-22T22:34:07</date>
  <millis>1569209647849</millis>
  <sequence>13</sequence>
  <level>INFO</level>
  <class>com.kms.katalon.core.logging.XmlKeywordLogger</class>
  <method>logMessage</method>
  <thread>1</thread>
  <message>university = Harbin Institute of Technology</message>
  <nestedLevel>1</nestedLevel>
</record>
<record>
  <date>2019-09-22T22:34:08</date>
  <millis>1569209648335</millis>
  <sequence>14</sequence>
  <level>START</level>
  <class>com.kms.katalon.core.logging.XmlKeywordLogger</class>
  <method>startKeyword</method>
  <thread>1</thread>
  <message>Start action : response = sendRequest(findTestObject(\&amp;quot;AddStudent\&amp;quot;, [\&amp;quot;name\&amp;quot;:$name, \&amp;quot;last\&amp;quot;:$last, \&amp;quot;gender\&amp;quot;:$gender, \&amp;quot;code\&amp;quot;:$code, \&amp;quot;country\&amp;quot;:$country, \&amp;quot;city\&amp;quot;:$city, \&amp;quot;university\&amp;quot;:$university]))</message>
  <nestedLevel>1</nestedLevel>
  <property name="startLine">16</property>
  <property name="stepIndex">1</property>
</record>
<record>
  <date>2019-09-22T22:34:09</date>
  <millis>1569209649987</millis>
  <sequence>17</sequence>
  <level>INFO</level>
  <class>com.kms.katalon.core.logging.XmlKeywordLogger</class>
  <method>logMessage</method>
  <thread>1</thread>
  <message>HAR: /Users/kedavidsa/iCloud Drive (archivo)/Documents/Uniandes/MISO4202-20192/Taller/TallerParejasMISO4202201920/Reports/AddStudent/20190922_223403/requests/main/0.har</message>
  <nestedLevel>1</nestedLevel>
  <property name="harId">0b1be53e-4562-4e6f-8c72-53b43f96ad21</property>
</record>
<record>
  <date>2019-09-22T22:34:10</date>
  <millis>1569209650179</millis>
  <sequence>18</sequence>
  <level>PASSED</level>
  <class>com.kms.katalon.core.logging.XmlKeywordLogger</class>
  <method>logMessage</method>
  <thread>1</thread>
  <message>Send request successfully</message>
  <nestedLevel>1</nestedLevel>
</record>
<record>
  <date>2019-09-22T22:34:10</date>
  <millis>1569209650180</millis>
  <sequence>19</sequence>
  <level>END</level>
  <class>com.kms.katalon.core.logging.XmlKeywordLogger</class>
  <method>endKeyword</method>
  <thread>1</thread>
  <message>End action : response = sendRequest(findTestObject(\&amp;quot;AddStudent\&amp;quot;, [\&amp;quot;name\&amp;quot;:$name, \&amp;quot;last\&amp;quot;:$last, \&amp;quot;gender\&amp;quot;:$gender, \&amp;quot;code\&amp;quot;:$code, \&amp;quot;country\&amp;quot;:$country, \&amp;quot;city\&amp;quot;:$city, \&amp;quot;university\&amp;quot;:$university]))</message>
  <nestedLevel>1</nestedLevel>
</record>
<record>
  <date>2019-09-22T22:34:10</date>
  <millis>1569209650181</millis>
  <sequence>20</sequence>
  <level>START</level>
  <class>com.kms.katalon.core.logging.XmlKeywordLogger</class>
  <method>startKeyword</method>
  <thread>1</thread>
  <message>Start action : verifyResponseStatusCode(response, 200)</message>
  <nestedLevel>1</nestedLevel>
  <property name="startLine">19</property>
  <property name="stepIndex">2</property>
</record>
<record>
  <date>2019-09-22T22:34:10</date>
  <millis>1569209650200</millis>
  <sequence>22</sequence>
  <level>PASSED</level>
  <class>com.kms.katalon.core.logging.XmlKeywordLogger</class>
  <method>logMessage</method>
  <thread>1</thread>
  <message>Verify response status code successfully</message>
  <nestedLevel>1</nestedLevel>
</record>
<record>
  <date>2019-09-22T22:34:10</date>
  <millis>1569209650201</millis>
  <sequence>23</sequence>
  <level>END</level>
  <class>com.kms.katalon.core.logging.XmlKeywordLogger</class>
  <method>endKeyword</method>
  <thread>1</thread>
  <message>End action : verifyResponseStatusCode(response, 200)</message>
  <nestedLevel>1</nestedLevel>
</record>
<record>
  <date>2019-09-22T22:34:10</date>
  <millis>1569209650201</millis>
  <sequence>24</sequence>
  <level>START</level>
  <class>com.kms.katalon.core.logging.XmlKeywordLogger</class>
  <method>startKeyword</method>
  <thread>1</thread>
  <message>Start action : verifyElementPropertyValue(response, \&amp;quot;status\&amp;quot;, \&amp;quot;success\&amp;quot;)</message>
  <nestedLevel>1</nestedLevel>
  <property name="startLine">21</property>
  <property name="stepIndex">3</property>
</record>
<record>
  <date>2019-09-22T22:34:10</date>
  <millis>1569209650286</millis>
  <sequence>26</sequence>
  <level>PASSED</level>
  <class>com.kms.katalon.core.logging.XmlKeywordLogger</class>
  <method>logMessage</method>
  <thread>1</thread>
  <message>Verify element property value successfully</message>
  <nestedLevel>1</nestedLevel>
</record>
<record>
  <date>2019-09-22T22:34:10</date>
  <millis>1569209650287</millis>
  <sequence>27</sequence>
  <level>END</level>
  <class>com.kms.katalon.core.logging.XmlKeywordLogger</class>
  <method>endKeyword</method>
  <thread>1</thread>
  <message>End action : verifyElementPropertyValue(response, \&amp;quot;status\&amp;quot;, \&amp;quot;success\&amp;quot;)</message>
  <nestedLevel>1</nestedLevel>
</record>
<record>
  <date>2019-09-22T22:34:10</date>
  <millis>1569209650288</millis>
  <sequence>28</sequence>
  <level>PASSED</level>
  <class>com.kms.katalon.core.logging.XmlKeywordLogger</class>
  <method>logMessage</method>
  <thread>1</thread>
  <message>Test Cases/AddStudent</message>
  <nestedLevel>1</nestedLevel>
</record>
<record>
  <date>2019-09-22T22:34:10</date>
  <millis>1569209650290</millis>
  <sequence>29</sequence>
  <level>END</level>
  <class>com.kms.katalon.core.logging.XmlKeywordLogger</class>
  <method>endTest</method>
  <thread>1</thread>
  <message>End Test Case : Test Cases/AddStudent</message>
  <nestedLevel>0</nestedLevel>
</record>
<record>
  <date>2019-09-22T22:34:10</date>
  <millis>1569209650302</millis>
  <sequence>30</sequence>
  <level>START</level>
  <class>com.kms.katalon.core.logging.XmlKeywordLogger</class>
  <method>startTest</method>
  <thread>1</thread>
  <message>Start Test Case : Test Cases/AddStudent</message>
  <nestedLevel>1</nestedLevel>
  <property name="name">Test Cases/AddStudent</property>
  <property name="description"></property>
  <property name="id">Test Cases/AddStudent</property>
  <property name="source">\\Users\\kedavidsa\\iCloud Drive (archivo)\\Documents\\Uniandes\\MISO4202-20192\\Taller\\TallerParejasMISO4202201920\\Test Cases\\AddStudent.tc</property>
  <property name="tag"></property>
  <property name="isOptional">false</property>
</record>
<record>
  <date>2019-09-22T22:34:10</date>
  <millis>1569209650311</millis>
  <sequence>32</sequence>
  <level>INFO</level>
  <class>com.kms.katalon.core.logging.XmlKeywordLogger</class>
  <method>logMessage</method>
  <thread>1</thread>
  <message>name = Witty</message>
  <nestedLevel>1</nestedLevel>
</record>
<record>
  <date>2019-09-22T22:34:10</date>
  <millis>1569209650319</millis>
  <sequence>33</sequence>
  <level>INFO</level>
  <class>com.kms.katalon.core.logging.XmlKeywordLogger</class>
  <method>logMessage</method>
  <thread>1</thread>
  <message>last = Tewkesbury.</message>
  <nestedLevel>1</nestedLevel>
</record>
<record>
  <date>2019-09-22T22:34:10</date>
  <millis>1569209650322</millis>
  <sequence>34</sequence>
  <level>INFO</level>
  <class>com.kms.katalon.core.logging.XmlKeywordLogger</class>
  <method>logMessage</method>
  <thread>1</thread>
  <message>gender = Male</message>
  <nestedLevel>1</nestedLevel>
</record>
<record>
  <date>2019-09-22T22:34:10</date>
  <millis>1569209650322</millis>
  <sequence>35</sequence>
  <level>INFO</level>
  <class>com.kms.katalon.core.logging.XmlKeywordLogger</class>
  <method>logMessage</method>
  <thread>1</thread>
  <message>code = 78-6402515</message>
  <nestedLevel>1</nestedLevel>
</record>
<record>
  <date>2019-09-22T22:34:10</date>
  <millis>1569209650323</millis>
  <sequence>36</sequence>
  <level>INFO</level>
  <class>com.kms.katalon.core.logging.XmlKeywordLogger</class>
  <method>logMessage</method>
  <thread>1</thread>
  <message>country = Slovakia</message>
  <nestedLevel>1</nestedLevel>
</record>
<record>
  <date>2019-09-22T22:34:10</date>
  <millis>1569209650324</millis>
  <sequence>37</sequence>
  <level>INFO</level>
  <class>com.kms.katalon.core.logging.XmlKeywordLogger</class>
  <method>logMessage</method>
  <thread>1</thread>
  <message>city = Bratislava</message>
  <nestedLevel>1</nestedLevel>
</record>
<record>
  <date>2019-09-22T22:34:10</date>
  <millis>1569209650325</millis>
  <sequence>38</sequence>
  <level>INFO</level>
  <class>com.kms.katalon.core.logging.XmlKeywordLogger</class>
  <method>logMessage</method>
  <thread>1</thread>
  <message>university = University of SV Cyril and Methodius in Trnava</message>
  <nestedLevel>1</nestedLevel>
</record>
<record>
  <date>2019-09-22T22:34:10</date>
  <millis>1569209650327</millis>
  <sequence>39</sequence>
  <level>START</level>
  <class>com.kms.katalon.core.logging.XmlKeywordLogger</class>
  <method>startKeyword</method>
  <thread>1</thread>
  <message>Start action : response = sendRequest(findTestObject(\&amp;quot;AddStudent\&amp;quot;, [\&amp;quot;name\&amp;quot;:$name, \&amp;quot;last\&amp;quot;:$last, \&amp;quot;gender\&amp;quot;:$gender, \&amp;quot;code\&amp;quot;:$code, \&amp;quot;country\&amp;quot;:$country, \&amp;quot;city\&amp;quot;:$city, \&amp;quot;university\&amp;quot;:$university]))</message>
  <nestedLevel>1</nestedLevel>
  <property name="startLine">16</property>
  <property name="stepIndex">1</property>
</record>
<record>
  <date>2019-09-22T22:34:10</date>
  <millis>1569209650732</millis>
  <sequence>42</sequence>
  <level>INFO</level>
  <class>com.kms.katalon.core.logging.XmlKeywordLogger</class>
  <method>logMessage</method>
  <thread>1</thread>
  <message>HAR: /Users/kedavidsa/iCloud Drive (archivo)/Documents/Uniandes/MISO4202-20192/Taller/TallerParejasMISO4202201920/Reports/AddStudent/20190922_223403/requests/main/1.har</message>
  <nestedLevel>1</nestedLevel>
  <property name="harId">5cc8fcd3-2e24-48d9-9957-ec149c8badc0</property>
</record>
<record>
  <date>2019-09-22T22:34:10</date>
  <millis>1569209650744</millis>
  <sequence>43</sequence>
  <level>PASSED</level>
  <class>com.kms.katalon.core.logging.XmlKeywordLogger</class>
  <method>logMessage</method>
  <thread>1</thread>
  <message>Send request successfully</message>
  <nestedLevel>1</nestedLevel>
</record>
<record>
  <date>2019-09-22T22:34:10</date>
  <millis>1569209650745</millis>
  <sequence>44</sequence>
  <level>END</level>
  <class>com.kms.katalon.core.logging.XmlKeywordLogger</class>
  <method>endKeyword</method>
  <thread>1</thread>
  <message>End action : response = sendRequest(findTestObject(\&amp;quot;AddStudent\&amp;quot;, [\&amp;quot;name\&amp;quot;:$name, \&amp;quot;last\&amp;quot;:$last, \&amp;quot;gender\&amp;quot;:$gender, \&amp;quot;code\&amp;quot;:$code, \&amp;quot;country\&amp;quot;:$country, \&amp;quot;city\&amp;quot;:$city, \&amp;quot;university\&amp;quot;:$university]))</message>
  <nestedLevel>1</nestedLevel>
</record>
<record>
  <date>2019-09-22T22:34:10</date>
  <millis>1569209650748</millis>
  <sequence>45</sequence>
  <level>START</level>
  <class>com.kms.katalon.core.logging.XmlKeywordLogger</class>
  <method>startKeyword</method>
  <thread>1</thread>
  <message>Start action : verifyResponseStatusCode(response, 200)</message>
  <nestedLevel>1</nestedLevel>
  <property name="startLine">19</property>
  <property name="stepIndex">2</property>
</record>
<record>
  <date>2019-09-22T22:34:10</date>
  <millis>1569209650752</millis>
  <sequence>47</sequence>
  <level>PASSED</level>
  <class>com.kms.katalon.core.logging.XmlKeywordLogger</class>
  <method>logMessage</method>
  <thread>1</thread>
  <message>Verify response status code successfully</message>
  <nestedLevel>1</nestedLevel>
</record>
<record>
  <date>2019-09-22T22:34:10</date>
  <millis>1569209650753</millis>
  <sequence>48</sequence>
  <level>END</level>
  <class>com.kms.katalon.core.logging.XmlKeywordLogger</class>
  <method>endKeyword</method>
  <thread>1</thread>
  <message>End action : verifyResponseStatusCode(response, 200)</message>
  <nestedLevel>1</nestedLevel>
</record>
<record>
  <date>2019-09-22T22:34:10</date>
  <millis>1569209650753</millis>
  <sequence>49</sequence>
  <level>START</level>
  <class>com.kms.katalon.core.logging.XmlKeywordLogger</class>
  <method>startKeyword</method>
  <thread>1</thread>
  <message>Start action : verifyElementPropertyValue(response, \&amp;quot;status\&amp;quot;, \&amp;quot;success\&amp;quot;)</message>
  <nestedLevel>1</nestedLevel>
  <property name="startLine">21</property>
  <property name="stepIndex">3</property>
</record>
<record>
  <date>2019-09-22T22:34:10</date>
  <millis>1569209650786</millis>
  <sequence>51</sequence>
  <level>PASSED</level>
  <class>com.kms.katalon.core.logging.XmlKeywordLogger</class>
  <method>logMessage</method>
  <thread>1</thread>
  <message>Verify element property value successfully</message>
  <nestedLevel>1</nestedLevel>
</record>
<record>
  <date>2019-09-22T22:34:10</date>
  <millis>1569209650787</millis>
  <sequence>52</sequence>
  <level>END</level>
  <class>com.kms.katalon.core.logging.XmlKeywordLogger</class>
  <method>endKeyword</method>
  <thread>1</thread>
  <message>End action : verifyElementPropertyValue(response, \&amp;quot;status\&amp;quot;, \&amp;quot;success\&amp;quot;)</message>
  <nestedLevel>1</nestedLevel>
</record>
<record>
  <date>2019-09-22T22:34:10</date>
  <millis>1569209650789</millis>
  <sequence>53</sequence>
  <level>PASSED</level>
  <class>com.kms.katalon.core.logging.XmlKeywordLogger</class>
  <method>logMessage</method>
  <thread>1</thread>
  <message>Test Cases/AddStudent</message>
  <nestedLevel>1</nestedLevel>
</record>
<record>
  <date>2019-09-22T22:34:10</date>
  <millis>1569209650789</millis>
  <sequence>54</sequence>
  <level>END</level>
  <class>com.kms.katalon.core.logging.XmlKeywordLogger</class>
  <method>endTest</method>
  <thread>1</thread>
  <message>End Test Case : Test Cases/AddStudent</message>
  <nestedLevel>0</nestedLevel>
</record>
<record>
  <date>2019-09-22T22:34:10</date>
  <millis>1569209650797</millis>
  <sequence>55</sequence>
  <level>START</level>
  <class>com.kms.katalon.core.logging.XmlKeywordLogger</class>
  <method>startTest</method>
  <thread>1</thread>
  <message>Start Test Case : Test Cases/AddStudent</message>
  <nestedLevel>1</nestedLevel>
  <property name="name">Test Cases/AddStudent</property>
  <property name="description"></property>
  <property name="id">Test Cases/AddStudent</property>
  <property name="source">\\Users\\kedavidsa\\iCloud Drive (archivo)\\Documents\\Uniandes\\MISO4202-20192\\Taller\\TallerParejasMISO4202201920\\Test Cases\\AddStudent.tc</property>
  <property name="tag"></property>
  <property name="isOptional">false</property>
</record>
<record>
  <date>2019-09-22T22:34:10</date>
  <millis>1569209650814</millis>
  <sequence>57</sequence>
  <level>INFO</level>
  <class>com.kms.katalon.core.logging.XmlKeywordLogger</class>
  <method>logMessage</method>
  <thread>1</thread>
  <message>name = Yankee</message>
  <nestedLevel>1</nestedLevel>
</record>
<record>
  <date>2019-09-22T22:34:10</date>
  <millis>1569209650815</millis>
  <sequence>58</sequence>
  <level>INFO</level>
  <class>com.kms.katalon.core.logging.XmlKeywordLogger</class>
  <method>logMessage</method>
  <thread>1</thread>
  <message>last = Wooler</message>
  <nestedLevel>1</nestedLevel>
</record>
<record>
  <date>2019-09-22T22:34:10</date>
  <millis>1569209650816</millis>
  <sequence>59</sequence>
  <level>INFO</level>
  <class>com.kms.katalon.core.logging.XmlKeywordLogger</class>
  <method>logMessage</method>
  <thread>1</thread>
  <message>gender = Male</message>
  <nestedLevel>1</nestedLevel>
</record>
<record>
  <date>2019-09-22T22:34:10</date>
  <millis>1569209650816</millis>
  <sequence>60</sequence>
  <level>INFO</level>
  <class>com.kms.katalon.core.logging.XmlKeywordLogger</class>
  <method>logMessage</method>
  <thread>1</thread>
  <message>code = 23-7464793</message>
  <nestedLevel>1</nestedLevel>
</record>
<record>
  <date>2019-09-22T22:34:10</date>
  <millis>1569209650818</millis>
  <sequence>61</sequence>
  <level>INFO</level>
  <class>com.kms.katalon.core.logging.XmlKeywordLogger</class>
  <method>logMessage</method>
  <thread>1</thread>
  <message>country = Indonesia</message>
  <nestedLevel>1</nestedLevel>
</record>
<record>
  <date>2019-09-22T22:34:10</date>
  <millis>1569209650819</millis>
  <sequence>62</sequence>
  <level>INFO</level>
  <class>com.kms.katalon.core.logging.XmlKeywordLogger</class>
  <method>logMessage</method>
  <thread>1</thread>
  <message>city = Cisasak</message>
  <nestedLevel>1</nestedLevel>
</record>
<record>
  <date>2019-09-22T22:34:10</date>
  <millis>1569209650820</millis>
  <sequence>63</sequence>
  <level>INFO</level>
  <class>com.kms.katalon.core.logging.XmlKeywordLogger</class>
  <method>logMessage</method>
  <thread>1</thread>
  <message>university = Universitas Negeri Medan</message>
  <nestedLevel>1</nestedLevel>
</record>
<record>
  <date>2019-09-22T22:34:10</date>
  <millis>1569209650821</millis>
  <sequence>64</sequence>
  <level>START</level>
  <class>com.kms.katalon.core.logging.XmlKeywordLogger</class>
  <method>startKeyword</method>
  <thread>1</thread>
  <message>Start action : response = sendRequest(findTestObject(\&amp;quot;AddStudent\&amp;quot;, [\&amp;quot;name\&amp;quot;:$name, \&amp;quot;last\&amp;quot;:$last, \&amp;quot;gender\&amp;quot;:$gender, \&amp;quot;code\&amp;quot;:$code, \&amp;quot;country\&amp;quot;:$country, \&amp;quot;city\&amp;quot;:$city, \&amp;quot;university\&amp;quot;:$university]))</message>
  <nestedLevel>1</nestedLevel>
  <property name="startLine">16</property>
  <property name="stepIndex">1</property>
</record>
<record>
  <date>2019-09-22T22:34:11</date>
  <millis>1569209651210</millis>
  <sequence>67</sequence>
  <level>INFO</level>
  <class>com.kms.katalon.core.logging.XmlKeywordLogger</class>
  <method>logMessage</method>
  <thread>1</thread>
  <message>HAR: /Users/kedavidsa/iCloud Drive (archivo)/Documents/Uniandes/MISO4202-20192/Taller/TallerParejasMISO4202201920/Reports/AddStudent/20190922_223403/requests/main/2.har</message>
  <nestedLevel>1</nestedLevel>
  <property name="harId">2883dba6-3e2a-482c-9c93-068d1f3de466</property>
</record>
<record>
  <date>2019-09-22T22:34:11</date>
  <millis>1569209651221</millis>
  <sequence>68</sequence>
  <level>PASSED</level>
  <class>com.kms.katalon.core.logging.XmlKeywordLogger</class>
  <method>logMessage</method>
  <thread>1</thread>
  <message>Send request successfully</message>
  <nestedLevel>1</nestedLevel>
</record>
<record>
  <date>2019-09-22T22:34:11</date>
  <millis>1569209651222</millis>
  <sequence>69</sequence>
  <level>END</level>
  <class>com.kms.katalon.core.logging.XmlKeywordLogger</class>
  <method>endKeyword</method>
  <thread>1</thread>
  <message>End action : response = sendRequest(findTestObject(\&amp;quot;AddStudent\&amp;quot;, [\&amp;quot;name\&amp;quot;:$name, \&amp;quot;last\&amp;quot;:$last, \&amp;quot;gender\&amp;quot;:$gender, \&amp;quot;code\&amp;quot;:$code, \&amp;quot;country\&amp;quot;:$country, \&amp;quot;city\&amp;quot;:$city, \&amp;quot;university\&amp;quot;:$university]))</message>
  <nestedLevel>1</nestedLevel>
</record>
<record>
  <date>2019-09-22T22:34:11</date>
  <millis>1569209651222</millis>
  <sequence>70</sequence>
  <level>START</level>
  <class>com.kms.katalon.core.logging.XmlKeywordLogger</class>
  <method>startKeyword</method>
  <thread>1</thread>
  <message>Start action : verifyResponseStatusCode(response, 200)</message>
  <nestedLevel>1</nestedLevel>
  <property name="startLine">19</property>
  <property name="stepIndex">2</property>
</record>
<record>
  <date>2019-09-22T22:34:11</date>
  <millis>1569209651226</millis>
  <sequence>72</sequence>
  <level>PASSED</level>
  <class>com.kms.katalon.core.logging.XmlKeywordLogger</class>
  <method>logMessage</method>
  <thread>1</thread>
  <message>Verify response status code successfully</message>
  <nestedLevel>1</nestedLevel>
</record>
<record>
  <date>2019-09-22T22:34:11</date>
  <millis>1569209651227</millis>
  <sequence>73</sequence>
  <level>END</level>
  <class>com.kms.katalon.core.logging.XmlKeywordLogger</class>
  <method>endKeyword</method>
  <thread>1</thread>
  <message>End action : verifyResponseStatusCode(response, 200)</message>
  <nestedLevel>1</nestedLevel>
</record>
<record>
  <date>2019-09-22T22:34:11</date>
  <millis>1569209651228</millis>
  <sequence>74</sequence>
  <level>START</level>
  <class>com.kms.katalon.core.logging.XmlKeywordLogger</class>
  <method>startKeyword</method>
  <thread>1</thread>
  <message>Start action : verifyElementPropertyValue(response, \&amp;quot;status\&amp;quot;, \&amp;quot;success\&amp;quot;)</message>
  <nestedLevel>1</nestedLevel>
  <property name="startLine">21</property>
  <property name="stepIndex">3</property>
</record>
<record>
  <date>2019-09-22T22:34:11</date>
  <millis>1569209651258</millis>
  <sequence>76</sequence>
  <level>PASSED</level>
  <class>com.kms.katalon.core.logging.XmlKeywordLogger</class>
  <method>logMessage</method>
  <thread>1</thread>
  <message>Verify element property value successfully</message>
  <nestedLevel>1</nestedLevel>
</record>
<record>
  <date>2019-09-22T22:34:11</date>
  <millis>1569209651258</millis>
  <sequence>77</sequence>
  <level>END</level>
  <class>com.kms.katalon.core.logging.XmlKeywordLogger</class>
  <method>endKeyword</method>
  <thread>1</thread>
  <message>End action : verifyElementPropertyValue(response, \&amp;quot;status\&amp;quot;, \&amp;quot;success\&amp;quot;)</message>
  <nestedLevel>1</nestedLevel>
</record>
<record>
  <date>2019-09-22T22:34:11</date>
  <millis>1569209651259</millis>
  <sequence>78</sequence>
  <level>PASSED</level>
  <class>com.kms.katalon.core.logging.XmlKeywordLogger</class>
  <method>logMessage</method>
  <thread>1</thread>
  <message>Test Cases/AddStudent</message>
  <nestedLevel>1</nestedLevel>
</record>
<record>
  <date>2019-09-22T22:34:11</date>
  <millis>1569209651260</millis>
  <sequence>79</sequence>
  <level>END</level>
  <class>com.kms.katalon.core.logging.XmlKeywordLogger</class>
  <method>endTest</method>
  <thread>1</thread>
  <message>End Test Case : Test Cases/AddStudent</message>
  <nestedLevel>0</nestedLevel>
</record>
<record>
  <date>2019-09-22T22:34:11</date>
  <millis>1569209651270</millis>
  <sequence>80</sequence>
  <level>START</level>
  <class>com.kms.katalon.core.logging.XmlKeywordLogger</class>
  <method>startTest</method>
  <thread>1</thread>
  <message>Start Test Case : Test Cases/AddStudent</message>
  <nestedLevel>1</nestedLevel>
  <property name="name">Test Cases/AddStudent</property>
  <property name="description"></property>
  <property name="id">Test Cases/AddStudent</property>
  <property name="source">\\Users\\kedavidsa\\iCloud Drive (archivo)\\Documents\\Uniandes\\MISO4202-20192\\Taller\\TallerParejasMISO4202201920\\Test Cases\\AddStudent.tc</property>
  <property name="tag"></property>
  <property name="isOptional">false</property>
</record>
<record>
  <date>2019-09-22T22:34:11</date>
  <millis>1569209651281</millis>
  <sequence>82</sequence>
  <level>INFO</level>
  <class>com.kms.katalon.core.logging.XmlKeywordLogger</class>
  <method>logMessage</method>
  <thread>1</thread>
  <message>name = Lindsey</message>
  <nestedLevel>1</nestedLevel>
</record>
<record>
  <date>2019-09-22T22:34:11</date>
  <millis>1569209651281</millis>
  <sequence>83</sequence>
  <level>INFO</level>
  <class>com.kms.katalon.core.logging.XmlKeywordLogger</class>
  <method>logMessage</method>
  <thread>1</thread>
  <message>last = Bartaletti</message>
  <nestedLevel>1</nestedLevel>
</record>
<record>
  <date>2019-09-22T22:34:11</date>
  <millis>1569209651282</millis>
  <sequence>84</sequence>
  <level>INFO</level>
  <class>com.kms.katalon.core.logging.XmlKeywordLogger</class>
  <method>logMessage</method>
  <thread>1</thread>
  <message>gender = Male</message>
  <nestedLevel>1</nestedLevel>
</record>
<record>
  <date>2019-09-22T22:34:11</date>
  <millis>1569209651282</millis>
  <sequence>85</sequence>
  <level>INFO</level>
  <class>com.kms.katalon.core.logging.XmlKeywordLogger</class>
  <method>logMessage</method>
  <thread>1</thread>
  <message>code = 73-8826081</message>
  <nestedLevel>1</nestedLevel>
</record>
<record>
  <date>2019-09-22T22:34:11</date>
  <millis>1569209651283</millis>
  <sequence>86</sequence>
  <level>INFO</level>
  <class>com.kms.katalon.core.logging.XmlKeywordLogger</class>
  <method>logMessage</method>
  <thread>1</thread>
  <message>country = Thailand</message>
  <nestedLevel>1</nestedLevel>
</record>
<record>
  <date>2019-09-22T22:34:11</date>
  <millis>1569209651283</millis>
  <sequence>87</sequence>
  <level>INFO</level>
  <class>com.kms.katalon.core.logging.XmlKeywordLogger</class>
  <method>logMessage</method>
  <thread>1</thread>
  <message>city = Aranyaprathet</message>
  <nestedLevel>1</nestedLevel>
</record>
<record>
  <date>2019-09-22T22:34:11</date>
  <millis>1569209651284</millis>
  <sequence>88</sequence>
  <level>INFO</level>
  <class>com.kms.katalon.core.logging.XmlKeywordLogger</class>
  <method>logMessage</method>
  <thread>1</thread>
  <message>university = Huachiew Chalermprakiet University</message>
  <nestedLevel>1</nestedLevel>
</record>
<record>
  <date>2019-09-22T22:34:11</date>
  <millis>1569209651286</millis>
  <sequence>89</sequence>
  <level>START</level>
  <class>com.kms.katalon.core.logging.XmlKeywordLogger</class>
  <method>startKeyword</method>
  <thread>1</thread>
  <message>Start action : response = sendRequest(findTestObject(\&amp;quot;AddStudent\&amp;quot;, [\&amp;quot;name\&amp;quot;:$name, \&amp;quot;last\&amp;quot;:$last, \&amp;quot;gender\&amp;quot;:$gender, \&amp;quot;code\&amp;quot;:$code, \&amp;quot;country\&amp;quot;:$country, \&amp;quot;city\&amp;quot;:$city, \&amp;quot;university\&amp;quot;:$university]))</message>
  <nestedLevel>1</nestedLevel>
  <property name="startLine">16</property>
  <property name="stepIndex">1</property>
</record>
<record>
  <date>2019-09-22T22:34:11</date>
  <millis>1569209651647</millis>
  <sequence>92</sequence>
  <level>INFO</level>
  <class>com.kms.katalon.core.logging.XmlKeywordLogger</class>
  <method>logMessage</method>
  <thread>1</thread>
  <message>HAR: /Users/kedavidsa/iCloud Drive (archivo)/Documents/Uniandes/MISO4202-20192/Taller/TallerParejasMISO4202201920/Reports/AddStudent/20190922_223403/requests/main/3.har</message>
  <nestedLevel>1</nestedLevel>
  <property name="harId">de217f19-ebd6-454f-8ada-b438972e2dd7</property>
</record>
<record>
  <date>2019-09-22T22:34:11</date>
  <millis>1569209651658</millis>
  <sequence>93</sequence>
  <level>PASSED</level>
  <class>com.kms.katalon.core.logging.XmlKeywordLogger</class>
  <method>logMessage</method>
  <thread>1</thread>
  <message>Send request successfully</message>
  <nestedLevel>1</nestedLevel>
</record>
<record>
  <date>2019-09-22T22:34:11</date>
  <millis>1569209651659</millis>
  <sequence>94</sequence>
  <level>END</level>
  <class>com.kms.katalon.core.logging.XmlKeywordLogger</class>
  <method>endKeyword</method>
  <thread>1</thread>
  <message>End action : response = sendRequest(findTestObject(\&amp;quot;AddStudent\&amp;quot;, [\&amp;quot;name\&amp;quot;:$name, \&amp;quot;last\&amp;quot;:$last, \&amp;quot;gender\&amp;quot;:$gender, \&amp;quot;code\&amp;quot;:$code, \&amp;quot;country\&amp;quot;:$country, \&amp;quot;city\&amp;quot;:$city, \&amp;quot;university\&amp;quot;:$university]))</message>
  <nestedLevel>1</nestedLevel>
</record>
<record>
  <date>2019-09-22T22:34:11</date>
  <millis>1569209651659</millis>
  <sequence>95</sequence>
  <level>START</level>
  <class>com.kms.katalon.core.logging.XmlKeywordLogger</class>
  <method>startKeyword</method>
  <thread>1</thread>
  <message>Start action : verifyResponseStatusCode(response, 200)</message>
  <nestedLevel>1</nestedLevel>
  <property name="startLine">19</property>
  <property name="stepIndex">2</property>
</record>
<record>
  <date>2019-09-22T22:34:11</date>
  <millis>1569209651662</millis>
  <sequence>97</sequence>
  <level>PASSED</level>
  <class>com.kms.katalon.core.logging.XmlKeywordLogger</class>
  <method>logMessage</method>
  <thread>1</thread>
  <message>Verify response status code successfully</message>
  <nestedLevel>1</nestedLevel>
</record>
<record>
  <date>2019-09-22T22:34:11</date>
  <millis>1569209651663</millis>
  <sequence>98</sequence>
  <level>END</level>
  <class>com.kms.katalon.core.logging.XmlKeywordLogger</class>
  <method>endKeyword</method>
  <thread>1</thread>
  <message>End action : verifyResponseStatusCode(response, 200)</message>
  <nestedLevel>1</nestedLevel>
</record>
<record>
  <date>2019-09-22T22:34:11</date>
  <millis>1569209651663</millis>
  <sequence>99</sequence>
  <level>START</level>
  <class>com.kms.katalon.core.logging.XmlKeywordLogger</class>
  <method>startKeyword</method>
  <thread>1</thread>
  <message>Start action : verifyElementPropertyValue(response, \&amp;quot;status\&amp;quot;, \&amp;quot;success\&amp;quot;)</message>
  <nestedLevel>1</nestedLevel>
  <property name="startLine">21</property>
  <property name="stepIndex">3</property>
</record>
<record>
  <date>2019-09-22T22:34:11</date>
  <millis>1569209651693</millis>
  <sequence>101</sequence>
  <level>PASSED</level>
  <class>com.kms.katalon.core.logging.XmlKeywordLogger</class>
  <method>logMessage</method>
  <thread>1</thread>
  <message>Verify element property value successfully</message>
  <nestedLevel>1</nestedLevel>
</record>
<record>
  <date>2019-09-22T22:34:11</date>
  <millis>1569209651693</millis>
  <sequence>102</sequence>
  <level>END</level>
  <class>com.kms.katalon.core.logging.XmlKeywordLogger</class>
  <method>endKeyword</method>
  <thread>1</thread>
  <message>End action : verifyElementPropertyValue(response, \&amp;quot;status\&amp;quot;, \&amp;quot;success\&amp;quot;)</message>
  <nestedLevel>1</nestedLevel>
</record>
<record>
  <date>2019-09-22T22:34:11</date>
  <millis>1569209651694</millis>
  <sequence>103</sequence>
  <level>PASSED</level>
  <class>com.kms.katalon.core.logging.XmlKeywordLogger</class>
  <method>logMessage</method>
  <thread>1</thread>
  <message>Test Cases/AddStudent</message>
  <nestedLevel>1</nestedLevel>
</record>
<record>
  <date>2019-09-22T22:34:11</date>
  <millis>1569209651695</millis>
  <sequence>104</sequence>
  <level>END</level>
  <class>com.kms.katalon.core.logging.XmlKeywordLogger</class>
  <method>endTest</method>
  <thread>1</thread>
  <message>End Test Case : Test Cases/AddStudent</message>
  <nestedLevel>0</nestedLevel>
</record>
<record>
  <date>2019-09-22T22:34:11</date>
  <millis>1569209651701</millis>
  <sequence>105</sequence>
  <level>START</level>
  <class>com.kms.katalon.core.logging.XmlKeywordLogger</class>
  <method>startTest</method>
  <thread>1</thread>
  <message>Start Test Case : Test Cases/AddStudent</message>
  <nestedLevel>1</nestedLevel>
  <property name="name">Test Cases/AddStudent</property>
  <property name="description"></property>
  <property name="id">Test Cases/AddStudent</property>
  <property name="source">\\Users\\kedavidsa\\iCloud Drive (archivo)\\Documents\\Uniandes\\MISO4202-20192\\Taller\\TallerParejasMISO4202201920\\Test Cases\\AddStudent.tc</property>
  <property name="tag"></property>
  <property name="isOptional">false</property>
</record>
<record>
  <date>2019-09-22T22:34:11</date>
  <millis>1569209651710</millis>
  <sequence>107</sequence>
  <level>INFO</level>
  <class>com.kms.katalon.core.logging.XmlKeywordLogger</class>
  <method>logMessage</method>
  <thread>1</thread>
  <message>name = Max</message>
  <nestedLevel>1</nestedLevel>
</record>
<record>
  <date>2019-09-22T22:34:11</date>
  <millis>1569209651711</millis>
  <sequence>108</sequence>
  <level>INFO</level>
  <class>com.kms.katalon.core.logging.XmlKeywordLogger</class>
  <method>logMessage</method>
  <thread>1</thread>
  <message>last = Goracci</message>
  <nestedLevel>1</nestedLevel>
</record>
<record>
  <date>2019-09-22T22:34:11</date>
  <millis>1569209651711</millis>
  <sequence>109</sequence>
  <level>INFO</level>
  <class>com.kms.katalon.core.logging.XmlKeywordLogger</class>
  <method>logMessage</method>
  <thread>1</thread>
  <message>gender = Female</message>
  <nestedLevel>1</nestedLevel>
</record>
<record>
  <date>2019-09-22T22:34:11</date>
  <millis>1569209651715</millis>
  <sequence>110</sequence>
  <level>INFO</level>
  <class>com.kms.katalon.core.logging.XmlKeywordLogger</class>
  <method>logMessage</method>
  <thread>1</thread>
  <message>code = 27-7995889</message>
  <nestedLevel>1</nestedLevel>
</record>
<record>
  <date>2019-09-22T22:34:11</date>
  <millis>1569209651716</millis>
  <sequence>111</sequence>
  <level>INFO</level>
  <class>com.kms.katalon.core.logging.XmlKeywordLogger</class>
  <method>logMessage</method>
  <thread>1</thread>
  <message>country = Indonesia</message>
  <nestedLevel>1</nestedLevel>
</record>
<record>
  <date>2019-09-22T22:34:11</date>
  <millis>1569209651717</millis>
  <sequence>112</sequence>
  <level>INFO</level>
  <class>com.kms.katalon.core.logging.XmlKeywordLogger</class>
  <method>logMessage</method>
  <thread>1</thread>
  <message>city = Jinanten</message>
  <nestedLevel>1</nestedLevel>
</record>
<record>
  <date>2019-09-22T22:34:11</date>
  <millis>1569209651717</millis>
  <sequence>113</sequence>
  <level>INFO</level>
  <class>com.kms.katalon.core.logging.XmlKeywordLogger</class>
  <method>logMessage</method>
  <thread>1</thread>
  <message>university = Universitas Brawijaya</message>
  <nestedLevel>1</nestedLevel>
</record>
<record>
  <date>2019-09-22T22:34:11</date>
  <millis>1569209651719</millis>
  <sequence>114</sequence>
  <level>START</level>
  <class>com.kms.katalon.core.logging.XmlKeywordLogger</class>
  <method>startKeyword</method>
  <thread>1</thread>
  <message>Start action : response = sendRequest(findTestObject(\&amp;quot;AddStudent\&amp;quot;, [\&amp;quot;name\&amp;quot;:$name, \&amp;quot;last\&amp;quot;:$last, \&amp;quot;gender\&amp;quot;:$gender, \&amp;quot;code\&amp;quot;:$code, \&amp;quot;country\&amp;quot;:$country, \&amp;quot;city\&amp;quot;:$city, \&amp;quot;university\&amp;quot;:$university]))</message>
  <nestedLevel>1</nestedLevel>
  <property name="startLine">16</property>
  <property name="stepIndex">1</property>
</record>
<record>
  <date>2019-09-22T22:34:12</date>
  <millis>1569209652098</millis>
  <sequence>117</sequence>
  <level>INFO</level>
  <class>com.kms.katalon.core.logging.XmlKeywordLogger</class>
  <method>logMessage</method>
  <thread>1</thread>
  <message>HAR: /Users/kedavidsa/iCloud Drive (archivo)/Documents/Uniandes/MISO4202-20192/Taller/TallerParejasMISO4202201920/Reports/AddStudent/20190922_223403/requests/main/4.har</message>
  <nestedLevel>1</nestedLevel>
  <property name="harId">f40598aa-f3af-465b-8a9b-3d6e0a7671e1</property>
</record>
<record>
  <date>2019-09-22T22:34:12</date>
  <millis>1569209652100</millis>
  <sequence>118</sequence>
  <level>PASSED</level>
  <class>com.kms.katalon.core.logging.XmlKeywordLogger</class>
  <method>logMessage</method>
  <thread>1</thread>
  <message>Send request successfully</message>
  <nestedLevel>1</nestedLevel>
</record>
<record>
  <date>2019-09-22T22:34:12</date>
  <millis>1569209652101</millis>
  <sequence>119</sequence>
  <level>END</level>
  <class>com.kms.katalon.core.logging.XmlKeywordLogger</class>
  <method>endKeyword</method>
  <thread>1</thread>
  <message>End action : response = sendRequest(findTestObject(\&amp;quot;AddStudent\&amp;quot;, [\&amp;quot;name\&amp;quot;:$name, \&amp;quot;last\&amp;quot;:$last, \&amp;quot;gender\&amp;quot;:$gender, \&amp;quot;code\&amp;quot;:$code, \&amp;quot;country\&amp;quot;:$country, \&amp;quot;city\&amp;quot;:$city, \&amp;quot;university\&amp;quot;:$university]))</message>
  <nestedLevel>1</nestedLevel>
</record>
<record>
  <date>2019-09-22T22:34:12</date>
  <millis>1569209652101</millis>
  <sequence>120</sequence>
  <level>START</level>
  <class>com.kms.katalon.core.logging.XmlKeywordLogger</class>
  <method>startKeyword</method>
  <thread>1</thread>
  <message>Start action : verifyResponseStatusCode(response, 200)</message>
  <nestedLevel>1</nestedLevel>
  <property name="startLine">19</property>
  <property name="stepIndex">2</property>
</record>
<record>
  <date>2019-09-22T22:34:12</date>
  <millis>1569209652106</millis>
  <sequence>122</sequence>
  <level>PASSED</level>
  <class>com.kms.katalon.core.logging.XmlKeywordLogger</class>
  <method>logMessage</method>
  <thread>1</thread>
  <message>Verify response status code successfully</message>
  <nestedLevel>1</nestedLevel>
</record>
<record>
  <date>2019-09-22T22:34:12</date>
  <millis>1569209652107</millis>
  <sequence>123</sequence>
  <level>END</level>
  <class>com.kms.katalon.core.logging.XmlKeywordLogger</class>
  <method>endKeyword</method>
  <thread>1</thread>
  <message>End action : verifyResponseStatusCode(response, 200)</message>
  <nestedLevel>1</nestedLevel>
</record>
<record>
  <date>2019-09-22T22:34:12</date>
  <millis>1569209652108</millis>
  <sequence>124</sequence>
  <level>START</level>
  <class>com.kms.katalon.core.logging.XmlKeywordLogger</class>
  <method>startKeyword</method>
  <thread>1</thread>
  <message>Start action : verifyElementPropertyValue(response, \&amp;quot;status\&amp;quot;, \&amp;quot;success\&amp;quot;)</message>
  <nestedLevel>1</nestedLevel>
  <property name="startLine">21</property>
  <property name="stepIndex">3</property>
</record>
<record>
  <date>2019-09-22T22:34:12</date>
  <millis>1569209652134</millis>
  <sequence>126</sequence>
  <level>PASSED</level>
  <class>com.kms.katalon.core.logging.XmlKeywordLogger</class>
  <method>logMessage</method>
  <thread>1</thread>
  <message>Verify element property value successfully</message>
  <nestedLevel>1</nestedLevel>
</record>
<record>
  <date>2019-09-22T22:34:12</date>
  <millis>1569209652134</millis>
  <sequence>127</sequence>
  <level>END</level>
  <class>com.kms.katalon.core.logging.XmlKeywordLogger</class>
  <method>endKeyword</method>
  <thread>1</thread>
  <message>End action : verifyElementPropertyValue(response, \&amp;quot;status\&amp;quot;, \&amp;quot;success\&amp;quot;)</message>
  <nestedLevel>1</nestedLevel>
</record>
<record>
  <date>2019-09-22T22:34:12</date>
  <millis>1569209652135</millis>
  <sequence>128</sequence>
  <level>PASSED</level>
  <class>com.kms.katalon.core.logging.XmlKeywordLogger</class>
  <method>logMessage</method>
  <thread>1</thread>
  <message>Test Cases/AddStudent</message>
  <nestedLevel>1</nestedLevel>
</record>
<record>
  <date>2019-09-22T22:34:12</date>
  <millis>1569209652135</millis>
  <sequence>129</sequence>
  <level>END</level>
  <class>com.kms.katalon.core.logging.XmlKeywordLogger</class>
  <method>endTest</method>
  <thread>1</thread>
  <message>End Test Case : Test Cases/AddStudent</message>
  <nestedLevel>0</nestedLevel>
</record>
<record>
  <date>2019-09-22T22:34:12</date>
  <millis>1569209652234</millis>
  <sequence>130</sequence>
  <level>END</level>
  <class>com.kms.katalon.core.logging.XmlKeywordLogger</class>
  <method>endSuite</method>
  <thread>1</thread>
  <message>End Test Suite : Test Suites/AddStudent</message>
  <nestedLevel>0</nestedLevel>
</record>
</log>
