<?xml version="1.0" encoding="UTF-8" standalone="no"?>
<!DOCTYPE log SYSTEM "logger.dtd">
<log>
<record>
  <date>2019-09-22T22:12:59</date>
  <millis>1569208379185</millis>
  <sequence>0</sequence>
  <level>START</level>
  <class>com.kms.katalon.core.logging.XmlKeywordLogger</class>
  <method>startSuite</method>
  <thread>1</thread>
  <message>Start Test Suite : Test Suites/AddStudent</message>
  <nestedLevel>0</nestedLevel>
  <property name="name">AddStudent</property>
  <property name="description"></property>
  <property name="id">Test Suites/AddStudent</property>
</record>
<record>
  <date>2019-09-22T22:12:59</date>
  <millis>1569208379219</millis>
  <sequence>1</sequence>
  <level>RUN_DATA</level>
  <class>com.kms.katalon.core.logging.XmlKeywordLogger</class>
  <method>logMessage</method>
  <thread>1</thread>
  <message>hostName = kedavidsa - 192.168.0.18</message>
  <nestedLevel>0</nestedLevel>
  <property name="hostName">kedavidsa - 192.168.0.18</property>
</record>
<record>
  <date>2019-09-22T22:12:59</date>
  <millis>1569208379220</millis>
  <sequence>2</sequence>
  <level>RUN_DATA</level>
  <class>com.kms.katalon.core.logging.XmlKeywordLogger</class>
  <method>logMessage</method>
  <thread>1</thread>
  <message>os = Mac OS X 64bit</message>
  <nestedLevel>0</nestedLevel>
  <property name="os">Mac OS X 64bit</property>
</record>
<record>
  <date>2019-09-22T22:12:59</date>
  <millis>1569208379221</millis>
  <sequence>3</sequence>
  <level>RUN_DATA</level>
  <class>com.kms.katalon.core.logging.XmlKeywordLogger</class>
  <method>logMessage</method>
  <thread>1</thread>
  <message>hostAddress = 192.168.0.18</message>
  <nestedLevel>0</nestedLevel>
  <property name="hostAddress">192.168.0.18</property>
</record>
<record>
  <date>2019-09-22T22:12:59</date>
  <millis>1569208379225</millis>
  <sequence>4</sequence>
  <level>RUN_DATA</level>
  <class>com.kms.katalon.core.logging.XmlKeywordLogger</class>
  <method>logMessage</method>
  <thread>1</thread>
  <message>katalonVersion = 6.2.2.4</message>
  <nestedLevel>0</nestedLevel>
  <property name="katalonVersion">6.2.2.4</property>
</record>
<record>
  <date>2019-09-22T22:12:59</date>
  <millis>1569208379697</millis>
  <sequence>5</sequence>
  <level>START</level>
  <class>com.kms.katalon.core.logging.XmlKeywordLogger</class>
  <method>startTest</method>
  <thread>1</thread>
  <message>Start Test Case : Test Cases/AddStudent</message>
  <nestedLevel>1</nestedLevel>
  <property name="name">Test Cases/AddStudent</property>
  <property name="description"></property>
  <property name="id">Test Cases/AddStudent</property>
  <property name="source">\\Users\\kedavidsa\\iCloud Drive (archivo)\\Documents\\Uniandes\\MISO4202-20192\\Taller\\TallerParejasMISO4202201920\\Test Cases\\AddStudent.tc</property>
  <property name="tag"></property>
  <property name="isOptional">false</property>
</record>
<record>
  <date>2019-09-22T22:12:59</date>
  <millis>1569208379735</millis>
  <sequence>7</sequence>
  <level>INFO</level>
  <class>com.kms.katalon.core.logging.XmlKeywordLogger</class>
  <method>logMessage</method>
  <thread>1</thread>
  <message>name = Ninetta</message>
  <nestedLevel>1</nestedLevel>
</record>
<record>
  <date>2019-09-22T22:12:59</date>
  <millis>1569208379737</millis>
  <sequence>8</sequence>
  <level>INFO</level>
  <class>com.kms.katalon.core.logging.XmlKeywordLogger</class>
  <method>logMessage</method>
  <thread>1</thread>
  <message>last = Rakes</message>
  <nestedLevel>1</nestedLevel>
</record>
<record>
  <date>2019-09-22T22:12:59</date>
  <millis>1569208379738</millis>
  <sequence>9</sequence>
  <level>INFO</level>
  <class>com.kms.katalon.core.logging.XmlKeywordLogger</class>
  <method>logMessage</method>
  <thread>1</thread>
  <message>gender = Female</message>
  <nestedLevel>1</nestedLevel>
</record>
<record>
  <date>2019-09-22T22:12:59</date>
  <millis>1569208379738</millis>
  <sequence>10</sequence>
  <level>INFO</level>
  <class>com.kms.katalon.core.logging.XmlKeywordLogger</class>
  <method>logMessage</method>
  <thread>1</thread>
  <message>code = 88-7713396</message>
  <nestedLevel>1</nestedLevel>
</record>
<record>
  <date>2019-09-22T22:12:59</date>
  <millis>1569208379741</millis>
  <sequence>11</sequence>
  <level>INFO</level>
  <class>com.kms.katalon.core.logging.XmlKeywordLogger</class>
  <method>logMessage</method>
  <thread>1</thread>
  <message>country = China</message>
  <nestedLevel>1</nestedLevel>
</record>
<record>
  <date>2019-09-22T22:12:59</date>
  <millis>1569208379746</millis>
  <sequence>12</sequence>
  <level>INFO</level>
  <class>com.kms.katalon.core.logging.XmlKeywordLogger</class>
  <method>logMessage</method>
  <thread>1</thread>
  <message>city = Heyin</message>
  <nestedLevel>1</nestedLevel>
</record>
<record>
  <date>2019-09-22T22:12:59</date>
  <millis>1569208379748</millis>
  <sequence>13</sequence>
  <level>INFO</level>
  <class>com.kms.katalon.core.logging.XmlKeywordLogger</class>
  <method>logMessage</method>
  <thread>1</thread>
  <message>university = Harbin Institute of Technology</message>
  <nestedLevel>1</nestedLevel>
</record>
<record>
  <date>2019-09-22T22:13:00</date>
  <millis>1569208380234</millis>
  <sequence>14</sequence>
  <level>START</level>
  <class>com.kms.katalon.core.logging.XmlKeywordLogger</class>
  <method>startKeyword</method>
  <thread>1</thread>
  <message>Start action : response = sendRequest(findTestObject(\&amp;quot;AddStudent\&amp;quot;, [\&amp;quot;name\&amp;quot;:$name, \&amp;quot;last\&amp;quot;:$last, \&amp;quot;gender\&amp;quot;:$gender, \&amp;quot;code\&amp;quot;:$code, \&amp;quot;country\&amp;quot;:$country, \&amp;quot;city\&amp;quot;:$city, \&amp;quot;university\&amp;quot;:$university]))</message>
  <nestedLevel>1</nestedLevel>
  <property name="startLine">16</property>
  <property name="stepIndex">1</property>
</record>
<record>
  <date>2019-09-22T22:13:02</date>
  <millis>1569208382279</millis>
  <sequence>17</sequence>
  <level>INFO</level>
  <class>com.kms.katalon.core.logging.XmlKeywordLogger</class>
  <method>logMessage</method>
  <thread>1</thread>
  <message>HAR: /Users/kedavidsa/iCloud Drive (archivo)/Documents/Uniandes/MISO4202-20192/Taller/TallerParejasMISO4202201920/Reports/AddStudent/20190922_221255/requests/main/0.har</message>
  <nestedLevel>1</nestedLevel>
  <property name="harId">35a62de1-230c-447e-bb71-133c451d3829</property>
</record>
<record>
  <date>2019-09-22T22:13:02</date>
  <millis>1569208382431</millis>
  <sequence>18</sequence>
  <level>PASSED</level>
  <class>com.kms.katalon.core.logging.XmlKeywordLogger</class>
  <method>logMessage</method>
  <thread>1</thread>
  <message>Send request successfully</message>
  <nestedLevel>1</nestedLevel>
</record>
<record>
  <date>2019-09-22T22:13:02</date>
  <millis>1569208382432</millis>
  <sequence>19</sequence>
  <level>END</level>
  <class>com.kms.katalon.core.logging.XmlKeywordLogger</class>
  <method>endKeyword</method>
  <thread>1</thread>
  <message>End action : response = sendRequest(findTestObject(\&amp;quot;AddStudent\&amp;quot;, [\&amp;quot;name\&amp;quot;:$name, \&amp;quot;last\&amp;quot;:$last, \&amp;quot;gender\&amp;quot;:$gender, \&amp;quot;code\&amp;quot;:$code, \&amp;quot;country\&amp;quot;:$country, \&amp;quot;city\&amp;quot;:$city, \&amp;quot;university\&amp;quot;:$university]))</message>
  <nestedLevel>1</nestedLevel>
</record>
<record>
  <date>2019-09-22T22:13:02</date>
  <millis>1569208382433</millis>
  <sequence>20</sequence>
  <level>START</level>
  <class>com.kms.katalon.core.logging.XmlKeywordLogger</class>
  <method>startKeyword</method>
  <thread>1</thread>
  <message>Start action : verifyResponseStatusCode(response, 200)</message>
  <nestedLevel>1</nestedLevel>
  <property name="startLine">19</property>
  <property name="stepIndex">2</property>
</record>
<record>
  <date>2019-09-22T22:13:02</date>
  <millis>1569208382448</millis>
  <sequence>22</sequence>
  <level>PASSED</level>
  <class>com.kms.katalon.core.logging.XmlKeywordLogger</class>
  <method>logMessage</method>
  <thread>1</thread>
  <message>Verify response status code successfully</message>
  <nestedLevel>1</nestedLevel>
</record>
<record>
  <date>2019-09-22T22:13:02</date>
  <millis>1569208382449</millis>
  <sequence>23</sequence>
  <level>END</level>
  <class>com.kms.katalon.core.logging.XmlKeywordLogger</class>
  <method>endKeyword</method>
  <thread>1</thread>
  <message>End action : verifyResponseStatusCode(response, 200)</message>
  <nestedLevel>1</nestedLevel>
</record>
<record>
  <date>2019-09-22T22:13:02</date>
  <millis>1569208382450</millis>
  <sequence>24</sequence>
  <level>START</level>
  <class>com.kms.katalon.core.logging.XmlKeywordLogger</class>
  <method>startKeyword</method>
  <thread>1</thread>
  <message>Start action : verifyElementPropertyValue(response, \&amp;quot;status\&amp;quot;, \&amp;quot;success\&amp;quot;)</message>
  <nestedLevel>1</nestedLevel>
  <property name="startLine">21</property>
  <property name="stepIndex">3</property>
</record>
<record>
  <date>2019-09-22T22:13:02</date>
  <millis>1569208382583</millis>
  <sequence>26</sequence>
  <level>PASSED</level>
  <class>com.kms.katalon.core.logging.XmlKeywordLogger</class>
  <method>logMessage</method>
  <thread>1</thread>
  <message>Verify element property value successfully</message>
  <nestedLevel>1</nestedLevel>
</record>
<record>
  <date>2019-09-22T22:13:02</date>
  <millis>1569208382588</millis>
  <sequence>27</sequence>
  <level>END</level>
  <class>com.kms.katalon.core.logging.XmlKeywordLogger</class>
  <method>endKeyword</method>
  <thread>1</thread>
  <message>End action : verifyElementPropertyValue(response, \&amp;quot;status\&amp;quot;, \&amp;quot;success\&amp;quot;)</message>
  <nestedLevel>1</nestedLevel>
</record>
<record>
  <date>2019-09-22T22:13:02</date>
  <millis>1569208382589</millis>
  <sequence>28</sequence>
  <level>PASSED</level>
  <class>com.kms.katalon.core.logging.XmlKeywordLogger</class>
  <method>logMessage</method>
  <thread>1</thread>
  <message>Test Cases/AddStudent</message>
  <nestedLevel>1</nestedLevel>
</record>
<record>
  <date>2019-09-22T22:13:02</date>
  <millis>1569208382590</millis>
  <sequence>29</sequence>
  <level>END</level>
  <class>com.kms.katalon.core.logging.XmlKeywordLogger</class>
  <method>endTest</method>
  <thread>1</thread>
  <message>End Test Case : Test Cases/AddStudent</message>
  <nestedLevel>0</nestedLevel>
</record>
<record>
  <date>2019-09-22T22:13:02</date>
  <millis>1569208382608</millis>
  <sequence>30</sequence>
  <level>START</level>
  <class>com.kms.katalon.core.logging.XmlKeywordLogger</class>
  <method>startTest</method>
  <thread>1</thread>
  <message>Start Test Case : Test Cases/AddStudent</message>
  <nestedLevel>1</nestedLevel>
  <property name="name">Test Cases/AddStudent</property>
  <property name="description"></property>
  <property name="id">Test Cases/AddStudent</property>
  <property name="source">\\Users\\kedavidsa\\iCloud Drive (archivo)\\Documents\\Uniandes\\MISO4202-20192\\Taller\\TallerParejasMISO4202201920\\Test Cases\\AddStudent.tc</property>
  <property name="tag"></property>
  <property name="isOptional">false</property>
</record>
<record>
  <date>2019-09-22T22:13:02</date>
  <millis>1569208382622</millis>
  <sequence>32</sequence>
  <level>INFO</level>
  <class>com.kms.katalon.core.logging.XmlKeywordLogger</class>
  <method>logMessage</method>
  <thread>1</thread>
  <message>name = Witty</message>
  <nestedLevel>1</nestedLevel>
</record>
<record>
  <date>2019-09-22T22:13:02</date>
  <millis>1569208382623</millis>
  <sequence>33</sequence>
  <level>INFO</level>
  <class>com.kms.katalon.core.logging.XmlKeywordLogger</class>
  <method>logMessage</method>
  <thread>1</thread>
  <message>last = Tewkesbury.</message>
  <nestedLevel>1</nestedLevel>
</record>
<record>
  <date>2019-09-22T22:13:02</date>
  <millis>1569208382623</millis>
  <sequence>34</sequence>
  <level>INFO</level>
  <class>com.kms.katalon.core.logging.XmlKeywordLogger</class>
  <method>logMessage</method>
  <thread>1</thread>
  <message>gender = Male</message>
  <nestedLevel>1</nestedLevel>
</record>
<record>
  <date>2019-09-22T22:13:02</date>
  <millis>1569208382624</millis>
  <sequence>35</sequence>
  <level>INFO</level>
  <class>com.kms.katalon.core.logging.XmlKeywordLogger</class>
  <method>logMessage</method>
  <thread>1</thread>
  <message>code = 78-6402515</message>
  <nestedLevel>1</nestedLevel>
</record>
<record>
  <date>2019-09-22T22:13:02</date>
  <millis>1569208382625</millis>
  <sequence>36</sequence>
  <level>INFO</level>
  <class>com.kms.katalon.core.logging.XmlKeywordLogger</class>
  <method>logMessage</method>
  <thread>1</thread>
  <message>country = Slovakia</message>
  <nestedLevel>1</nestedLevel>
</record>
<record>
  <date>2019-09-22T22:13:02</date>
  <millis>1569208382625</millis>
  <sequence>37</sequence>
  <level>INFO</level>
  <class>com.kms.katalon.core.logging.XmlKeywordLogger</class>
  <method>logMessage</method>
  <thread>1</thread>
  <message>city = Bratislava</message>
  <nestedLevel>1</nestedLevel>
</record>
<record>
  <date>2019-09-22T22:13:02</date>
  <millis>1569208382626</millis>
  <sequence>38</sequence>
  <level>INFO</level>
  <class>com.kms.katalon.core.logging.XmlKeywordLogger</class>
  <method>logMessage</method>
  <thread>1</thread>
  <message>university = University of SV Cyril and Methodius in Trnava</message>
  <nestedLevel>1</nestedLevel>
</record>
<record>
  <date>2019-09-22T22:13:02</date>
  <millis>1569208382628</millis>
  <sequence>39</sequence>
  <level>START</level>
  <class>com.kms.katalon.core.logging.XmlKeywordLogger</class>
  <method>startKeyword</method>
  <thread>1</thread>
  <message>Start action : response = sendRequest(findTestObject(\&amp;quot;AddStudent\&amp;quot;, [\&amp;quot;name\&amp;quot;:$name, \&amp;quot;last\&amp;quot;:$last, \&amp;quot;gender\&amp;quot;:$gender, \&amp;quot;code\&amp;quot;:$code, \&amp;quot;country\&amp;quot;:$country, \&amp;quot;city\&amp;quot;:$city, \&amp;quot;university\&amp;quot;:$university]))</message>
  <nestedLevel>1</nestedLevel>
  <property name="startLine">16</property>
  <property name="stepIndex">1</property>
</record>
<record>
  <date>2019-09-22T22:13:03</date>
  <millis>1569208383196</millis>
  <sequence>42</sequence>
  <level>INFO</level>
  <class>com.kms.katalon.core.logging.XmlKeywordLogger</class>
  <method>logMessage</method>
  <thread>1</thread>
  <message>HAR: /Users/kedavidsa/iCloud Drive (archivo)/Documents/Uniandes/MISO4202-20192/Taller/TallerParejasMISO4202201920/Reports/AddStudent/20190922_221255/requests/main/1.har</message>
  <nestedLevel>1</nestedLevel>
  <property name="harId">d7b53503-d253-4c57-8d64-c66ae97ab350</property>
</record>
<record>
  <date>2019-09-22T22:13:03</date>
  <millis>1569208383207</millis>
  <sequence>43</sequence>
  <level>PASSED</level>
  <class>com.kms.katalon.core.logging.XmlKeywordLogger</class>
  <method>logMessage</method>
  <thread>1</thread>
  <message>Send request successfully</message>
  <nestedLevel>1</nestedLevel>
</record>
<record>
  <date>2019-09-22T22:13:03</date>
  <millis>1569208383207</millis>
  <sequence>44</sequence>
  <level>END</level>
  <class>com.kms.katalon.core.logging.XmlKeywordLogger</class>
  <method>endKeyword</method>
  <thread>1</thread>
  <message>End action : response = sendRequest(findTestObject(\&amp;quot;AddStudent\&amp;quot;, [\&amp;quot;name\&amp;quot;:$name, \&amp;quot;last\&amp;quot;:$last, \&amp;quot;gender\&amp;quot;:$gender, \&amp;quot;code\&amp;quot;:$code, \&amp;quot;country\&amp;quot;:$country, \&amp;quot;city\&amp;quot;:$city, \&amp;quot;university\&amp;quot;:$university]))</message>
  <nestedLevel>1</nestedLevel>
</record>
<record>
  <date>2019-09-22T22:13:03</date>
  <millis>1569208383208</millis>
  <sequence>45</sequence>
  <level>START</level>
  <class>com.kms.katalon.core.logging.XmlKeywordLogger</class>
  <method>startKeyword</method>
  <thread>1</thread>
  <message>Start action : verifyResponseStatusCode(response, 200)</message>
  <nestedLevel>1</nestedLevel>
  <property name="startLine">19</property>
  <property name="stepIndex">2</property>
</record>
<record>
  <date>2019-09-22T22:13:03</date>
  <millis>1569208383212</millis>
  <sequence>47</sequence>
  <level>PASSED</level>
  <class>com.kms.katalon.core.logging.XmlKeywordLogger</class>
  <method>logMessage</method>
  <thread>1</thread>
  <message>Verify response status code successfully</message>
  <nestedLevel>1</nestedLevel>
</record>
<record>
  <date>2019-09-22T22:13:03</date>
  <millis>1569208383213</millis>
  <sequence>48</sequence>
  <level>END</level>
  <class>com.kms.katalon.core.logging.XmlKeywordLogger</class>
  <method>endKeyword</method>
  <thread>1</thread>
  <message>End action : verifyResponseStatusCode(response, 200)</message>
  <nestedLevel>1</nestedLevel>
</record>
<record>
  <date>2019-09-22T22:13:03</date>
  <millis>1569208383213</millis>
  <sequence>49</sequence>
  <level>START</level>
  <class>com.kms.katalon.core.logging.XmlKeywordLogger</class>
  <method>startKeyword</method>
  <thread>1</thread>
  <message>Start action : verifyElementPropertyValue(response, \&amp;quot;status\&amp;quot;, \&amp;quot;success\&amp;quot;)</message>
  <nestedLevel>1</nestedLevel>
  <property name="startLine">21</property>
  <property name="stepIndex">3</property>
</record>
<record>
  <date>2019-09-22T22:13:03</date>
  <millis>1569208383238</millis>
  <sequence>51</sequence>
  <level>PASSED</level>
  <class>com.kms.katalon.core.logging.XmlKeywordLogger</class>
  <method>logMessage</method>
  <thread>1</thread>
  <message>Verify element property value successfully</message>
  <nestedLevel>1</nestedLevel>
</record>
<record>
  <date>2019-09-22T22:13:03</date>
  <millis>1569208383238</millis>
  <sequence>52</sequence>
  <level>END</level>
  <class>com.kms.katalon.core.logging.XmlKeywordLogger</class>
  <method>endKeyword</method>
  <thread>1</thread>
  <message>End action : verifyElementPropertyValue(response, \&amp;quot;status\&amp;quot;, \&amp;quot;success\&amp;quot;)</message>
  <nestedLevel>1</nestedLevel>
</record>
<record>
  <date>2019-09-22T22:13:03</date>
  <millis>1569208383239</millis>
  <sequence>53</sequence>
  <level>PASSED</level>
  <class>com.kms.katalon.core.logging.XmlKeywordLogger</class>
  <method>logMessage</method>
  <thread>1</thread>
  <message>Test Cases/AddStudent</message>
  <nestedLevel>1</nestedLevel>
</record>
<record>
  <date>2019-09-22T22:13:03</date>
  <millis>1569208383239</millis>
  <sequence>54</sequence>
  <level>END</level>
  <class>com.kms.katalon.core.logging.XmlKeywordLogger</class>
  <method>endTest</method>
  <thread>1</thread>
  <message>End Test Case : Test Cases/AddStudent</message>
  <nestedLevel>0</nestedLevel>
</record>
<record>
  <date>2019-09-22T22:13:03</date>
  <millis>1569208383244</millis>
  <sequence>55</sequence>
  <level>START</level>
  <class>com.kms.katalon.core.logging.XmlKeywordLogger</class>
  <method>startTest</method>
  <thread>1</thread>
  <message>Start Test Case : Test Cases/AddStudent</message>
  <nestedLevel>1</nestedLevel>
  <property name="name">Test Cases/AddStudent</property>
  <property name="description"></property>
  <property name="id">Test Cases/AddStudent</property>
  <property name="source">\\Users\\kedavidsa\\iCloud Drive (archivo)\\Documents\\Uniandes\\MISO4202-20192\\Taller\\TallerParejasMISO4202201920\\Test Cases\\AddStudent.tc</property>
  <property name="tag"></property>
  <property name="isOptional">false</property>
</record>
<record>
  <date>2019-09-22T22:13:03</date>
  <millis>1569208383254</millis>
  <sequence>57</sequence>
  <level>INFO</level>
  <class>com.kms.katalon.core.logging.XmlKeywordLogger</class>
  <method>logMessage</method>
  <thread>1</thread>
  <message>name = Yankee</message>
  <nestedLevel>1</nestedLevel>
</record>
<record>
  <date>2019-09-22T22:13:03</date>
  <millis>1569208383255</millis>
  <sequence>58</sequence>
  <level>INFO</level>
  <class>com.kms.katalon.core.logging.XmlKeywordLogger</class>
  <method>logMessage</method>
  <thread>1</thread>
  <message>last = Wooler</message>
  <nestedLevel>1</nestedLevel>
</record>
<record>
  <date>2019-09-22T22:13:03</date>
  <millis>1569208383255</millis>
  <sequence>59</sequence>
  <level>INFO</level>
  <class>com.kms.katalon.core.logging.XmlKeywordLogger</class>
  <method>logMessage</method>
  <thread>1</thread>
  <message>gender = Male</message>
  <nestedLevel>1</nestedLevel>
</record>
<record>
  <date>2019-09-22T22:13:03</date>
  <millis>1569208383256</millis>
  <sequence>60</sequence>
  <level>INFO</level>
  <class>com.kms.katalon.core.logging.XmlKeywordLogger</class>
  <method>logMessage</method>
  <thread>1</thread>
  <message>code = 23-7464793</message>
  <nestedLevel>1</nestedLevel>
</record>
<record>
  <date>2019-09-22T22:13:03</date>
  <millis>1569208383257</millis>
  <sequence>61</sequence>
  <level>INFO</level>
  <class>com.kms.katalon.core.logging.XmlKeywordLogger</class>
  <method>logMessage</method>
  <thread>1</thread>
  <message>country = Indonesia</message>
  <nestedLevel>1</nestedLevel>
</record>
<record>
  <date>2019-09-22T22:13:03</date>
  <millis>1569208383259</millis>
  <sequence>62</sequence>
  <level>INFO</level>
  <class>com.kms.katalon.core.logging.XmlKeywordLogger</class>
  <method>logMessage</method>
  <thread>1</thread>
  <message>city = Cisasak</message>
  <nestedLevel>1</nestedLevel>
</record>
<record>
  <date>2019-09-22T22:13:03</date>
  <millis>1569208383260</millis>
  <sequence>63</sequence>
  <level>INFO</level>
  <class>com.kms.katalon.core.logging.XmlKeywordLogger</class>
  <method>logMessage</method>
  <thread>1</thread>
  <message>university = Universitas Negeri Medan</message>
  <nestedLevel>1</nestedLevel>
</record>
<record>
  <date>2019-09-22T22:13:03</date>
  <millis>1569208383262</millis>
  <sequence>64</sequence>
  <level>START</level>
  <class>com.kms.katalon.core.logging.XmlKeywordLogger</class>
  <method>startKeyword</method>
  <thread>1</thread>
  <message>Start action : response = sendRequest(findTestObject(\&amp;quot;AddStudent\&amp;quot;, [\&amp;quot;name\&amp;quot;:$name, \&amp;quot;last\&amp;quot;:$last, \&amp;quot;gender\&amp;quot;:$gender, \&amp;quot;code\&amp;quot;:$code, \&amp;quot;country\&amp;quot;:$country, \&amp;quot;city\&amp;quot;:$city, \&amp;quot;university\&amp;quot;:$university]))</message>
  <nestedLevel>1</nestedLevel>
  <property name="startLine">16</property>
  <property name="stepIndex">1</property>
</record>
<record>
  <date>2019-09-22T22:13:03</date>
  <millis>1569208383821</millis>
  <sequence>67</sequence>
  <level>INFO</level>
  <class>com.kms.katalon.core.logging.XmlKeywordLogger</class>
  <method>logMessage</method>
  <thread>1</thread>
  <message>HAR: /Users/kedavidsa/iCloud Drive (archivo)/Documents/Uniandes/MISO4202-20192/Taller/TallerParejasMISO4202201920/Reports/AddStudent/20190922_221255/requests/main/2.har</message>
  <nestedLevel>1</nestedLevel>
  <property name="harId">9d577338-779e-4729-87e8-2cc9f5e76669</property>
</record>
<record>
  <date>2019-09-22T22:13:03</date>
  <millis>1569208383831</millis>
  <sequence>68</sequence>
  <level>PASSED</level>
  <class>com.kms.katalon.core.logging.XmlKeywordLogger</class>
  <method>logMessage</method>
  <thread>1</thread>
  <message>Send request successfully</message>
  <nestedLevel>1</nestedLevel>
</record>
<record>
  <date>2019-09-22T22:13:03</date>
  <millis>1569208383832</millis>
  <sequence>69</sequence>
  <level>END</level>
  <class>com.kms.katalon.core.logging.XmlKeywordLogger</class>
  <method>endKeyword</method>
  <thread>1</thread>
  <message>End action : response = sendRequest(findTestObject(\&amp;quot;AddStudent\&amp;quot;, [\&amp;quot;name\&amp;quot;:$name, \&amp;quot;last\&amp;quot;:$last, \&amp;quot;gender\&amp;quot;:$gender, \&amp;quot;code\&amp;quot;:$code, \&amp;quot;country\&amp;quot;:$country, \&amp;quot;city\&amp;quot;:$city, \&amp;quot;university\&amp;quot;:$university]))</message>
  <nestedLevel>1</nestedLevel>
</record>
<record>
  <date>2019-09-22T22:13:03</date>
  <millis>1569208383832</millis>
  <sequence>70</sequence>
  <level>START</level>
  <class>com.kms.katalon.core.logging.XmlKeywordLogger</class>
  <method>startKeyword</method>
  <thread>1</thread>
  <message>Start action : verifyResponseStatusCode(response, 200)</message>
  <nestedLevel>1</nestedLevel>
  <property name="startLine">19</property>
  <property name="stepIndex">2</property>
</record>
<record>
  <date>2019-09-22T22:13:03</date>
  <millis>1569208383836</millis>
  <sequence>72</sequence>
  <level>PASSED</level>
  <class>com.kms.katalon.core.logging.XmlKeywordLogger</class>
  <method>logMessage</method>
  <thread>1</thread>
  <message>Verify response status code successfully</message>
  <nestedLevel>1</nestedLevel>
</record>
<record>
  <date>2019-09-22T22:13:03</date>
  <millis>1569208383837</millis>
  <sequence>73</sequence>
  <level>END</level>
  <class>com.kms.katalon.core.logging.XmlKeywordLogger</class>
  <method>endKeyword</method>
  <thread>1</thread>
  <message>End action : verifyResponseStatusCode(response, 200)</message>
  <nestedLevel>1</nestedLevel>
</record>
<record>
  <date>2019-09-22T22:13:03</date>
  <millis>1569208383837</millis>
  <sequence>74</sequence>
  <level>START</level>
  <class>com.kms.katalon.core.logging.XmlKeywordLogger</class>
  <method>startKeyword</method>
  <thread>1</thread>
  <message>Start action : verifyElementPropertyValue(response, \&amp;quot;status\&amp;quot;, \&amp;quot;success\&amp;quot;)</message>
  <nestedLevel>1</nestedLevel>
  <property name="startLine">21</property>
  <property name="stepIndex">3</property>
</record>
<record>
  <date>2019-09-22T22:13:03</date>
  <millis>1569208383863</millis>
  <sequence>76</sequence>
  <level>PASSED</level>
  <class>com.kms.katalon.core.logging.XmlKeywordLogger</class>
  <method>logMessage</method>
  <thread>1</thread>
  <message>Verify element property value successfully</message>
  <nestedLevel>1</nestedLevel>
</record>
<record>
  <date>2019-09-22T22:13:03</date>
  <millis>1569208383863</millis>
  <sequence>77</sequence>
  <level>END</level>
  <class>com.kms.katalon.core.logging.XmlKeywordLogger</class>
  <method>endKeyword</method>
  <thread>1</thread>
  <message>End action : verifyElementPropertyValue(response, \&amp;quot;status\&amp;quot;, \&amp;quot;success\&amp;quot;)</message>
  <nestedLevel>1</nestedLevel>
</record>
<record>
  <date>2019-09-22T22:13:03</date>
  <millis>1569208383864</millis>
  <sequence>78</sequence>
  <level>PASSED</level>
  <class>com.kms.katalon.core.logging.XmlKeywordLogger</class>
  <method>logMessage</method>
  <thread>1</thread>
  <message>Test Cases/AddStudent</message>
  <nestedLevel>1</nestedLevel>
</record>
<record>
  <date>2019-09-22T22:13:03</date>
  <millis>1569208383865</millis>
  <sequence>79</sequence>
  <level>END</level>
  <class>com.kms.katalon.core.logging.XmlKeywordLogger</class>
  <method>endTest</method>
  <thread>1</thread>
  <message>End Test Case : Test Cases/AddStudent</message>
  <nestedLevel>0</nestedLevel>
</record>
<record>
  <date>2019-09-22T22:13:03</date>
  <millis>1569208383870</millis>
  <sequence>80</sequence>
  <level>START</level>
  <class>com.kms.katalon.core.logging.XmlKeywordLogger</class>
  <method>startTest</method>
  <thread>1</thread>
  <message>Start Test Case : Test Cases/AddStudent</message>
  <nestedLevel>1</nestedLevel>
  <property name="name">Test Cases/AddStudent</property>
  <property name="description"></property>
  <property name="id">Test Cases/AddStudent</property>
  <property name="source">\\Users\\kedavidsa\\iCloud Drive (archivo)\\Documents\\Uniandes\\MISO4202-20192\\Taller\\TallerParejasMISO4202201920\\Test Cases\\AddStudent.tc</property>
  <property name="tag"></property>
  <property name="isOptional">false</property>
</record>
<record>
  <date>2019-09-22T22:13:03</date>
  <millis>1569208383881</millis>
  <sequence>82</sequence>
  <level>INFO</level>
  <class>com.kms.katalon.core.logging.XmlKeywordLogger</class>
  <method>logMessage</method>
  <thread>1</thread>
  <message>name = Lindsey</message>
  <nestedLevel>1</nestedLevel>
</record>
<record>
  <date>2019-09-22T22:13:03</date>
  <millis>1569208383882</millis>
  <sequence>83</sequence>
  <level>INFO</level>
  <class>com.kms.katalon.core.logging.XmlKeywordLogger</class>
  <method>logMessage</method>
  <thread>1</thread>
  <message>last = Bartaletti</message>
  <nestedLevel>1</nestedLevel>
</record>
<record>
  <date>2019-09-22T22:13:03</date>
  <millis>1569208383883</millis>
  <sequence>84</sequence>
  <level>INFO</level>
  <class>com.kms.katalon.core.logging.XmlKeywordLogger</class>
  <method>logMessage</method>
  <thread>1</thread>
  <message>gender = Male</message>
  <nestedLevel>1</nestedLevel>
</record>
<record>
  <date>2019-09-22T22:13:03</date>
  <millis>1569208383883</millis>
  <sequence>85</sequence>
  <level>INFO</level>
  <class>com.kms.katalon.core.logging.XmlKeywordLogger</class>
  <method>logMessage</method>
  <thread>1</thread>
  <message>code = 73-8826081</message>
  <nestedLevel>1</nestedLevel>
</record>
<record>
  <date>2019-09-22T22:13:03</date>
  <millis>1569208383884</millis>
  <sequence>86</sequence>
  <level>INFO</level>
  <class>com.kms.katalon.core.logging.XmlKeywordLogger</class>
  <method>logMessage</method>
  <thread>1</thread>
  <message>country = Thailand</message>
  <nestedLevel>1</nestedLevel>
</record>
<record>
  <date>2019-09-22T22:13:03</date>
  <millis>1569208383884</millis>
  <sequence>87</sequence>
  <level>INFO</level>
  <class>com.kms.katalon.core.logging.XmlKeywordLogger</class>
  <method>logMessage</method>
  <thread>1</thread>
  <message>city = Aranyaprathet</message>
  <nestedLevel>1</nestedLevel>
</record>
<record>
  <date>2019-09-22T22:13:03</date>
  <millis>1569208383885</millis>
  <sequence>88</sequence>
  <level>INFO</level>
  <class>com.kms.katalon.core.logging.XmlKeywordLogger</class>
  <method>logMessage</method>
  <thread>1</thread>
  <message>university = Huachiew Chalermprakiet University</message>
  <nestedLevel>1</nestedLevel>
</record>
<record>
  <date>2019-09-22T22:13:03</date>
  <millis>1569208383887</millis>
  <sequence>89</sequence>
  <level>START</level>
  <class>com.kms.katalon.core.logging.XmlKeywordLogger</class>
  <method>startKeyword</method>
  <thread>1</thread>
  <message>Start action : response = sendRequest(findTestObject(\&amp;quot;AddStudent\&amp;quot;, [\&amp;quot;name\&amp;quot;:$name, \&amp;quot;last\&amp;quot;:$last, \&amp;quot;gender\&amp;quot;:$gender, \&amp;quot;code\&amp;quot;:$code, \&amp;quot;country\&amp;quot;:$country, \&amp;quot;city\&amp;quot;:$city, \&amp;quot;university\&amp;quot;:$university]))</message>
  <nestedLevel>1</nestedLevel>
  <property name="startLine">16</property>
  <property name="stepIndex">1</property>
</record>
<record>
  <date>2019-09-22T22:13:04</date>
  <millis>1569208384388</millis>
  <sequence>92</sequence>
  <level>INFO</level>
  <class>com.kms.katalon.core.logging.XmlKeywordLogger</class>
  <method>logMessage</method>
  <thread>1</thread>
  <message>HAR: /Users/kedavidsa/iCloud Drive (archivo)/Documents/Uniandes/MISO4202-20192/Taller/TallerParejasMISO4202201920/Reports/AddStudent/20190922_221255/requests/main/3.har</message>
  <nestedLevel>1</nestedLevel>
  <property name="harId">a7206756-a725-4880-9aac-8131b513f862</property>
</record>
<record>
  <date>2019-09-22T22:13:04</date>
  <millis>1569208384399</millis>
  <sequence>93</sequence>
  <level>PASSED</level>
  <class>com.kms.katalon.core.logging.XmlKeywordLogger</class>
  <method>logMessage</method>
  <thread>1</thread>
  <message>Send request successfully</message>
  <nestedLevel>1</nestedLevel>
</record>
<record>
  <date>2019-09-22T22:13:04</date>
  <millis>1569208384402</millis>
  <sequence>94</sequence>
  <level>END</level>
  <class>com.kms.katalon.core.logging.XmlKeywordLogger</class>
  <method>endKeyword</method>
  <thread>1</thread>
  <message>End action : response = sendRequest(findTestObject(\&amp;quot;AddStudent\&amp;quot;, [\&amp;quot;name\&amp;quot;:$name, \&amp;quot;last\&amp;quot;:$last, \&amp;quot;gender\&amp;quot;:$gender, \&amp;quot;code\&amp;quot;:$code, \&amp;quot;country\&amp;quot;:$country, \&amp;quot;city\&amp;quot;:$city, \&amp;quot;university\&amp;quot;:$university]))</message>
  <nestedLevel>1</nestedLevel>
</record>
<record>
  <date>2019-09-22T22:13:04</date>
  <millis>1569208384403</millis>
  <sequence>95</sequence>
  <level>START</level>
  <class>com.kms.katalon.core.logging.XmlKeywordLogger</class>
  <method>startKeyword</method>
  <thread>1</thread>
  <message>Start action : verifyResponseStatusCode(response, 200)</message>
  <nestedLevel>1</nestedLevel>
  <property name="startLine">19</property>
  <property name="stepIndex">2</property>
</record>
<record>
  <date>2019-09-22T22:13:04</date>
  <millis>1569208384406</millis>
  <sequence>97</sequence>
  <level>PASSED</level>
  <class>com.kms.katalon.core.logging.XmlKeywordLogger</class>
  <method>logMessage</method>
  <thread>1</thread>
  <message>Verify response status code successfully</message>
  <nestedLevel>1</nestedLevel>
</record>
<record>
  <date>2019-09-22T22:13:04</date>
  <millis>1569208384406</millis>
  <sequence>98</sequence>
  <level>END</level>
  <class>com.kms.katalon.core.logging.XmlKeywordLogger</class>
  <method>endKeyword</method>
  <thread>1</thread>
  <message>End action : verifyResponseStatusCode(response, 200)</message>
  <nestedLevel>1</nestedLevel>
</record>
<record>
  <date>2019-09-22T22:13:04</date>
  <millis>1569208384407</millis>
  <sequence>99</sequence>
  <level>START</level>
  <class>com.kms.katalon.core.logging.XmlKeywordLogger</class>
  <method>startKeyword</method>
  <thread>1</thread>
  <message>Start action : verifyElementPropertyValue(response, \&amp;quot;status\&amp;quot;, \&amp;quot;success\&amp;quot;)</message>
  <nestedLevel>1</nestedLevel>
  <property name="startLine">21</property>
  <property name="stepIndex">3</property>
</record>
<record>
  <date>2019-09-22T22:13:04</date>
  <millis>1569208384444</millis>
  <sequence>101</sequence>
  <level>PASSED</level>
  <class>com.kms.katalon.core.logging.XmlKeywordLogger</class>
  <method>logMessage</method>
  <thread>1</thread>
  <message>Verify element property value successfully</message>
  <nestedLevel>1</nestedLevel>
</record>
<record>
  <date>2019-09-22T22:13:04</date>
  <millis>1569208384446</millis>
  <sequence>102</sequence>
  <level>END</level>
  <class>com.kms.katalon.core.logging.XmlKeywordLogger</class>
  <method>endKeyword</method>
  <thread>1</thread>
  <message>End action : verifyElementPropertyValue(response, \&amp;quot;status\&amp;quot;, \&amp;quot;success\&amp;quot;)</message>
  <nestedLevel>1</nestedLevel>
</record>
<record>
  <date>2019-09-22T22:13:04</date>
  <millis>1569208384446</millis>
  <sequence>103</sequence>
  <level>PASSED</level>
  <class>com.kms.katalon.core.logging.XmlKeywordLogger</class>
  <method>logMessage</method>
  <thread>1</thread>
  <message>Test Cases/AddStudent</message>
  <nestedLevel>1</nestedLevel>
</record>
<record>
  <date>2019-09-22T22:13:04</date>
  <millis>1569208384447</millis>
  <sequence>104</sequence>
  <level>END</level>
  <class>com.kms.katalon.core.logging.XmlKeywordLogger</class>
  <method>endTest</method>
  <thread>1</thread>
  <message>End Test Case : Test Cases/AddStudent</message>
  <nestedLevel>0</nestedLevel>
</record>
<record>
  <date>2019-09-22T22:13:04</date>
  <millis>1569208384454</millis>
  <sequence>105</sequence>
  <level>START</level>
  <class>com.kms.katalon.core.logging.XmlKeywordLogger</class>
  <method>startTest</method>
  <thread>1</thread>
  <message>Start Test Case : Test Cases/AddStudent</message>
  <nestedLevel>1</nestedLevel>
  <property name="name">Test Cases/AddStudent</property>
  <property name="description"></property>
  <property name="id">Test Cases/AddStudent</property>
  <property name="source">\\Users\\kedavidsa\\iCloud Drive (archivo)\\Documents\\Uniandes\\MISO4202-20192\\Taller\\TallerParejasMISO4202201920\\Test Cases\\AddStudent.tc</property>
  <property name="tag"></property>
  <property name="isOptional">false</property>
</record>
<record>
  <date>2019-09-22T22:13:04</date>
  <millis>1569208384482</millis>
  <sequence>107</sequence>
  <level>INFO</level>
  <class>com.kms.katalon.core.logging.XmlKeywordLogger</class>
  <method>logMessage</method>
  <thread>1</thread>
  <message>name = Max</message>
  <nestedLevel>1</nestedLevel>
</record>
<record>
  <date>2019-09-22T22:13:04</date>
  <millis>1569208384483</millis>
  <sequence>108</sequence>
  <level>INFO</level>
  <class>com.kms.katalon.core.logging.XmlKeywordLogger</class>
  <method>logMessage</method>
  <thread>1</thread>
  <message>last = Goracci</message>
  <nestedLevel>1</nestedLevel>
</record>
<record>
  <date>2019-09-22T22:13:04</date>
  <millis>1569208384486</millis>
  <sequence>109</sequence>
  <level>INFO</level>
  <class>com.kms.katalon.core.logging.XmlKeywordLogger</class>
  <method>logMessage</method>
  <thread>1</thread>
  <message>gender = Female</message>
  <nestedLevel>1</nestedLevel>
</record>
<record>
  <date>2019-09-22T22:13:04</date>
  <millis>1569208384487</millis>
  <sequence>110</sequence>
  <level>INFO</level>
  <class>com.kms.katalon.core.logging.XmlKeywordLogger</class>
  <method>logMessage</method>
  <thread>1</thread>
  <message>code = 27-7995889</message>
  <nestedLevel>1</nestedLevel>
</record>
<record>
  <date>2019-09-22T22:13:04</date>
  <millis>1569208384488</millis>
  <sequence>111</sequence>
  <level>INFO</level>
  <class>com.kms.katalon.core.logging.XmlKeywordLogger</class>
  <method>logMessage</method>
  <thread>1</thread>
  <message>country = Indonesia</message>
  <nestedLevel>1</nestedLevel>
</record>
<record>
  <date>2019-09-22T22:13:04</date>
  <millis>1569208384490</millis>
  <sequence>112</sequence>
  <level>INFO</level>
  <class>com.kms.katalon.core.logging.XmlKeywordLogger</class>
  <method>logMessage</method>
  <thread>1</thread>
  <message>city = Jinanten</message>
  <nestedLevel>1</nestedLevel>
</record>
<record>
  <date>2019-09-22T22:13:04</date>
  <millis>1569208384491</millis>
  <sequence>113</sequence>
  <level>INFO</level>
  <class>com.kms.katalon.core.logging.XmlKeywordLogger</class>
  <method>logMessage</method>
  <thread>1</thread>
  <message>university = Universitas Brawijaya</message>
  <nestedLevel>1</nestedLevel>
</record>
<record>
  <date>2019-09-22T22:13:04</date>
  <millis>1569208384493</millis>
  <sequence>114</sequence>
  <level>START</level>
  <class>com.kms.katalon.core.logging.XmlKeywordLogger</class>
  <method>startKeyword</method>
  <thread>1</thread>
  <message>Start action : response = sendRequest(findTestObject(\&amp;quot;AddStudent\&amp;quot;, [\&amp;quot;name\&amp;quot;:$name, \&amp;quot;last\&amp;quot;:$last, \&amp;quot;gender\&amp;quot;:$gender, \&amp;quot;code\&amp;quot;:$code, \&amp;quot;country\&amp;quot;:$country, \&amp;quot;city\&amp;quot;:$city, \&amp;quot;university\&amp;quot;:$university]))</message>
  <nestedLevel>1</nestedLevel>
  <property name="startLine">16</property>
  <property name="stepIndex">1</property>
</record>
<record>
  <date>2019-09-22T22:13:05</date>
  <millis>1569208385019</millis>
  <sequence>117</sequence>
  <level>INFO</level>
  <class>com.kms.katalon.core.logging.XmlKeywordLogger</class>
  <method>logMessage</method>
  <thread>1</thread>
  <message>HAR: /Users/kedavidsa/iCloud Drive (archivo)/Documents/Uniandes/MISO4202-20192/Taller/TallerParejasMISO4202201920/Reports/AddStudent/20190922_221255/requests/main/4.har</message>
  <nestedLevel>1</nestedLevel>
  <property name="harId">3dc15f4d-528b-4e6d-9cfe-f107ed899105</property>
</record>
<record>
  <date>2019-09-22T22:13:05</date>
  <millis>1569208385023</millis>
  <sequence>118</sequence>
  <level>PASSED</level>
  <class>com.kms.katalon.core.logging.XmlKeywordLogger</class>
  <method>logMessage</method>
  <thread>1</thread>
  <message>Send request successfully</message>
  <nestedLevel>1</nestedLevel>
</record>
<record>
  <date>2019-09-22T22:13:05</date>
  <millis>1569208385023</millis>
  <sequence>119</sequence>
  <level>END</level>
  <class>com.kms.katalon.core.logging.XmlKeywordLogger</class>
  <method>endKeyword</method>
  <thread>1</thread>
  <message>End action : response = sendRequest(findTestObject(\&amp;quot;AddStudent\&amp;quot;, [\&amp;quot;name\&amp;quot;:$name, \&amp;quot;last\&amp;quot;:$last, \&amp;quot;gender\&amp;quot;:$gender, \&amp;quot;code\&amp;quot;:$code, \&amp;quot;country\&amp;quot;:$country, \&amp;quot;city\&amp;quot;:$city, \&amp;quot;university\&amp;quot;:$university]))</message>
  <nestedLevel>1</nestedLevel>
</record>
<record>
  <date>2019-09-22T22:13:05</date>
  <millis>1569208385024</millis>
  <sequence>120</sequence>
  <level>START</level>
  <class>com.kms.katalon.core.logging.XmlKeywordLogger</class>
  <method>startKeyword</method>
  <thread>1</thread>
  <message>Start action : verifyResponseStatusCode(response, 200)</message>
  <nestedLevel>1</nestedLevel>
  <property name="startLine">19</property>
  <property name="stepIndex">2</property>
</record>
<record>
  <date>2019-09-22T22:13:05</date>
  <millis>1569208385027</millis>
  <sequence>122</sequence>
  <level>PASSED</level>
  <class>com.kms.katalon.core.logging.XmlKeywordLogger</class>
  <method>logMessage</method>
  <thread>1</thread>
  <message>Verify response status code successfully</message>
  <nestedLevel>1</nestedLevel>
</record>
<record>
  <date>2019-09-22T22:13:05</date>
  <millis>1569208385029</millis>
  <sequence>123</sequence>
  <level>END</level>
  <class>com.kms.katalon.core.logging.XmlKeywordLogger</class>
  <method>endKeyword</method>
  <thread>1</thread>
  <message>End action : verifyResponseStatusCode(response, 200)</message>
  <nestedLevel>1</nestedLevel>
</record>
<record>
  <date>2019-09-22T22:13:05</date>
  <millis>1569208385029</millis>
  <sequence>124</sequence>
  <level>START</level>
  <class>com.kms.katalon.core.logging.XmlKeywordLogger</class>
  <method>startKeyword</method>
  <thread>1</thread>
  <message>Start action : verifyElementPropertyValue(response, \&amp;quot;status\&amp;quot;, \&amp;quot;success\&amp;quot;)</message>
  <nestedLevel>1</nestedLevel>
  <property name="startLine">21</property>
  <property name="stepIndex">3</property>
</record>
<record>
  <date>2019-09-22T22:13:05</date>
  <millis>1569208385108</millis>
  <sequence>126</sequence>
  <level>PASSED</level>
  <class>com.kms.katalon.core.logging.XmlKeywordLogger</class>
  <method>logMessage</method>
  <thread>1</thread>
  <message>Verify element property value successfully</message>
  <nestedLevel>1</nestedLevel>
</record>
<record>
  <date>2019-09-22T22:13:05</date>
  <millis>1569208385108</millis>
  <sequence>127</sequence>
  <level>END</level>
  <class>com.kms.katalon.core.logging.XmlKeywordLogger</class>
  <method>endKeyword</method>
  <thread>1</thread>
  <message>End action : verifyElementPropertyValue(response, \&amp;quot;status\&amp;quot;, \&amp;quot;success\&amp;quot;)</message>
  <nestedLevel>1</nestedLevel>
</record>
<record>
  <date>2019-09-22T22:13:05</date>
  <millis>1569208385109</millis>
  <sequence>128</sequence>
  <level>PASSED</level>
  <class>com.kms.katalon.core.logging.XmlKeywordLogger</class>
  <method>logMessage</method>
  <thread>1</thread>
  <message>Test Cases/AddStudent</message>
  <nestedLevel>1</nestedLevel>
</record>
<record>
  <date>2019-09-22T22:13:05</date>
  <millis>1569208385109</millis>
  <sequence>129</sequence>
  <level>END</level>
  <class>com.kms.katalon.core.logging.XmlKeywordLogger</class>
  <method>endTest</method>
  <thread>1</thread>
  <message>End Test Case : Test Cases/AddStudent</message>
  <nestedLevel>0</nestedLevel>
</record>
<record>
  <date>2019-09-22T22:13:05</date>
  <millis>1569208385309</millis>
  <sequence>130</sequence>
  <level>END</level>
  <class>com.kms.katalon.core.logging.XmlKeywordLogger</class>
  <method>endSuite</method>
  <thread>1</thread>
  <message>End Test Suite : Test Suites/AddStudent</message>
  <nestedLevel>0</nestedLevel>
</record>
</log>
