<?xml version="1.0" encoding="UTF-8" standalone="no"?>
<!DOCTYPE log SYSTEM "logger.dtd">
<log>
<record>
  <date>2019-09-22T22:29:31</date>
  <millis>1569209371438</millis>
  <sequence>0</sequence>
  <level>START</level>
  <class>com.kms.katalon.core.logging.XmlKeywordLogger</class>
  <method>startSuite</method>
  <thread>1</thread>
  <message>Start Test Suite : Test Suites/AddStudent</message>
  <nestedLevel>0</nestedLevel>
  <property name="name">AddStudent</property>
  <property name="description"></property>
  <property name="id">Test Suites/AddStudent</property>
</record>
<record>
  <date>2019-09-22T22:29:31</date>
  <millis>1569209371486</millis>
  <sequence>1</sequence>
  <level>RUN_DATA</level>
  <class>com.kms.katalon.core.logging.XmlKeywordLogger</class>
  <method>logMessage</method>
  <thread>1</thread>
  <message>hostName = kedavidsa - 192.168.0.18</message>
  <nestedLevel>0</nestedLevel>
  <property name="hostName">kedavidsa - 192.168.0.18</property>
</record>
<record>
  <date>2019-09-22T22:29:31</date>
  <millis>1569209371488</millis>
  <sequence>2</sequence>
  <level>RUN_DATA</level>
  <class>com.kms.katalon.core.logging.XmlKeywordLogger</class>
  <method>logMessage</method>
  <thread>1</thread>
  <message>os = Mac OS X 64bit</message>
  <nestedLevel>0</nestedLevel>
  <property name="os">Mac OS X 64bit</property>
</record>
<record>
  <date>2019-09-22T22:29:31</date>
  <millis>1569209371489</millis>
  <sequence>3</sequence>
  <level>RUN_DATA</level>
  <class>com.kms.katalon.core.logging.XmlKeywordLogger</class>
  <method>logMessage</method>
  <thread>1</thread>
  <message>hostAddress = 192.168.0.18</message>
  <nestedLevel>0</nestedLevel>
  <property name="hostAddress">192.168.0.18</property>
</record>
<record>
  <date>2019-09-22T22:29:31</date>
  <millis>1569209371492</millis>
  <sequence>4</sequence>
  <level>RUN_DATA</level>
  <class>com.kms.katalon.core.logging.XmlKeywordLogger</class>
  <method>logMessage</method>
  <thread>1</thread>
  <message>katalonVersion = 6.2.2.4</message>
  <nestedLevel>0</nestedLevel>
  <property name="katalonVersion">6.2.2.4</property>
</record>
<record>
  <date>2019-09-22T22:29:32</date>
  <millis>1569209372035</millis>
  <sequence>5</sequence>
  <level>START</level>
  <class>com.kms.katalon.core.logging.XmlKeywordLogger</class>
  <method>startTest</method>
  <thread>1</thread>
  <message>Start Test Case : Test Cases/AddStudent</message>
  <nestedLevel>1</nestedLevel>
  <property name="name">Test Cases/AddStudent</property>
  <property name="description"></property>
  <property name="id">Test Cases/AddStudent</property>
  <property name="source">\\Users\\kedavidsa\\iCloud Drive (archivo)\\Documents\\Uniandes\\MISO4202-20192\\Taller\\TallerParejasMISO4202201920\\Test Cases\\AddStudent.tc</property>
  <property name="tag"></property>
  <property name="isOptional">false</property>
</record>
<record>
  <date>2019-09-22T22:29:32</date>
  <millis>1569209372085</millis>
  <sequence>7</sequence>
  <level>INFO</level>
  <class>com.kms.katalon.core.logging.XmlKeywordLogger</class>
  <method>logMessage</method>
  <thread>1</thread>
  <message>name = Ninetta</message>
  <nestedLevel>1</nestedLevel>
</record>
<record>
  <date>2019-09-22T22:29:32</date>
  <millis>1569209372086</millis>
  <sequence>8</sequence>
  <level>INFO</level>
  <class>com.kms.katalon.core.logging.XmlKeywordLogger</class>
  <method>logMessage</method>
  <thread>1</thread>
  <message>last = Rakes</message>
  <nestedLevel>1</nestedLevel>
</record>
<record>
  <date>2019-09-22T22:29:32</date>
  <millis>1569209372087</millis>
  <sequence>9</sequence>
  <level>INFO</level>
  <class>com.kms.katalon.core.logging.XmlKeywordLogger</class>
  <method>logMessage</method>
  <thread>1</thread>
  <message>gender = Female</message>
  <nestedLevel>1</nestedLevel>
</record>
<record>
  <date>2019-09-22T22:29:32</date>
  <millis>1569209372087</millis>
  <sequence>10</sequence>
  <level>INFO</level>
  <class>com.kms.katalon.core.logging.XmlKeywordLogger</class>
  <method>logMessage</method>
  <thread>1</thread>
  <message>code = 88-7713396</message>
  <nestedLevel>1</nestedLevel>
</record>
<record>
  <date>2019-09-22T22:29:32</date>
  <millis>1569209372088</millis>
  <sequence>11</sequence>
  <level>INFO</level>
  <class>com.kms.katalon.core.logging.XmlKeywordLogger</class>
  <method>logMessage</method>
  <thread>1</thread>
  <message>country = China</message>
  <nestedLevel>1</nestedLevel>
</record>
<record>
  <date>2019-09-22T22:29:32</date>
  <millis>1569209372093</millis>
  <sequence>12</sequence>
  <level>INFO</level>
  <class>com.kms.katalon.core.logging.XmlKeywordLogger</class>
  <method>logMessage</method>
  <thread>1</thread>
  <message>city = Heyin</message>
  <nestedLevel>1</nestedLevel>
</record>
<record>
  <date>2019-09-22T22:29:32</date>
  <millis>1569209372097</millis>
  <sequence>13</sequence>
  <level>INFO</level>
  <class>com.kms.katalon.core.logging.XmlKeywordLogger</class>
  <method>logMessage</method>
  <thread>1</thread>
  <message>university = Harbin Institute of Technology</message>
  <nestedLevel>1</nestedLevel>
</record>
<record>
  <date>2019-09-22T22:29:32</date>
  <millis>1569209372644</millis>
  <sequence>14</sequence>
  <level>START</level>
  <class>com.kms.katalon.core.logging.XmlKeywordLogger</class>
  <method>startKeyword</method>
  <thread>1</thread>
  <message>Start action : response = sendRequest(findTestObject(\&amp;quot;AddStudent\&amp;quot;, [\&amp;quot;name\&amp;quot;:$name, \&amp;quot;last\&amp;quot;:$last, \&amp;quot;gender\&amp;quot;:$gender, \&amp;quot;code\&amp;quot;:$code, \&amp;quot;country\&amp;quot;:$country, \&amp;quot;city\&amp;quot;:$city, \&amp;quot;university\&amp;quot;:$university]))</message>
  <nestedLevel>1</nestedLevel>
  <property name="startLine">16</property>
  <property name="stepIndex">1</property>
</record>
<record>
  <date>2019-09-22T22:29:34</date>
  <millis>1569209374738</millis>
  <sequence>17</sequence>
  <level>INFO</level>
  <class>com.kms.katalon.core.logging.XmlKeywordLogger</class>
  <method>logMessage</method>
  <thread>1</thread>
  <message>HAR: /Users/kedavidsa/iCloud Drive (archivo)/Documents/Uniandes/MISO4202-20192/Taller/TallerParejasMISO4202201920/Reports/AddStudent/20190922_222927/requests/main/0.har</message>
  <nestedLevel>1</nestedLevel>
  <property name="harId">fa9c9960-7d83-4ab7-b161-dc9b1309d47d</property>
</record>
<record>
  <date>2019-09-22T22:29:34</date>
  <millis>1569209374964</millis>
  <sequence>18</sequence>
  <level>PASSED</level>
  <class>com.kms.katalon.core.logging.XmlKeywordLogger</class>
  <method>logMessage</method>
  <thread>1</thread>
  <message>Send request successfully</message>
  <nestedLevel>1</nestedLevel>
</record>
<record>
  <date>2019-09-22T22:29:34</date>
  <millis>1569209374967</millis>
  <sequence>19</sequence>
  <level>END</level>
  <class>com.kms.katalon.core.logging.XmlKeywordLogger</class>
  <method>endKeyword</method>
  <thread>1</thread>
  <message>End action : response = sendRequest(findTestObject(\&amp;quot;AddStudent\&amp;quot;, [\&amp;quot;name\&amp;quot;:$name, \&amp;quot;last\&amp;quot;:$last, \&amp;quot;gender\&amp;quot;:$gender, \&amp;quot;code\&amp;quot;:$code, \&amp;quot;country\&amp;quot;:$country, \&amp;quot;city\&amp;quot;:$city, \&amp;quot;university\&amp;quot;:$university]))</message>
  <nestedLevel>1</nestedLevel>
</record>
<record>
  <date>2019-09-22T22:29:34</date>
  <millis>1569209374968</millis>
  <sequence>20</sequence>
  <level>START</level>
  <class>com.kms.katalon.core.logging.XmlKeywordLogger</class>
  <method>startKeyword</method>
  <thread>1</thread>
  <message>Start action : verifyResponseStatusCode(response, 200)</message>
  <nestedLevel>1</nestedLevel>
  <property name="startLine">19</property>
  <property name="stepIndex">2</property>
</record>
<record>
  <date>2019-09-22T22:29:34</date>
  <millis>1569209374984</millis>
  <sequence>22</sequence>
  <level>PASSED</level>
  <class>com.kms.katalon.core.logging.XmlKeywordLogger</class>
  <method>logMessage</method>
  <thread>1</thread>
  <message>Verify response status code successfully</message>
  <nestedLevel>1</nestedLevel>
</record>
<record>
  <date>2019-09-22T22:29:34</date>
  <millis>1569209374985</millis>
  <sequence>23</sequence>
  <level>END</level>
  <class>com.kms.katalon.core.logging.XmlKeywordLogger</class>
  <method>endKeyword</method>
  <thread>1</thread>
  <message>End action : verifyResponseStatusCode(response, 200)</message>
  <nestedLevel>1</nestedLevel>
</record>
<record>
  <date>2019-09-22T22:29:34</date>
  <millis>1569209374986</millis>
  <sequence>24</sequence>
  <level>START</level>
  <class>com.kms.katalon.core.logging.XmlKeywordLogger</class>
  <method>startKeyword</method>
  <thread>1</thread>
  <message>Start action : verifyElementPropertyValue(response, \&amp;quot;status\&amp;quot;, \&amp;quot;success\&amp;quot;)</message>
  <nestedLevel>1</nestedLevel>
  <property name="startLine">21</property>
  <property name="stepIndex">3</property>
</record>
<record>
  <date>2019-09-22T22:29:35</date>
  <millis>1569209375077</millis>
  <sequence>26</sequence>
  <level>PASSED</level>
  <class>com.kms.katalon.core.logging.XmlKeywordLogger</class>
  <method>logMessage</method>
  <thread>1</thread>
  <message>Verify element property value successfully</message>
  <nestedLevel>1</nestedLevel>
</record>
<record>
  <date>2019-09-22T22:29:35</date>
  <millis>1569209375078</millis>
  <sequence>27</sequence>
  <level>END</level>
  <class>com.kms.katalon.core.logging.XmlKeywordLogger</class>
  <method>endKeyword</method>
  <thread>1</thread>
  <message>End action : verifyElementPropertyValue(response, \&amp;quot;status\&amp;quot;, \&amp;quot;success\&amp;quot;)</message>
  <nestedLevel>1</nestedLevel>
</record>
<record>
  <date>2019-09-22T22:29:35</date>
  <millis>1569209375078</millis>
  <sequence>28</sequence>
  <level>PASSED</level>
  <class>com.kms.katalon.core.logging.XmlKeywordLogger</class>
  <method>logMessage</method>
  <thread>1</thread>
  <message>Test Cases/AddStudent</message>
  <nestedLevel>1</nestedLevel>
</record>
<record>
  <date>2019-09-22T22:29:35</date>
  <millis>1569209375079</millis>
  <sequence>29</sequence>
  <level>END</level>
  <class>com.kms.katalon.core.logging.XmlKeywordLogger</class>
  <method>endTest</method>
  <thread>1</thread>
  <message>End Test Case : Test Cases/AddStudent</message>
  <nestedLevel>0</nestedLevel>
</record>
<record>
  <date>2019-09-22T22:29:35</date>
  <millis>1569209375092</millis>
  <sequence>30</sequence>
  <level>START</level>
  <class>com.kms.katalon.core.logging.XmlKeywordLogger</class>
  <method>startTest</method>
  <thread>1</thread>
  <message>Start Test Case : Test Cases/AddStudent</message>
  <nestedLevel>1</nestedLevel>
  <property name="name">Test Cases/AddStudent</property>
  <property name="description"></property>
  <property name="id">Test Cases/AddStudent</property>
  <property name="source">\\Users\\kedavidsa\\iCloud Drive (archivo)\\Documents\\Uniandes\\MISO4202-20192\\Taller\\TallerParejasMISO4202201920\\Test Cases\\AddStudent.tc</property>
  <property name="tag"></property>
  <property name="isOptional">false</property>
</record>
<record>
  <date>2019-09-22T22:29:35</date>
  <millis>1569209375104</millis>
  <sequence>32</sequence>
  <level>INFO</level>
  <class>com.kms.katalon.core.logging.XmlKeywordLogger</class>
  <method>logMessage</method>
  <thread>1</thread>
  <message>name = Witty</message>
  <nestedLevel>1</nestedLevel>
</record>
<record>
  <date>2019-09-22T22:29:35</date>
  <millis>1569209375105</millis>
  <sequence>33</sequence>
  <level>INFO</level>
  <class>com.kms.katalon.core.logging.XmlKeywordLogger</class>
  <method>logMessage</method>
  <thread>1</thread>
  <message>last = Tewkesbury.</message>
  <nestedLevel>1</nestedLevel>
</record>
<record>
  <date>2019-09-22T22:29:35</date>
  <millis>1569209375106</millis>
  <sequence>34</sequence>
  <level>INFO</level>
  <class>com.kms.katalon.core.logging.XmlKeywordLogger</class>
  <method>logMessage</method>
  <thread>1</thread>
  <message>gender = Male</message>
  <nestedLevel>1</nestedLevel>
</record>
<record>
  <date>2019-09-22T22:29:35</date>
  <millis>1569209375110</millis>
  <sequence>35</sequence>
  <level>INFO</level>
  <class>com.kms.katalon.core.logging.XmlKeywordLogger</class>
  <method>logMessage</method>
  <thread>1</thread>
  <message>code = 78-6402515</message>
  <nestedLevel>1</nestedLevel>
</record>
<record>
  <date>2019-09-22T22:29:35</date>
  <millis>1569209375111</millis>
  <sequence>36</sequence>
  <level>INFO</level>
  <class>com.kms.katalon.core.logging.XmlKeywordLogger</class>
  <method>logMessage</method>
  <thread>1</thread>
  <message>country = Slovakia</message>
  <nestedLevel>1</nestedLevel>
</record>
<record>
  <date>2019-09-22T22:29:35</date>
  <millis>1569209375112</millis>
  <sequence>37</sequence>
  <level>INFO</level>
  <class>com.kms.katalon.core.logging.XmlKeywordLogger</class>
  <method>logMessage</method>
  <thread>1</thread>
  <message>city = Bratislava</message>
  <nestedLevel>1</nestedLevel>
</record>
<record>
  <date>2019-09-22T22:29:35</date>
  <millis>1569209375113</millis>
  <sequence>38</sequence>
  <level>INFO</level>
  <class>com.kms.katalon.core.logging.XmlKeywordLogger</class>
  <method>logMessage</method>
  <thread>1</thread>
  <message>university = University of SV Cyril and Methodius in Trnava</message>
  <nestedLevel>1</nestedLevel>
</record>
<record>
  <date>2019-09-22T22:29:35</date>
  <millis>1569209375115</millis>
  <sequence>39</sequence>
  <level>START</level>
  <class>com.kms.katalon.core.logging.XmlKeywordLogger</class>
  <method>startKeyword</method>
  <thread>1</thread>
  <message>Start action : response = sendRequest(findTestObject(\&amp;quot;AddStudent\&amp;quot;, [\&amp;quot;name\&amp;quot;:$name, \&amp;quot;last\&amp;quot;:$last, \&amp;quot;gender\&amp;quot;:$gender, \&amp;quot;code\&amp;quot;:$code, \&amp;quot;country\&amp;quot;:$country, \&amp;quot;city\&amp;quot;:$city, \&amp;quot;university\&amp;quot;:$university]))</message>
  <nestedLevel>1</nestedLevel>
  <property name="startLine">16</property>
  <property name="stepIndex">1</property>
</record>
<record>
  <date>2019-09-22T22:29:35</date>
  <millis>1569209375549</millis>
  <sequence>42</sequence>
  <level>INFO</level>
  <class>com.kms.katalon.core.logging.XmlKeywordLogger</class>
  <method>logMessage</method>
  <thread>1</thread>
  <message>HAR: /Users/kedavidsa/iCloud Drive (archivo)/Documents/Uniandes/MISO4202-20192/Taller/TallerParejasMISO4202201920/Reports/AddStudent/20190922_222927/requests/main/1.har</message>
  <nestedLevel>1</nestedLevel>
  <property name="harId">30847fdf-a726-4e1c-a6ac-bc79284f043d</property>
</record>
<record>
  <date>2019-09-22T22:29:35</date>
  <millis>1569209375553</millis>
  <sequence>43</sequence>
  <level>PASSED</level>
  <class>com.kms.katalon.core.logging.XmlKeywordLogger</class>
  <method>logMessage</method>
  <thread>1</thread>
  <message>Send request successfully</message>
  <nestedLevel>1</nestedLevel>
</record>
<record>
  <date>2019-09-22T22:29:35</date>
  <millis>1569209375554</millis>
  <sequence>44</sequence>
  <level>END</level>
  <class>com.kms.katalon.core.logging.XmlKeywordLogger</class>
  <method>endKeyword</method>
  <thread>1</thread>
  <message>End action : response = sendRequest(findTestObject(\&amp;quot;AddStudent\&amp;quot;, [\&amp;quot;name\&amp;quot;:$name, \&amp;quot;last\&amp;quot;:$last, \&amp;quot;gender\&amp;quot;:$gender, \&amp;quot;code\&amp;quot;:$code, \&amp;quot;country\&amp;quot;:$country, \&amp;quot;city\&amp;quot;:$city, \&amp;quot;university\&amp;quot;:$university]))</message>
  <nestedLevel>1</nestedLevel>
</record>
<record>
  <date>2019-09-22T22:29:35</date>
  <millis>1569209375554</millis>
  <sequence>45</sequence>
  <level>START</level>
  <class>com.kms.katalon.core.logging.XmlKeywordLogger</class>
  <method>startKeyword</method>
  <thread>1</thread>
  <message>Start action : verifyResponseStatusCode(response, 200)</message>
  <nestedLevel>1</nestedLevel>
  <property name="startLine">19</property>
  <property name="stepIndex">2</property>
</record>
<record>
  <date>2019-09-22T22:29:35</date>
  <millis>1569209375559</millis>
  <sequence>47</sequence>
  <level>PASSED</level>
  <class>com.kms.katalon.core.logging.XmlKeywordLogger</class>
  <method>logMessage</method>
  <thread>1</thread>
  <message>Verify response status code successfully</message>
  <nestedLevel>1</nestedLevel>
</record>
<record>
  <date>2019-09-22T22:29:35</date>
  <millis>1569209375560</millis>
  <sequence>48</sequence>
  <level>END</level>
  <class>com.kms.katalon.core.logging.XmlKeywordLogger</class>
  <method>endKeyword</method>
  <thread>1</thread>
  <message>End action : verifyResponseStatusCode(response, 200)</message>
  <nestedLevel>1</nestedLevel>
</record>
<record>
  <date>2019-09-22T22:29:35</date>
  <millis>1569209375560</millis>
  <sequence>49</sequence>
  <level>START</level>
  <class>com.kms.katalon.core.logging.XmlKeywordLogger</class>
  <method>startKeyword</method>
  <thread>1</thread>
  <message>Start action : verifyElementPropertyValue(response, \&amp;quot;status\&amp;quot;, \&amp;quot;success\&amp;quot;)</message>
  <nestedLevel>1</nestedLevel>
  <property name="startLine">21</property>
  <property name="stepIndex">3</property>
</record>
<record>
  <date>2019-09-22T22:29:35</date>
  <millis>1569209375588</millis>
  <sequence>51</sequence>
  <level>PASSED</level>
  <class>com.kms.katalon.core.logging.XmlKeywordLogger</class>
  <method>logMessage</method>
  <thread>1</thread>
  <message>Verify element property value successfully</message>
  <nestedLevel>1</nestedLevel>
</record>
<record>
  <date>2019-09-22T22:29:35</date>
  <millis>1569209375588</millis>
  <sequence>52</sequence>
  <level>END</level>
  <class>com.kms.katalon.core.logging.XmlKeywordLogger</class>
  <method>endKeyword</method>
  <thread>1</thread>
  <message>End action : verifyElementPropertyValue(response, \&amp;quot;status\&amp;quot;, \&amp;quot;success\&amp;quot;)</message>
  <nestedLevel>1</nestedLevel>
</record>
<record>
  <date>2019-09-22T22:29:35</date>
  <millis>1569209375589</millis>
  <sequence>53</sequence>
  <level>PASSED</level>
  <class>com.kms.katalon.core.logging.XmlKeywordLogger</class>
  <method>logMessage</method>
  <thread>1</thread>
  <message>Test Cases/AddStudent</message>
  <nestedLevel>1</nestedLevel>
</record>
<record>
  <date>2019-09-22T22:29:35</date>
  <millis>1569209375590</millis>
  <sequence>54</sequence>
  <level>END</level>
  <class>com.kms.katalon.core.logging.XmlKeywordLogger</class>
  <method>endTest</method>
  <thread>1</thread>
  <message>End Test Case : Test Cases/AddStudent</message>
  <nestedLevel>0</nestedLevel>
</record>
<record>
  <date>2019-09-22T22:29:35</date>
  <millis>1569209375596</millis>
  <sequence>55</sequence>
  <level>START</level>
  <class>com.kms.katalon.core.logging.XmlKeywordLogger</class>
  <method>startTest</method>
  <thread>1</thread>
  <message>Start Test Case : Test Cases/AddStudent</message>
  <nestedLevel>1</nestedLevel>
  <property name="name">Test Cases/AddStudent</property>
  <property name="description"></property>
  <property name="id">Test Cases/AddStudent</property>
  <property name="source">\\Users\\kedavidsa\\iCloud Drive (archivo)\\Documents\\Uniandes\\MISO4202-20192\\Taller\\TallerParejasMISO4202201920\\Test Cases\\AddStudent.tc</property>
  <property name="tag"></property>
  <property name="isOptional">false</property>
</record>
<record>
  <date>2019-09-22T22:29:35</date>
  <millis>1569209375606</millis>
  <sequence>57</sequence>
  <level>INFO</level>
  <class>com.kms.katalon.core.logging.XmlKeywordLogger</class>
  <method>logMessage</method>
  <thread>1</thread>
  <message>name = Yankee</message>
  <nestedLevel>1</nestedLevel>
</record>
<record>
  <date>2019-09-22T22:29:35</date>
  <millis>1569209375607</millis>
  <sequence>58</sequence>
  <level>INFO</level>
  <class>com.kms.katalon.core.logging.XmlKeywordLogger</class>
  <method>logMessage</method>
  <thread>1</thread>
  <message>last = Wooler</message>
  <nestedLevel>1</nestedLevel>
</record>
<record>
  <date>2019-09-22T22:29:35</date>
  <millis>1569209375612</millis>
  <sequence>59</sequence>
  <level>INFO</level>
  <class>com.kms.katalon.core.logging.XmlKeywordLogger</class>
  <method>logMessage</method>
  <thread>1</thread>
  <message>gender = Male</message>
  <nestedLevel>1</nestedLevel>
</record>
<record>
  <date>2019-09-22T22:29:35</date>
  <millis>1569209375613</millis>
  <sequence>60</sequence>
  <level>INFO</level>
  <class>com.kms.katalon.core.logging.XmlKeywordLogger</class>
  <method>logMessage</method>
  <thread>1</thread>
  <message>code = 23-7464793</message>
  <nestedLevel>1</nestedLevel>
</record>
<record>
  <date>2019-09-22T22:29:35</date>
  <millis>1569209375614</millis>
  <sequence>61</sequence>
  <level>INFO</level>
  <class>com.kms.katalon.core.logging.XmlKeywordLogger</class>
  <method>logMessage</method>
  <thread>1</thread>
  <message>country = Indonesia</message>
  <nestedLevel>1</nestedLevel>
</record>
<record>
  <date>2019-09-22T22:29:35</date>
  <millis>1569209375615</millis>
  <sequence>62</sequence>
  <level>INFO</level>
  <class>com.kms.katalon.core.logging.XmlKeywordLogger</class>
  <method>logMessage</method>
  <thread>1</thread>
  <message>city = Cisasak</message>
  <nestedLevel>1</nestedLevel>
</record>
<record>
  <date>2019-09-22T22:29:35</date>
  <millis>1569209375615</millis>
  <sequence>63</sequence>
  <level>INFO</level>
  <class>com.kms.katalon.core.logging.XmlKeywordLogger</class>
  <method>logMessage</method>
  <thread>1</thread>
  <message>university = Universitas Negeri Medan</message>
  <nestedLevel>1</nestedLevel>
</record>
<record>
  <date>2019-09-22T22:29:35</date>
  <millis>1569209375617</millis>
  <sequence>64</sequence>
  <level>START</level>
  <class>com.kms.katalon.core.logging.XmlKeywordLogger</class>
  <method>startKeyword</method>
  <thread>1</thread>
  <message>Start action : response = sendRequest(findTestObject(\&amp;quot;AddStudent\&amp;quot;, [\&amp;quot;name\&amp;quot;:$name, \&amp;quot;last\&amp;quot;:$last, \&amp;quot;gender\&amp;quot;:$gender, \&amp;quot;code\&amp;quot;:$code, \&amp;quot;country\&amp;quot;:$country, \&amp;quot;city\&amp;quot;:$city, \&amp;quot;university\&amp;quot;:$university]))</message>
  <nestedLevel>1</nestedLevel>
  <property name="startLine">16</property>
  <property name="stepIndex">1</property>
</record>
<record>
  <date>2019-09-22T22:29:36</date>
  <millis>1569209376113</millis>
  <sequence>67</sequence>
  <level>INFO</level>
  <class>com.kms.katalon.core.logging.XmlKeywordLogger</class>
  <method>logMessage</method>
  <thread>1</thread>
  <message>HAR: /Users/kedavidsa/iCloud Drive (archivo)/Documents/Uniandes/MISO4202-20192/Taller/TallerParejasMISO4202201920/Reports/AddStudent/20190922_222927/requests/main/2.har</message>
  <nestedLevel>1</nestedLevel>
  <property name="harId">d3b20518-47ed-492a-b089-df7fec139826</property>
</record>
<record>
  <date>2019-09-22T22:29:36</date>
  <millis>1569209376122</millis>
  <sequence>68</sequence>
  <level>PASSED</level>
  <class>com.kms.katalon.core.logging.XmlKeywordLogger</class>
  <method>logMessage</method>
  <thread>1</thread>
  <message>Send request successfully</message>
  <nestedLevel>1</nestedLevel>
</record>
<record>
  <date>2019-09-22T22:29:36</date>
  <millis>1569209376122</millis>
  <sequence>69</sequence>
  <level>END</level>
  <class>com.kms.katalon.core.logging.XmlKeywordLogger</class>
  <method>endKeyword</method>
  <thread>1</thread>
  <message>End action : response = sendRequest(findTestObject(\&amp;quot;AddStudent\&amp;quot;, [\&amp;quot;name\&amp;quot;:$name, \&amp;quot;last\&amp;quot;:$last, \&amp;quot;gender\&amp;quot;:$gender, \&amp;quot;code\&amp;quot;:$code, \&amp;quot;country\&amp;quot;:$country, \&amp;quot;city\&amp;quot;:$city, \&amp;quot;university\&amp;quot;:$university]))</message>
  <nestedLevel>1</nestedLevel>
</record>
<record>
  <date>2019-09-22T22:29:36</date>
  <millis>1569209376123</millis>
  <sequence>70</sequence>
  <level>START</level>
  <class>com.kms.katalon.core.logging.XmlKeywordLogger</class>
  <method>startKeyword</method>
  <thread>1</thread>
  <message>Start action : verifyResponseStatusCode(response, 200)</message>
  <nestedLevel>1</nestedLevel>
  <property name="startLine">19</property>
  <property name="stepIndex">2</property>
</record>
<record>
  <date>2019-09-22T22:29:36</date>
  <millis>1569209376127</millis>
  <sequence>72</sequence>
  <level>PASSED</level>
  <class>com.kms.katalon.core.logging.XmlKeywordLogger</class>
  <method>logMessage</method>
  <thread>1</thread>
  <message>Verify response status code successfully</message>
  <nestedLevel>1</nestedLevel>
</record>
<record>
  <date>2019-09-22T22:29:36</date>
  <millis>1569209376128</millis>
  <sequence>73</sequence>
  <level>END</level>
  <class>com.kms.katalon.core.logging.XmlKeywordLogger</class>
  <method>endKeyword</method>
  <thread>1</thread>
  <message>End action : verifyResponseStatusCode(response, 200)</message>
  <nestedLevel>1</nestedLevel>
</record>
<record>
  <date>2019-09-22T22:29:36</date>
  <millis>1569209376128</millis>
  <sequence>74</sequence>
  <level>START</level>
  <class>com.kms.katalon.core.logging.XmlKeywordLogger</class>
  <method>startKeyword</method>
  <thread>1</thread>
  <message>Start action : verifyElementPropertyValue(response, \&amp;quot;status\&amp;quot;, \&amp;quot;success\&amp;quot;)</message>
  <nestedLevel>1</nestedLevel>
  <property name="startLine">21</property>
  <property name="stepIndex">3</property>
</record>
<record>
  <date>2019-09-22T22:29:36</date>
  <millis>1569209376153</millis>
  <sequence>76</sequence>
  <level>PASSED</level>
  <class>com.kms.katalon.core.logging.XmlKeywordLogger</class>
  <method>logMessage</method>
  <thread>1</thread>
  <message>Verify element property value successfully</message>
  <nestedLevel>1</nestedLevel>
</record>
<record>
  <date>2019-09-22T22:29:36</date>
  <millis>1569209376154</millis>
  <sequence>77</sequence>
  <level>END</level>
  <class>com.kms.katalon.core.logging.XmlKeywordLogger</class>
  <method>endKeyword</method>
  <thread>1</thread>
  <message>End action : verifyElementPropertyValue(response, \&amp;quot;status\&amp;quot;, \&amp;quot;success\&amp;quot;)</message>
  <nestedLevel>1</nestedLevel>
</record>
<record>
  <date>2019-09-22T22:29:36</date>
  <millis>1569209376154</millis>
  <sequence>78</sequence>
  <level>PASSED</level>
  <class>com.kms.katalon.core.logging.XmlKeywordLogger</class>
  <method>logMessage</method>
  <thread>1</thread>
  <message>Test Cases/AddStudent</message>
  <nestedLevel>1</nestedLevel>
</record>
<record>
  <date>2019-09-22T22:29:36</date>
  <millis>1569209376155</millis>
  <sequence>79</sequence>
  <level>END</level>
  <class>com.kms.katalon.core.logging.XmlKeywordLogger</class>
  <method>endTest</method>
  <thread>1</thread>
  <message>End Test Case : Test Cases/AddStudent</message>
  <nestedLevel>0</nestedLevel>
</record>
<record>
  <date>2019-09-22T22:29:36</date>
  <millis>1569209376168</millis>
  <sequence>80</sequence>
  <level>START</level>
  <class>com.kms.katalon.core.logging.XmlKeywordLogger</class>
  <method>startTest</method>
  <thread>1</thread>
  <message>Start Test Case : Test Cases/AddStudent</message>
  <nestedLevel>1</nestedLevel>
  <property name="name">Test Cases/AddStudent</property>
  <property name="description"></property>
  <property name="id">Test Cases/AddStudent</property>
  <property name="source">\\Users\\kedavidsa\\iCloud Drive (archivo)\\Documents\\Uniandes\\MISO4202-20192\\Taller\\TallerParejasMISO4202201920\\Test Cases\\AddStudent.tc</property>
  <property name="tag"></property>
  <property name="isOptional">false</property>
</record>
<record>
  <date>2019-09-22T22:29:36</date>
  <millis>1569209376179</millis>
  <sequence>82</sequence>
  <level>INFO</level>
  <class>com.kms.katalon.core.logging.XmlKeywordLogger</class>
  <method>logMessage</method>
  <thread>1</thread>
  <message>name = Lindsey</message>
  <nestedLevel>1</nestedLevel>
</record>
<record>
  <date>2019-09-22T22:29:36</date>
  <millis>1569209376180</millis>
  <sequence>83</sequence>
  <level>INFO</level>
  <class>com.kms.katalon.core.logging.XmlKeywordLogger</class>
  <method>logMessage</method>
  <thread>1</thread>
  <message>last = Bartaletti</message>
  <nestedLevel>1</nestedLevel>
</record>
<record>
  <date>2019-09-22T22:29:36</date>
  <millis>1569209376181</millis>
  <sequence>84</sequence>
  <level>INFO</level>
  <class>com.kms.katalon.core.logging.XmlKeywordLogger</class>
  <method>logMessage</method>
  <thread>1</thread>
  <message>gender = Male</message>
  <nestedLevel>1</nestedLevel>
</record>
<record>
  <date>2019-09-22T22:29:36</date>
  <millis>1569209376181</millis>
  <sequence>85</sequence>
  <level>INFO</level>
  <class>com.kms.katalon.core.logging.XmlKeywordLogger</class>
  <method>logMessage</method>
  <thread>1</thread>
  <message>code = 73-8826081</message>
  <nestedLevel>1</nestedLevel>
</record>
<record>
  <date>2019-09-22T22:29:36</date>
  <millis>1569209376182</millis>
  <sequence>86</sequence>
  <level>INFO</level>
  <class>com.kms.katalon.core.logging.XmlKeywordLogger</class>
  <method>logMessage</method>
  <thread>1</thread>
  <message>country = Thailand</message>
  <nestedLevel>1</nestedLevel>
</record>
<record>
  <date>2019-09-22T22:29:36</date>
  <millis>1569209376184</millis>
  <sequence>87</sequence>
  <level>INFO</level>
  <class>com.kms.katalon.core.logging.XmlKeywordLogger</class>
  <method>logMessage</method>
  <thread>1</thread>
  <message>city = Aranyaprathet</message>
  <nestedLevel>1</nestedLevel>
</record>
<record>
  <date>2019-09-22T22:29:36</date>
  <millis>1569209376185</millis>
  <sequence>88</sequence>
  <level>INFO</level>
  <class>com.kms.katalon.core.logging.XmlKeywordLogger</class>
  <method>logMessage</method>
  <thread>1</thread>
  <message>university = Huachiew Chalermprakiet University</message>
  <nestedLevel>1</nestedLevel>
</record>
<record>
  <date>2019-09-22T22:29:36</date>
  <millis>1569209376187</millis>
  <sequence>89</sequence>
  <level>START</level>
  <class>com.kms.katalon.core.logging.XmlKeywordLogger</class>
  <method>startKeyword</method>
  <thread>1</thread>
  <message>Start action : response = sendRequest(findTestObject(\&amp;quot;AddStudent\&amp;quot;, [\&amp;quot;name\&amp;quot;:$name, \&amp;quot;last\&amp;quot;:$last, \&amp;quot;gender\&amp;quot;:$gender, \&amp;quot;code\&amp;quot;:$code, \&amp;quot;country\&amp;quot;:$country, \&amp;quot;city\&amp;quot;:$city, \&amp;quot;university\&amp;quot;:$university]))</message>
  <nestedLevel>1</nestedLevel>
  <property name="startLine">16</property>
  <property name="stepIndex">1</property>
</record>
<record>
  <date>2019-09-22T22:29:36</date>
  <millis>1569209376600</millis>
  <sequence>92</sequence>
  <level>INFO</level>
  <class>com.kms.katalon.core.logging.XmlKeywordLogger</class>
  <method>logMessage</method>
  <thread>1</thread>
  <message>HAR: /Users/kedavidsa/iCloud Drive (archivo)/Documents/Uniandes/MISO4202-20192/Taller/TallerParejasMISO4202201920/Reports/AddStudent/20190922_222927/requests/main/3.har</message>
  <nestedLevel>1</nestedLevel>
  <property name="harId">8012a2d6-b0e3-4db3-9106-9b6805540472</property>
</record>
<record>
  <date>2019-09-22T22:29:36</date>
  <millis>1569209376611</millis>
  <sequence>93</sequence>
  <level>PASSED</level>
  <class>com.kms.katalon.core.logging.XmlKeywordLogger</class>
  <method>logMessage</method>
  <thread>1</thread>
  <message>Send request successfully</message>
  <nestedLevel>1</nestedLevel>
</record>
<record>
  <date>2019-09-22T22:29:36</date>
  <millis>1569209376612</millis>
  <sequence>94</sequence>
  <level>END</level>
  <class>com.kms.katalon.core.logging.XmlKeywordLogger</class>
  <method>endKeyword</method>
  <thread>1</thread>
  <message>End action : response = sendRequest(findTestObject(\&amp;quot;AddStudent\&amp;quot;, [\&amp;quot;name\&amp;quot;:$name, \&amp;quot;last\&amp;quot;:$last, \&amp;quot;gender\&amp;quot;:$gender, \&amp;quot;code\&amp;quot;:$code, \&amp;quot;country\&amp;quot;:$country, \&amp;quot;city\&amp;quot;:$city, \&amp;quot;university\&amp;quot;:$university]))</message>
  <nestedLevel>1</nestedLevel>
</record>
<record>
  <date>2019-09-22T22:29:36</date>
  <millis>1569209376613</millis>
  <sequence>95</sequence>
  <level>START</level>
  <class>com.kms.katalon.core.logging.XmlKeywordLogger</class>
  <method>startKeyword</method>
  <thread>1</thread>
  <message>Start action : verifyResponseStatusCode(response, 200)</message>
  <nestedLevel>1</nestedLevel>
  <property name="startLine">19</property>
  <property name="stepIndex">2</property>
</record>
<record>
  <date>2019-09-22T22:29:36</date>
  <millis>1569209376615</millis>
  <sequence>97</sequence>
  <level>PASSED</level>
  <class>com.kms.katalon.core.logging.XmlKeywordLogger</class>
  <method>logMessage</method>
  <thread>1</thread>
  <message>Verify response status code successfully</message>
  <nestedLevel>1</nestedLevel>
</record>
<record>
  <date>2019-09-22T22:29:36</date>
  <millis>1569209376616</millis>
  <sequence>98</sequence>
  <level>END</level>
  <class>com.kms.katalon.core.logging.XmlKeywordLogger</class>
  <method>endKeyword</method>
  <thread>1</thread>
  <message>End action : verifyResponseStatusCode(response, 200)</message>
  <nestedLevel>1</nestedLevel>
</record>
<record>
  <date>2019-09-22T22:29:36</date>
  <millis>1569209376616</millis>
  <sequence>99</sequence>
  <level>START</level>
  <class>com.kms.katalon.core.logging.XmlKeywordLogger</class>
  <method>startKeyword</method>
  <thread>1</thread>
  <message>Start action : verifyElementPropertyValue(response, \&amp;quot;status\&amp;quot;, \&amp;quot;success\&amp;quot;)</message>
  <nestedLevel>1</nestedLevel>
  <property name="startLine">21</property>
  <property name="stepIndex">3</property>
</record>
<record>
  <date>2019-09-22T22:29:36</date>
  <millis>1569209376647</millis>
  <sequence>101</sequence>
  <level>PASSED</level>
  <class>com.kms.katalon.core.logging.XmlKeywordLogger</class>
  <method>logMessage</method>
  <thread>1</thread>
  <message>Verify element property value successfully</message>
  <nestedLevel>1</nestedLevel>
</record>
<record>
  <date>2019-09-22T22:29:36</date>
  <millis>1569209376647</millis>
  <sequence>102</sequence>
  <level>END</level>
  <class>com.kms.katalon.core.logging.XmlKeywordLogger</class>
  <method>endKeyword</method>
  <thread>1</thread>
  <message>End action : verifyElementPropertyValue(response, \&amp;quot;status\&amp;quot;, \&amp;quot;success\&amp;quot;)</message>
  <nestedLevel>1</nestedLevel>
</record>
<record>
  <date>2019-09-22T22:29:36</date>
  <millis>1569209376648</millis>
  <sequence>103</sequence>
  <level>PASSED</level>
  <class>com.kms.katalon.core.logging.XmlKeywordLogger</class>
  <method>logMessage</method>
  <thread>1</thread>
  <message>Test Cases/AddStudent</message>
  <nestedLevel>1</nestedLevel>
</record>
<record>
  <date>2019-09-22T22:29:36</date>
  <millis>1569209376649</millis>
  <sequence>104</sequence>
  <level>END</level>
  <class>com.kms.katalon.core.logging.XmlKeywordLogger</class>
  <method>endTest</method>
  <thread>1</thread>
  <message>End Test Case : Test Cases/AddStudent</message>
  <nestedLevel>0</nestedLevel>
</record>
<record>
  <date>2019-09-22T22:29:36</date>
  <millis>1569209376655</millis>
  <sequence>105</sequence>
  <level>START</level>
  <class>com.kms.katalon.core.logging.XmlKeywordLogger</class>
  <method>startTest</method>
  <thread>1</thread>
  <message>Start Test Case : Test Cases/AddStudent</message>
  <nestedLevel>1</nestedLevel>
  <property name="name">Test Cases/AddStudent</property>
  <property name="description"></property>
  <property name="id">Test Cases/AddStudent</property>
  <property name="source">\\Users\\kedavidsa\\iCloud Drive (archivo)\\Documents\\Uniandes\\MISO4202-20192\\Taller\\TallerParejasMISO4202201920\\Test Cases\\AddStudent.tc</property>
  <property name="tag"></property>
  <property name="isOptional">false</property>
</record>
<record>
  <date>2019-09-22T22:29:36</date>
  <millis>1569209376665</millis>
  <sequence>107</sequence>
  <level>INFO</level>
  <class>com.kms.katalon.core.logging.XmlKeywordLogger</class>
  <method>logMessage</method>
  <thread>1</thread>
  <message>name = Max</message>
  <nestedLevel>1</nestedLevel>
</record>
<record>
  <date>2019-09-22T22:29:36</date>
  <millis>1569209376666</millis>
  <sequence>108</sequence>
  <level>INFO</level>
  <class>com.kms.katalon.core.logging.XmlKeywordLogger</class>
  <method>logMessage</method>
  <thread>1</thread>
  <message>last = Goracci</message>
  <nestedLevel>1</nestedLevel>
</record>
<record>
  <date>2019-09-22T22:29:36</date>
  <millis>1569209376667</millis>
  <sequence>109</sequence>
  <level>INFO</level>
  <class>com.kms.katalon.core.logging.XmlKeywordLogger</class>
  <method>logMessage</method>
  <thread>1</thread>
  <message>gender = Female</message>
  <nestedLevel>1</nestedLevel>
</record>
<record>
  <date>2019-09-22T22:29:36</date>
  <millis>1569209376668</millis>
  <sequence>110</sequence>
  <level>INFO</level>
  <class>com.kms.katalon.core.logging.XmlKeywordLogger</class>
  <method>logMessage</method>
  <thread>1</thread>
  <message>code = 27-7995889</message>
  <nestedLevel>1</nestedLevel>
</record>
<record>
  <date>2019-09-22T22:29:36</date>
  <millis>1569209376669</millis>
  <sequence>111</sequence>
  <level>INFO</level>
  <class>com.kms.katalon.core.logging.XmlKeywordLogger</class>
  <method>logMessage</method>
  <thread>1</thread>
  <message>country = Indonesia</message>
  <nestedLevel>1</nestedLevel>
</record>
<record>
  <date>2019-09-22T22:29:36</date>
  <millis>1569209376669</millis>
  <sequence>112</sequence>
  <level>INFO</level>
  <class>com.kms.katalon.core.logging.XmlKeywordLogger</class>
  <method>logMessage</method>
  <thread>1</thread>
  <message>city = Jinanten</message>
  <nestedLevel>1</nestedLevel>
</record>
<record>
  <date>2019-09-22T22:29:36</date>
  <millis>1569209376670</millis>
  <sequence>113</sequence>
  <level>INFO</level>
  <class>com.kms.katalon.core.logging.XmlKeywordLogger</class>
  <method>logMessage</method>
  <thread>1</thread>
  <message>university = Universitas Brawijaya</message>
  <nestedLevel>1</nestedLevel>
</record>
<record>
  <date>2019-09-22T22:29:36</date>
  <millis>1569209376672</millis>
  <sequence>114</sequence>
  <level>START</level>
  <class>com.kms.katalon.core.logging.XmlKeywordLogger</class>
  <method>startKeyword</method>
  <thread>1</thread>
  <message>Start action : response = sendRequest(findTestObject(\&amp;quot;AddStudent\&amp;quot;, [\&amp;quot;name\&amp;quot;:$name, \&amp;quot;last\&amp;quot;:$last, \&amp;quot;gender\&amp;quot;:$gender, \&amp;quot;code\&amp;quot;:$code, \&amp;quot;country\&amp;quot;:$country, \&amp;quot;city\&amp;quot;:$city, \&amp;quot;university\&amp;quot;:$university]))</message>
  <nestedLevel>1</nestedLevel>
  <property name="startLine">16</property>
  <property name="stepIndex">1</property>
</record>
<record>
  <date>2019-09-22T22:29:37</date>
  <millis>1569209377098</millis>
  <sequence>117</sequence>
  <level>INFO</level>
  <class>com.kms.katalon.core.logging.XmlKeywordLogger</class>
  <method>logMessage</method>
  <thread>1</thread>
  <message>HAR: /Users/kedavidsa/iCloud Drive (archivo)/Documents/Uniandes/MISO4202-20192/Taller/TallerParejasMISO4202201920/Reports/AddStudent/20190922_222927/requests/main/4.har</message>
  <nestedLevel>1</nestedLevel>
  <property name="harId">a7c73a15-b29d-402b-9a2e-052a7e8be871</property>
</record>
<record>
  <date>2019-09-22T22:29:37</date>
  <millis>1569209377109</millis>
  <sequence>118</sequence>
  <level>PASSED</level>
  <class>com.kms.katalon.core.logging.XmlKeywordLogger</class>
  <method>logMessage</method>
  <thread>1</thread>
  <message>Send request successfully</message>
  <nestedLevel>1</nestedLevel>
</record>
<record>
  <date>2019-09-22T22:29:37</date>
  <millis>1569209377110</millis>
  <sequence>119</sequence>
  <level>END</level>
  <class>com.kms.katalon.core.logging.XmlKeywordLogger</class>
  <method>endKeyword</method>
  <thread>1</thread>
  <message>End action : response = sendRequest(findTestObject(\&amp;quot;AddStudent\&amp;quot;, [\&amp;quot;name\&amp;quot;:$name, \&amp;quot;last\&amp;quot;:$last, \&amp;quot;gender\&amp;quot;:$gender, \&amp;quot;code\&amp;quot;:$code, \&amp;quot;country\&amp;quot;:$country, \&amp;quot;city\&amp;quot;:$city, \&amp;quot;university\&amp;quot;:$university]))</message>
  <nestedLevel>1</nestedLevel>
</record>
<record>
  <date>2019-09-22T22:29:37</date>
  <millis>1569209377111</millis>
  <sequence>120</sequence>
  <level>START</level>
  <class>com.kms.katalon.core.logging.XmlKeywordLogger</class>
  <method>startKeyword</method>
  <thread>1</thread>
  <message>Start action : verifyResponseStatusCode(response, 200)</message>
  <nestedLevel>1</nestedLevel>
  <property name="startLine">19</property>
  <property name="stepIndex">2</property>
</record>
<record>
  <date>2019-09-22T22:29:37</date>
  <millis>1569209377115</millis>
  <sequence>122</sequence>
  <level>PASSED</level>
  <class>com.kms.katalon.core.logging.XmlKeywordLogger</class>
  <method>logMessage</method>
  <thread>1</thread>
  <message>Verify response status code successfully</message>
  <nestedLevel>1</nestedLevel>
</record>
<record>
  <date>2019-09-22T22:29:37</date>
  <millis>1569209377117</millis>
  <sequence>123</sequence>
  <level>END</level>
  <class>com.kms.katalon.core.logging.XmlKeywordLogger</class>
  <method>endKeyword</method>
  <thread>1</thread>
  <message>End action : verifyResponseStatusCode(response, 200)</message>
  <nestedLevel>1</nestedLevel>
</record>
<record>
  <date>2019-09-22T22:29:37</date>
  <millis>1569209377118</millis>
  <sequence>124</sequence>
  <level>START</level>
  <class>com.kms.katalon.core.logging.XmlKeywordLogger</class>
  <method>startKeyword</method>
  <thread>1</thread>
  <message>Start action : verifyElementPropertyValue(response, \&amp;quot;status\&amp;quot;, \&amp;quot;success\&amp;quot;)</message>
  <nestedLevel>1</nestedLevel>
  <property name="startLine">21</property>
  <property name="stepIndex">3</property>
</record>
<record>
  <date>2019-09-22T22:29:37</date>
  <millis>1569209377150</millis>
  <sequence>126</sequence>
  <level>PASSED</level>
  <class>com.kms.katalon.core.logging.XmlKeywordLogger</class>
  <method>logMessage</method>
  <thread>1</thread>
  <message>Verify element property value successfully</message>
  <nestedLevel>1</nestedLevel>
</record>
<record>
  <date>2019-09-22T22:29:37</date>
  <millis>1569209377151</millis>
  <sequence>127</sequence>
  <level>END</level>
  <class>com.kms.katalon.core.logging.XmlKeywordLogger</class>
  <method>endKeyword</method>
  <thread>1</thread>
  <message>End action : verifyElementPropertyValue(response, \&amp;quot;status\&amp;quot;, \&amp;quot;success\&amp;quot;)</message>
  <nestedLevel>1</nestedLevel>
</record>
<record>
  <date>2019-09-22T22:29:37</date>
  <millis>1569209377151</millis>
  <sequence>128</sequence>
  <level>PASSED</level>
  <class>com.kms.katalon.core.logging.XmlKeywordLogger</class>
  <method>logMessage</method>
  <thread>1</thread>
  <message>Test Cases/AddStudent</message>
  <nestedLevel>1</nestedLevel>
</record>
<record>
  <date>2019-09-22T22:29:37</date>
  <millis>1569209377152</millis>
  <sequence>129</sequence>
  <level>END</level>
  <class>com.kms.katalon.core.logging.XmlKeywordLogger</class>
  <method>endTest</method>
  <thread>1</thread>
  <message>End Test Case : Test Cases/AddStudent</message>
  <nestedLevel>0</nestedLevel>
</record>
<record>
  <date>2019-09-22T22:29:37</date>
  <millis>1569209377303</millis>
  <sequence>130</sequence>
  <level>END</level>
  <class>com.kms.katalon.core.logging.XmlKeywordLogger</class>
  <method>endSuite</method>
  <thread>1</thread>
  <message>End Test Suite : Test Suites/AddStudent</message>
  <nestedLevel>0</nestedLevel>
</record>
</log>
