<?xml version="1.0" encoding="UTF-8" standalone="no"?>
<!DOCTYPE log SYSTEM "logger.dtd">
<log>
<record>
  <date>2019-09-22T22:41:14</date>
  <millis>1569210074395</millis>
  <sequence>0</sequence>
  <level>START</level>
  <class>com.kms.katalon.core.logging.XmlKeywordLogger</class>
  <method>startSuite</method>
  <thread>1</thread>
  <message>Start Test Suite : Test Suites/AddStudent</message>
  <nestedLevel>0</nestedLevel>
  <property name="name">AddStudent</property>
  <property name="description"></property>
  <property name="id">Test Suites/AddStudent</property>
</record>
<record>
  <date>2019-09-22T22:41:14</date>
  <millis>1569210074432</millis>
  <sequence>1</sequence>
  <level>RUN_DATA</level>
  <class>com.kms.katalon.core.logging.XmlKeywordLogger</class>
  <method>logMessage</method>
  <thread>1</thread>
  <message>hostName = kedavidsa - 192.168.0.18</message>
  <nestedLevel>0</nestedLevel>
  <property name="hostName">kedavidsa - 192.168.0.18</property>
</record>
<record>
  <date>2019-09-22T22:41:14</date>
  <millis>1569210074436</millis>
  <sequence>2</sequence>
  <level>RUN_DATA</level>
  <class>com.kms.katalon.core.logging.XmlKeywordLogger</class>
  <method>logMessage</method>
  <thread>1</thread>
  <message>os = Mac OS X 64bit</message>
  <nestedLevel>0</nestedLevel>
  <property name="os">Mac OS X 64bit</property>
</record>
<record>
  <date>2019-09-22T22:41:14</date>
  <millis>1569210074437</millis>
  <sequence>3</sequence>
  <level>RUN_DATA</level>
  <class>com.kms.katalon.core.logging.XmlKeywordLogger</class>
  <method>logMessage</method>
  <thread>1</thread>
  <message>hostAddress = 192.168.0.18</message>
  <nestedLevel>0</nestedLevel>
  <property name="hostAddress">192.168.0.18</property>
</record>
<record>
  <date>2019-09-22T22:41:14</date>
  <millis>1569210074438</millis>
  <sequence>4</sequence>
  <level>RUN_DATA</level>
  <class>com.kms.katalon.core.logging.XmlKeywordLogger</class>
  <method>logMessage</method>
  <thread>1</thread>
  <message>katalonVersion = 6.2.2.4</message>
  <nestedLevel>0</nestedLevel>
  <property name="katalonVersion">6.2.2.4</property>
</record>
<record>
  <date>2019-09-22T22:41:14</date>
  <millis>1569210074854</millis>
  <sequence>5</sequence>
  <level>START</level>
  <class>com.kms.katalon.core.logging.XmlKeywordLogger</class>
  <method>startTest</method>
  <thread>1</thread>
  <message>Start Test Case : Test Cases/AddStudent</message>
  <nestedLevel>1</nestedLevel>
  <property name="name">Test Cases/AddStudent</property>
  <property name="description"></property>
  <property name="id">Test Cases/AddStudent</property>
  <property name="source">\\Users\\kedavidsa\\iCloud Drive (archivo)\\Documents\\Uniandes\\MISO4202-20192\\Taller\\TallerParejasMISO4202201920\\Test Cases\\AddStudent.tc</property>
  <property name="tag"></property>
  <property name="isOptional">false</property>
</record>
<record>
  <date>2019-09-22T22:41:14</date>
  <millis>1569210074899</millis>
  <sequence>7</sequence>
  <level>INFO</level>
  <class>com.kms.katalon.core.logging.XmlKeywordLogger</class>
  <method>logMessage</method>
  <thread>1</thread>
  <message>name = Ninetta</message>
  <nestedLevel>1</nestedLevel>
</record>
<record>
  <date>2019-09-22T22:41:14</date>
  <millis>1569210074900</millis>
  <sequence>8</sequence>
  <level>INFO</level>
  <class>com.kms.katalon.core.logging.XmlKeywordLogger</class>
  <method>logMessage</method>
  <thread>1</thread>
  <message>last = Rakes</message>
  <nestedLevel>1</nestedLevel>
</record>
<record>
  <date>2019-09-22T22:41:14</date>
  <millis>1569210074901</millis>
  <sequence>9</sequence>
  <level>INFO</level>
  <class>com.kms.katalon.core.logging.XmlKeywordLogger</class>
  <method>logMessage</method>
  <thread>1</thread>
  <message>gender = Female</message>
  <nestedLevel>1</nestedLevel>
</record>
<record>
  <date>2019-09-22T22:41:14</date>
  <millis>1569210074902</millis>
  <sequence>10</sequence>
  <level>INFO</level>
  <class>com.kms.katalon.core.logging.XmlKeywordLogger</class>
  <method>logMessage</method>
  <thread>1</thread>
  <message>code = 88-7713396</message>
  <nestedLevel>1</nestedLevel>
</record>
<record>
  <date>2019-09-22T22:41:14</date>
  <millis>1569210074903</millis>
  <sequence>11</sequence>
  <level>INFO</level>
  <class>com.kms.katalon.core.logging.XmlKeywordLogger</class>
  <method>logMessage</method>
  <thread>1</thread>
  <message>country = China</message>
  <nestedLevel>1</nestedLevel>
</record>
<record>
  <date>2019-09-22T22:41:14</date>
  <millis>1569210074915</millis>
  <sequence>12</sequence>
  <level>INFO</level>
  <class>com.kms.katalon.core.logging.XmlKeywordLogger</class>
  <method>logMessage</method>
  <thread>1</thread>
  <message>city = Heyin</message>
  <nestedLevel>1</nestedLevel>
</record>
<record>
  <date>2019-09-22T22:41:14</date>
  <millis>1569210074915</millis>
  <sequence>13</sequence>
  <level>INFO</level>
  <class>com.kms.katalon.core.logging.XmlKeywordLogger</class>
  <method>logMessage</method>
  <thread>1</thread>
  <message>university = Harbin Institute of Technology</message>
  <nestedLevel>1</nestedLevel>
</record>
<record>
  <date>2019-09-22T22:41:15</date>
  <millis>1569210075492</millis>
  <sequence>14</sequence>
  <level>START</level>
  <class>com.kms.katalon.core.logging.XmlKeywordLogger</class>
  <method>startKeyword</method>
  <thread>1</thread>
  <message>Start action : response = sendRequest(findTestObject(\&amp;quot;AddStudent\&amp;quot;, [\&amp;quot;name\&amp;quot;:$name, \&amp;quot;last\&amp;quot;:$last, \&amp;quot;gender\&amp;quot;:$gender, \&amp;quot;code\&amp;quot;:$code, \&amp;quot;country\&amp;quot;:$country, \&amp;quot;city\&amp;quot;:$city, \&amp;quot;university\&amp;quot;:$university]))</message>
  <nestedLevel>1</nestedLevel>
  <property name="startLine">16</property>
  <property name="stepIndex">1</property>
</record>
<record>
  <date>2019-09-22T22:41:17</date>
  <millis>1569210077284</millis>
  <sequence>17</sequence>
  <level>INFO</level>
  <class>com.kms.katalon.core.logging.XmlKeywordLogger</class>
  <method>logMessage</method>
  <thread>1</thread>
  <message>HAR: /Users/kedavidsa/iCloud Drive (archivo)/Documents/Uniandes/MISO4202-20192/Taller/TallerParejasMISO4202201920/Reports/AddStudent/20190922_224110/requests/main/0.har</message>
  <nestedLevel>1</nestedLevel>
  <property name="harId">5a161b15-8b23-4f32-893a-c3ebd1465158</property>
</record>
<record>
  <date>2019-09-22T22:41:17</date>
  <millis>1569210077474</millis>
  <sequence>18</sequence>
  <level>PASSED</level>
  <class>com.kms.katalon.core.logging.XmlKeywordLogger</class>
  <method>logMessage</method>
  <thread>1</thread>
  <message>Send request successfully</message>
  <nestedLevel>1</nestedLevel>
</record>
<record>
  <date>2019-09-22T22:41:17</date>
  <millis>1569210077478</millis>
  <sequence>19</sequence>
  <level>END</level>
  <class>com.kms.katalon.core.logging.XmlKeywordLogger</class>
  <method>endKeyword</method>
  <thread>1</thread>
  <message>End action : response = sendRequest(findTestObject(\&amp;quot;AddStudent\&amp;quot;, [\&amp;quot;name\&amp;quot;:$name, \&amp;quot;last\&amp;quot;:$last, \&amp;quot;gender\&amp;quot;:$gender, \&amp;quot;code\&amp;quot;:$code, \&amp;quot;country\&amp;quot;:$country, \&amp;quot;city\&amp;quot;:$city, \&amp;quot;university\&amp;quot;:$university]))</message>
  <nestedLevel>1</nestedLevel>
</record>
<record>
  <date>2019-09-22T22:41:17</date>
  <millis>1569210077478</millis>
  <sequence>20</sequence>
  <level>START</level>
  <class>com.kms.katalon.core.logging.XmlKeywordLogger</class>
  <method>startKeyword</method>
  <thread>1</thread>
  <message>Start action : verifyResponseStatusCode(response, 200)</message>
  <nestedLevel>1</nestedLevel>
  <property name="startLine">19</property>
  <property name="stepIndex">2</property>
</record>
<record>
  <date>2019-09-22T22:41:17</date>
  <millis>1569210077493</millis>
  <sequence>22</sequence>
  <level>PASSED</level>
  <class>com.kms.katalon.core.logging.XmlKeywordLogger</class>
  <method>logMessage</method>
  <thread>1</thread>
  <message>Verify response status code successfully</message>
  <nestedLevel>1</nestedLevel>
</record>
<record>
  <date>2019-09-22T22:41:17</date>
  <millis>1569210077494</millis>
  <sequence>23</sequence>
  <level>END</level>
  <class>com.kms.katalon.core.logging.XmlKeywordLogger</class>
  <method>endKeyword</method>
  <thread>1</thread>
  <message>End action : verifyResponseStatusCode(response, 200)</message>
  <nestedLevel>1</nestedLevel>
</record>
<record>
  <date>2019-09-22T22:41:17</date>
  <millis>1569210077495</millis>
  <sequence>24</sequence>
  <level>START</level>
  <class>com.kms.katalon.core.logging.XmlKeywordLogger</class>
  <method>startKeyword</method>
  <thread>1</thread>
  <message>Start action : verifyElementPropertyValue(response, \&amp;quot;status\&amp;quot;, \&amp;quot;success\&amp;quot;)</message>
  <nestedLevel>1</nestedLevel>
  <property name="startLine">21</property>
  <property name="stepIndex">3</property>
</record>
<record>
  <date>2019-09-22T22:41:17</date>
  <millis>1569210077592</millis>
  <sequence>26</sequence>
  <level>PASSED</level>
  <class>com.kms.katalon.core.logging.XmlKeywordLogger</class>
  <method>logMessage</method>
  <thread>1</thread>
  <message>Verify element property value successfully</message>
  <nestedLevel>1</nestedLevel>
</record>
<record>
  <date>2019-09-22T22:41:17</date>
  <millis>1569210077593</millis>
  <sequence>27</sequence>
  <level>END</level>
  <class>com.kms.katalon.core.logging.XmlKeywordLogger</class>
  <method>endKeyword</method>
  <thread>1</thread>
  <message>End action : verifyElementPropertyValue(response, \&amp;quot;status\&amp;quot;, \&amp;quot;success\&amp;quot;)</message>
  <nestedLevel>1</nestedLevel>
</record>
<record>
  <date>2019-09-22T22:41:17</date>
  <millis>1569210077594</millis>
  <sequence>28</sequence>
  <level>PASSED</level>
  <class>com.kms.katalon.core.logging.XmlKeywordLogger</class>
  <method>logMessage</method>
  <thread>1</thread>
  <message>Test Cases/AddStudent</message>
  <nestedLevel>1</nestedLevel>
</record>
<record>
  <date>2019-09-22T22:41:17</date>
  <millis>1569210077595</millis>
  <sequence>29</sequence>
  <level>END</level>
  <class>com.kms.katalon.core.logging.XmlKeywordLogger</class>
  <method>endTest</method>
  <thread>1</thread>
  <message>End Test Case : Test Cases/AddStudent</message>
  <nestedLevel>0</nestedLevel>
</record>
<record>
  <date>2019-09-22T22:41:17</date>
  <millis>1569210077624</millis>
  <sequence>30</sequence>
  <level>START</level>
  <class>com.kms.katalon.core.logging.XmlKeywordLogger</class>
  <method>startTest</method>
  <thread>1</thread>
  <message>Start Test Case : Test Cases/AddStudent</message>
  <nestedLevel>1</nestedLevel>
  <property name="name">Test Cases/AddStudent</property>
  <property name="description"></property>
  <property name="id">Test Cases/AddStudent</property>
  <property name="source">\\Users\\kedavidsa\\iCloud Drive (archivo)\\Documents\\Uniandes\\MISO4202-20192\\Taller\\TallerParejasMISO4202201920\\Test Cases\\AddStudent.tc</property>
  <property name="tag"></property>
  <property name="isOptional">false</property>
</record>
<record>
  <date>2019-09-22T22:41:17</date>
  <millis>1569210077639</millis>
  <sequence>32</sequence>
  <level>INFO</level>
  <class>com.kms.katalon.core.logging.XmlKeywordLogger</class>
  <method>logMessage</method>
  <thread>1</thread>
  <message>name = Witty</message>
  <nestedLevel>1</nestedLevel>
</record>
<record>
  <date>2019-09-22T22:41:17</date>
  <millis>1569210077639</millis>
  <sequence>33</sequence>
  <level>INFO</level>
  <class>com.kms.katalon.core.logging.XmlKeywordLogger</class>
  <method>logMessage</method>
  <thread>1</thread>
  <message>last = Tewkesbury.</message>
  <nestedLevel>1</nestedLevel>
</record>
<record>
  <date>2019-09-22T22:41:17</date>
  <millis>1569210077641</millis>
  <sequence>34</sequence>
  <level>INFO</level>
  <class>com.kms.katalon.core.logging.XmlKeywordLogger</class>
  <method>logMessage</method>
  <thread>1</thread>
  <message>gender = Male</message>
  <nestedLevel>1</nestedLevel>
</record>
<record>
  <date>2019-09-22T22:41:17</date>
  <millis>1569210077652</millis>
  <sequence>35</sequence>
  <level>INFO</level>
  <class>com.kms.katalon.core.logging.XmlKeywordLogger</class>
  <method>logMessage</method>
  <thread>1</thread>
  <message>code = 78-6402515</message>
  <nestedLevel>1</nestedLevel>
</record>
<record>
  <date>2019-09-22T22:41:17</date>
  <millis>1569210077653</millis>
  <sequence>36</sequence>
  <level>INFO</level>
  <class>com.kms.katalon.core.logging.XmlKeywordLogger</class>
  <method>logMessage</method>
  <thread>1</thread>
  <message>country = Slovakia</message>
  <nestedLevel>1</nestedLevel>
</record>
<record>
  <date>2019-09-22T22:41:17</date>
  <millis>1569210077654</millis>
  <sequence>37</sequence>
  <level>INFO</level>
  <class>com.kms.katalon.core.logging.XmlKeywordLogger</class>
  <method>logMessage</method>
  <thread>1</thread>
  <message>city = Bratislava</message>
  <nestedLevel>1</nestedLevel>
</record>
<record>
  <date>2019-09-22T22:41:17</date>
  <millis>1569210077655</millis>
  <sequence>38</sequence>
  <level>INFO</level>
  <class>com.kms.katalon.core.logging.XmlKeywordLogger</class>
  <method>logMessage</method>
  <thread>1</thread>
  <message>university = University of SV Cyril and Methodius in Trnava</message>
  <nestedLevel>1</nestedLevel>
</record>
<record>
  <date>2019-09-22T22:41:17</date>
  <millis>1569210077656</millis>
  <sequence>39</sequence>
  <level>START</level>
  <class>com.kms.katalon.core.logging.XmlKeywordLogger</class>
  <method>startKeyword</method>
  <thread>1</thread>
  <message>Start action : response = sendRequest(findTestObject(\&amp;quot;AddStudent\&amp;quot;, [\&amp;quot;name\&amp;quot;:$name, \&amp;quot;last\&amp;quot;:$last, \&amp;quot;gender\&amp;quot;:$gender, \&amp;quot;code\&amp;quot;:$code, \&amp;quot;country\&amp;quot;:$country, \&amp;quot;city\&amp;quot;:$city, \&amp;quot;university\&amp;quot;:$university]))</message>
  <nestedLevel>1</nestedLevel>
  <property name="startLine">16</property>
  <property name="stepIndex">1</property>
</record>
<record>
  <date>2019-09-22T22:41:18</date>
  <millis>1569210078154</millis>
  <sequence>42</sequence>
  <level>INFO</level>
  <class>com.kms.katalon.core.logging.XmlKeywordLogger</class>
  <method>logMessage</method>
  <thread>1</thread>
  <message>HAR: /Users/kedavidsa/iCloud Drive (archivo)/Documents/Uniandes/MISO4202-20192/Taller/TallerParejasMISO4202201920/Reports/AddStudent/20190922_224110/requests/main/1.har</message>
  <nestedLevel>1</nestedLevel>
  <property name="harId">1de7f752-94a3-4499-be65-3ed82d8c5a9d</property>
</record>
<record>
  <date>2019-09-22T22:41:18</date>
  <millis>1569210078159</millis>
  <sequence>43</sequence>
  <level>PASSED</level>
  <class>com.kms.katalon.core.logging.XmlKeywordLogger</class>
  <method>logMessage</method>
  <thread>1</thread>
  <message>Send request successfully</message>
  <nestedLevel>1</nestedLevel>
</record>
<record>
  <date>2019-09-22T22:41:18</date>
  <millis>1569210078160</millis>
  <sequence>44</sequence>
  <level>END</level>
  <class>com.kms.katalon.core.logging.XmlKeywordLogger</class>
  <method>endKeyword</method>
  <thread>1</thread>
  <message>End action : response = sendRequest(findTestObject(\&amp;quot;AddStudent\&amp;quot;, [\&amp;quot;name\&amp;quot;:$name, \&amp;quot;last\&amp;quot;:$last, \&amp;quot;gender\&amp;quot;:$gender, \&amp;quot;code\&amp;quot;:$code, \&amp;quot;country\&amp;quot;:$country, \&amp;quot;city\&amp;quot;:$city, \&amp;quot;university\&amp;quot;:$university]))</message>
  <nestedLevel>1</nestedLevel>
</record>
<record>
  <date>2019-09-22T22:41:18</date>
  <millis>1569210078161</millis>
  <sequence>45</sequence>
  <level>START</level>
  <class>com.kms.katalon.core.logging.XmlKeywordLogger</class>
  <method>startKeyword</method>
  <thread>1</thread>
  <message>Start action : verifyResponseStatusCode(response, 200)</message>
  <nestedLevel>1</nestedLevel>
  <property name="startLine">19</property>
  <property name="stepIndex">2</property>
</record>
<record>
  <date>2019-09-22T22:41:18</date>
  <millis>1569210078165</millis>
  <sequence>47</sequence>
  <level>PASSED</level>
  <class>com.kms.katalon.core.logging.XmlKeywordLogger</class>
  <method>logMessage</method>
  <thread>1</thread>
  <message>Verify response status code successfully</message>
  <nestedLevel>1</nestedLevel>
</record>
<record>
  <date>2019-09-22T22:41:18</date>
  <millis>1569210078166</millis>
  <sequence>48</sequence>
  <level>END</level>
  <class>com.kms.katalon.core.logging.XmlKeywordLogger</class>
  <method>endKeyword</method>
  <thread>1</thread>
  <message>End action : verifyResponseStatusCode(response, 200)</message>
  <nestedLevel>1</nestedLevel>
</record>
<record>
  <date>2019-09-22T22:41:18</date>
  <millis>1569210078166</millis>
  <sequence>49</sequence>
  <level>START</level>
  <class>com.kms.katalon.core.logging.XmlKeywordLogger</class>
  <method>startKeyword</method>
  <thread>1</thread>
  <message>Start action : verifyElementPropertyValue(response, \&amp;quot;status\&amp;quot;, \&amp;quot;success\&amp;quot;)</message>
  <nestedLevel>1</nestedLevel>
  <property name="startLine">21</property>
  <property name="stepIndex">3</property>
</record>
<record>
  <date>2019-09-22T22:41:18</date>
  <millis>1569210078195</millis>
  <sequence>51</sequence>
  <level>PASSED</level>
  <class>com.kms.katalon.core.logging.XmlKeywordLogger</class>
  <method>logMessage</method>
  <thread>1</thread>
  <message>Verify element property value successfully</message>
  <nestedLevel>1</nestedLevel>
</record>
<record>
  <date>2019-09-22T22:41:18</date>
  <millis>1569210078196</millis>
  <sequence>52</sequence>
  <level>END</level>
  <class>com.kms.katalon.core.logging.XmlKeywordLogger</class>
  <method>endKeyword</method>
  <thread>1</thread>
  <message>End action : verifyElementPropertyValue(response, \&amp;quot;status\&amp;quot;, \&amp;quot;success\&amp;quot;)</message>
  <nestedLevel>1</nestedLevel>
</record>
<record>
  <date>2019-09-22T22:41:18</date>
  <millis>1569210078196</millis>
  <sequence>53</sequence>
  <level>PASSED</level>
  <class>com.kms.katalon.core.logging.XmlKeywordLogger</class>
  <method>logMessage</method>
  <thread>1</thread>
  <message>Test Cases/AddStudent</message>
  <nestedLevel>1</nestedLevel>
</record>
<record>
  <date>2019-09-22T22:41:18</date>
  <millis>1569210078197</millis>
  <sequence>54</sequence>
  <level>END</level>
  <class>com.kms.katalon.core.logging.XmlKeywordLogger</class>
  <method>endTest</method>
  <thread>1</thread>
  <message>End Test Case : Test Cases/AddStudent</message>
  <nestedLevel>0</nestedLevel>
</record>
<record>
  <date>2019-09-22T22:41:18</date>
  <millis>1569210078202</millis>
  <sequence>55</sequence>
  <level>START</level>
  <class>com.kms.katalon.core.logging.XmlKeywordLogger</class>
  <method>startTest</method>
  <thread>1</thread>
  <message>Start Test Case : Test Cases/AddStudent</message>
  <nestedLevel>1</nestedLevel>
  <property name="name">Test Cases/AddStudent</property>
  <property name="description"></property>
  <property name="id">Test Cases/AddStudent</property>
  <property name="source">\\Users\\kedavidsa\\iCloud Drive (archivo)\\Documents\\Uniandes\\MISO4202-20192\\Taller\\TallerParejasMISO4202201920\\Test Cases\\AddStudent.tc</property>
  <property name="tag"></property>
  <property name="isOptional">false</property>
</record>
<record>
  <date>2019-09-22T22:41:18</date>
  <millis>1569210078213</millis>
  <sequence>57</sequence>
  <level>INFO</level>
  <class>com.kms.katalon.core.logging.XmlKeywordLogger</class>
  <method>logMessage</method>
  <thread>1</thread>
  <message>name = Yankee</message>
  <nestedLevel>1</nestedLevel>
</record>
<record>
  <date>2019-09-22T22:41:18</date>
  <millis>1569210078214</millis>
  <sequence>58</sequence>
  <level>INFO</level>
  <class>com.kms.katalon.core.logging.XmlKeywordLogger</class>
  <method>logMessage</method>
  <thread>1</thread>
  <message>last = Wooler</message>
  <nestedLevel>1</nestedLevel>
</record>
<record>
  <date>2019-09-22T22:41:18</date>
  <millis>1569210078214</millis>
  <sequence>59</sequence>
  <level>INFO</level>
  <class>com.kms.katalon.core.logging.XmlKeywordLogger</class>
  <method>logMessage</method>
  <thread>1</thread>
  <message>gender = Male</message>
  <nestedLevel>1</nestedLevel>
</record>
<record>
  <date>2019-09-22T22:41:18</date>
  <millis>1569210078215</millis>
  <sequence>60</sequence>
  <level>INFO</level>
  <class>com.kms.katalon.core.logging.XmlKeywordLogger</class>
  <method>logMessage</method>
  <thread>1</thread>
  <message>code = 23-7464793</message>
  <nestedLevel>1</nestedLevel>
</record>
<record>
  <date>2019-09-22T22:41:18</date>
  <millis>1569210078215</millis>
  <sequence>61</sequence>
  <level>INFO</level>
  <class>com.kms.katalon.core.logging.XmlKeywordLogger</class>
  <method>logMessage</method>
  <thread>1</thread>
  <message>country = Indonesia</message>
  <nestedLevel>1</nestedLevel>
</record>
<record>
  <date>2019-09-22T22:41:18</date>
  <millis>1569210078215</millis>
  <sequence>62</sequence>
  <level>INFO</level>
  <class>com.kms.katalon.core.logging.XmlKeywordLogger</class>
  <method>logMessage</method>
  <thread>1</thread>
  <message>city = Cisasak</message>
  <nestedLevel>1</nestedLevel>
</record>
<record>
  <date>2019-09-22T22:41:18</date>
  <millis>1569210078216</millis>
  <sequence>63</sequence>
  <level>INFO</level>
  <class>com.kms.katalon.core.logging.XmlKeywordLogger</class>
  <method>logMessage</method>
  <thread>1</thread>
  <message>university = Universitas Negeri Medan</message>
  <nestedLevel>1</nestedLevel>
</record>
<record>
  <date>2019-09-22T22:41:18</date>
  <millis>1569210078218</millis>
  <sequence>64</sequence>
  <level>START</level>
  <class>com.kms.katalon.core.logging.XmlKeywordLogger</class>
  <method>startKeyword</method>
  <thread>1</thread>
  <message>Start action : response = sendRequest(findTestObject(\&amp;quot;AddStudent\&amp;quot;, [\&amp;quot;name\&amp;quot;:$name, \&amp;quot;last\&amp;quot;:$last, \&amp;quot;gender\&amp;quot;:$gender, \&amp;quot;code\&amp;quot;:$code, \&amp;quot;country\&amp;quot;:$country, \&amp;quot;city\&amp;quot;:$city, \&amp;quot;university\&amp;quot;:$university]))</message>
  <nestedLevel>1</nestedLevel>
  <property name="startLine">16</property>
  <property name="stepIndex">1</property>
</record>
<record>
  <date>2019-09-22T22:41:18</date>
  <millis>1569210078580</millis>
  <sequence>67</sequence>
  <level>INFO</level>
  <class>com.kms.katalon.core.logging.XmlKeywordLogger</class>
  <method>logMessage</method>
  <thread>1</thread>
  <message>HAR: /Users/kedavidsa/iCloud Drive (archivo)/Documents/Uniandes/MISO4202-20192/Taller/TallerParejasMISO4202201920/Reports/AddStudent/20190922_224110/requests/main/2.har</message>
  <nestedLevel>1</nestedLevel>
  <property name="harId">28f39f95-2d8e-45e4-a834-a58be3d528f0</property>
</record>
<record>
  <date>2019-09-22T22:41:18</date>
  <millis>1569210078582</millis>
  <sequence>68</sequence>
  <level>PASSED</level>
  <class>com.kms.katalon.core.logging.XmlKeywordLogger</class>
  <method>logMessage</method>
  <thread>1</thread>
  <message>Send request successfully</message>
  <nestedLevel>1</nestedLevel>
</record>
<record>
  <date>2019-09-22T22:41:18</date>
  <millis>1569210078583</millis>
  <sequence>69</sequence>
  <level>END</level>
  <class>com.kms.katalon.core.logging.XmlKeywordLogger</class>
  <method>endKeyword</method>
  <thread>1</thread>
  <message>End action : response = sendRequest(findTestObject(\&amp;quot;AddStudent\&amp;quot;, [\&amp;quot;name\&amp;quot;:$name, \&amp;quot;last\&amp;quot;:$last, \&amp;quot;gender\&amp;quot;:$gender, \&amp;quot;code\&amp;quot;:$code, \&amp;quot;country\&amp;quot;:$country, \&amp;quot;city\&amp;quot;:$city, \&amp;quot;university\&amp;quot;:$university]))</message>
  <nestedLevel>1</nestedLevel>
</record>
<record>
  <date>2019-09-22T22:41:18</date>
  <millis>1569210078584</millis>
  <sequence>70</sequence>
  <level>START</level>
  <class>com.kms.katalon.core.logging.XmlKeywordLogger</class>
  <method>startKeyword</method>
  <thread>1</thread>
  <message>Start action : verifyResponseStatusCode(response, 200)</message>
  <nestedLevel>1</nestedLevel>
  <property name="startLine">19</property>
  <property name="stepIndex">2</property>
</record>
<record>
  <date>2019-09-22T22:41:18</date>
  <millis>1569210078588</millis>
  <sequence>72</sequence>
  <level>PASSED</level>
  <class>com.kms.katalon.core.logging.XmlKeywordLogger</class>
  <method>logMessage</method>
  <thread>1</thread>
  <message>Verify response status code successfully</message>
  <nestedLevel>1</nestedLevel>
</record>
<record>
  <date>2019-09-22T22:41:18</date>
  <millis>1569210078589</millis>
  <sequence>73</sequence>
  <level>END</level>
  <class>com.kms.katalon.core.logging.XmlKeywordLogger</class>
  <method>endKeyword</method>
  <thread>1</thread>
  <message>End action : verifyResponseStatusCode(response, 200)</message>
  <nestedLevel>1</nestedLevel>
</record>
<record>
  <date>2019-09-22T22:41:18</date>
  <millis>1569210078589</millis>
  <sequence>74</sequence>
  <level>START</level>
  <class>com.kms.katalon.core.logging.XmlKeywordLogger</class>
  <method>startKeyword</method>
  <thread>1</thread>
  <message>Start action : verifyElementPropertyValue(response, \&amp;quot;status\&amp;quot;, \&amp;quot;success\&amp;quot;)</message>
  <nestedLevel>1</nestedLevel>
  <property name="startLine">21</property>
  <property name="stepIndex">3</property>
</record>
<record>
  <date>2019-09-22T22:41:18</date>
  <millis>1569210078625</millis>
  <sequence>76</sequence>
  <level>PASSED</level>
  <class>com.kms.katalon.core.logging.XmlKeywordLogger</class>
  <method>logMessage</method>
  <thread>1</thread>
  <message>Verify element property value successfully</message>
  <nestedLevel>1</nestedLevel>
</record>
<record>
  <date>2019-09-22T22:41:18</date>
  <millis>1569210078625</millis>
  <sequence>77</sequence>
  <level>END</level>
  <class>com.kms.katalon.core.logging.XmlKeywordLogger</class>
  <method>endKeyword</method>
  <thread>1</thread>
  <message>End action : verifyElementPropertyValue(response, \&amp;quot;status\&amp;quot;, \&amp;quot;success\&amp;quot;)</message>
  <nestedLevel>1</nestedLevel>
</record>
<record>
  <date>2019-09-22T22:41:18</date>
  <millis>1569210078626</millis>
  <sequence>78</sequence>
  <level>PASSED</level>
  <class>com.kms.katalon.core.logging.XmlKeywordLogger</class>
  <method>logMessage</method>
  <thread>1</thread>
  <message>Test Cases/AddStudent</message>
  <nestedLevel>1</nestedLevel>
</record>
<record>
  <date>2019-09-22T22:41:18</date>
  <millis>1569210078627</millis>
  <sequence>79</sequence>
  <level>END</level>
  <class>com.kms.katalon.core.logging.XmlKeywordLogger</class>
  <method>endTest</method>
  <thread>1</thread>
  <message>End Test Case : Test Cases/AddStudent</message>
  <nestedLevel>0</nestedLevel>
</record>
<record>
  <date>2019-09-22T22:41:18</date>
  <millis>1569210078633</millis>
  <sequence>80</sequence>
  <level>START</level>
  <class>com.kms.katalon.core.logging.XmlKeywordLogger</class>
  <method>startTest</method>
  <thread>1</thread>
  <message>Start Test Case : Test Cases/AddStudent</message>
  <nestedLevel>1</nestedLevel>
  <property name="name">Test Cases/AddStudent</property>
  <property name="description"></property>
  <property name="id">Test Cases/AddStudent</property>
  <property name="source">\\Users\\kedavidsa\\iCloud Drive (archivo)\\Documents\\Uniandes\\MISO4202-20192\\Taller\\TallerParejasMISO4202201920\\Test Cases\\AddStudent.tc</property>
  <property name="tag"></property>
  <property name="isOptional">false</property>
</record>
<record>
  <date>2019-09-22T22:41:18</date>
  <millis>1569210078644</millis>
  <sequence>82</sequence>
  <level>INFO</level>
  <class>com.kms.katalon.core.logging.XmlKeywordLogger</class>
  <method>logMessage</method>
  <thread>1</thread>
  <message>name = Lindsey</message>
  <nestedLevel>1</nestedLevel>
</record>
<record>
  <date>2019-09-22T22:41:18</date>
  <millis>1569210078645</millis>
  <sequence>83</sequence>
  <level>INFO</level>
  <class>com.kms.katalon.core.logging.XmlKeywordLogger</class>
  <method>logMessage</method>
  <thread>1</thread>
  <message>last = Bartaletti</message>
  <nestedLevel>1</nestedLevel>
</record>
<record>
  <date>2019-09-22T22:41:18</date>
  <millis>1569210078645</millis>
  <sequence>84</sequence>
  <level>INFO</level>
  <class>com.kms.katalon.core.logging.XmlKeywordLogger</class>
  <method>logMessage</method>
  <thread>1</thread>
  <message>gender = Male</message>
  <nestedLevel>1</nestedLevel>
</record>
<record>
  <date>2019-09-22T22:41:18</date>
  <millis>1569210078646</millis>
  <sequence>85</sequence>
  <level>INFO</level>
  <class>com.kms.katalon.core.logging.XmlKeywordLogger</class>
  <method>logMessage</method>
  <thread>1</thread>
  <message>code = 73-8826081</message>
  <nestedLevel>1</nestedLevel>
</record>
<record>
  <date>2019-09-22T22:41:18</date>
  <millis>1569210078647</millis>
  <sequence>86</sequence>
  <level>INFO</level>
  <class>com.kms.katalon.core.logging.XmlKeywordLogger</class>
  <method>logMessage</method>
  <thread>1</thread>
  <message>country = Thailand</message>
  <nestedLevel>1</nestedLevel>
</record>
<record>
  <date>2019-09-22T22:41:18</date>
  <millis>1569210078647</millis>
  <sequence>87</sequence>
  <level>INFO</level>
  <class>com.kms.katalon.core.logging.XmlKeywordLogger</class>
  <method>logMessage</method>
  <thread>1</thread>
  <message>city = Aranyaprathet</message>
  <nestedLevel>1</nestedLevel>
</record>
<record>
  <date>2019-09-22T22:41:18</date>
  <millis>1569210078648</millis>
  <sequence>88</sequence>
  <level>INFO</level>
  <class>com.kms.katalon.core.logging.XmlKeywordLogger</class>
  <method>logMessage</method>
  <thread>1</thread>
  <message>university = Huachiew Chalermprakiet University</message>
  <nestedLevel>1</nestedLevel>
</record>
<record>
  <date>2019-09-22T22:41:18</date>
  <millis>1569210078653</millis>
  <sequence>89</sequence>
  <level>START</level>
  <class>com.kms.katalon.core.logging.XmlKeywordLogger</class>
  <method>startKeyword</method>
  <thread>1</thread>
  <message>Start action : response = sendRequest(findTestObject(\&amp;quot;AddStudent\&amp;quot;, [\&amp;quot;name\&amp;quot;:$name, \&amp;quot;last\&amp;quot;:$last, \&amp;quot;gender\&amp;quot;:$gender, \&amp;quot;code\&amp;quot;:$code, \&amp;quot;country\&amp;quot;:$country, \&amp;quot;city\&amp;quot;:$city, \&amp;quot;university\&amp;quot;:$university]))</message>
  <nestedLevel>1</nestedLevel>
  <property name="startLine">16</property>
  <property name="stepIndex">1</property>
</record>
<record>
  <date>2019-09-22T22:41:19</date>
  <millis>1569210079069</millis>
  <sequence>92</sequence>
  <level>INFO</level>
  <class>com.kms.katalon.core.logging.XmlKeywordLogger</class>
  <method>logMessage</method>
  <thread>1</thread>
  <message>HAR: /Users/kedavidsa/iCloud Drive (archivo)/Documents/Uniandes/MISO4202-20192/Taller/TallerParejasMISO4202201920/Reports/AddStudent/20190922_224110/requests/main/3.har</message>
  <nestedLevel>1</nestedLevel>
  <property name="harId">0fdd224b-577d-4afd-8b7a-bbf0a54b749a</property>
</record>
<record>
  <date>2019-09-22T22:41:19</date>
  <millis>1569210079073</millis>
  <sequence>93</sequence>
  <level>PASSED</level>
  <class>com.kms.katalon.core.logging.XmlKeywordLogger</class>
  <method>logMessage</method>
  <thread>1</thread>
  <message>Send request successfully</message>
  <nestedLevel>1</nestedLevel>
</record>
<record>
  <date>2019-09-22T22:41:19</date>
  <millis>1569210079074</millis>
  <sequence>94</sequence>
  <level>END</level>
  <class>com.kms.katalon.core.logging.XmlKeywordLogger</class>
  <method>endKeyword</method>
  <thread>1</thread>
  <message>End action : response = sendRequest(findTestObject(\&amp;quot;AddStudent\&amp;quot;, [\&amp;quot;name\&amp;quot;:$name, \&amp;quot;last\&amp;quot;:$last, \&amp;quot;gender\&amp;quot;:$gender, \&amp;quot;code\&amp;quot;:$code, \&amp;quot;country\&amp;quot;:$country, \&amp;quot;city\&amp;quot;:$city, \&amp;quot;university\&amp;quot;:$university]))</message>
  <nestedLevel>1</nestedLevel>
</record>
<record>
  <date>2019-09-22T22:41:19</date>
  <millis>1569210079074</millis>
  <sequence>95</sequence>
  <level>START</level>
  <class>com.kms.katalon.core.logging.XmlKeywordLogger</class>
  <method>startKeyword</method>
  <thread>1</thread>
  <message>Start action : verifyResponseStatusCode(response, 200)</message>
  <nestedLevel>1</nestedLevel>
  <property name="startLine">19</property>
  <property name="stepIndex">2</property>
</record>
<record>
  <date>2019-09-22T22:41:19</date>
  <millis>1569210079078</millis>
  <sequence>97</sequence>
  <level>PASSED</level>
  <class>com.kms.katalon.core.logging.XmlKeywordLogger</class>
  <method>logMessage</method>
  <thread>1</thread>
  <message>Verify response status code successfully</message>
  <nestedLevel>1</nestedLevel>
</record>
<record>
  <date>2019-09-22T22:41:19</date>
  <millis>1569210079081</millis>
  <sequence>98</sequence>
  <level>END</level>
  <class>com.kms.katalon.core.logging.XmlKeywordLogger</class>
  <method>endKeyword</method>
  <thread>1</thread>
  <message>End action : verifyResponseStatusCode(response, 200)</message>
  <nestedLevel>1</nestedLevel>
</record>
<record>
  <date>2019-09-22T22:41:19</date>
  <millis>1569210079081</millis>
  <sequence>99</sequence>
  <level>START</level>
  <class>com.kms.katalon.core.logging.XmlKeywordLogger</class>
  <method>startKeyword</method>
  <thread>1</thread>
  <message>Start action : verifyElementPropertyValue(response, \&amp;quot;status\&amp;quot;, \&amp;quot;success\&amp;quot;)</message>
  <nestedLevel>1</nestedLevel>
  <property name="startLine">21</property>
  <property name="stepIndex">3</property>
</record>
<record>
  <date>2019-09-22T22:41:19</date>
  <millis>1569210079115</millis>
  <sequence>101</sequence>
  <level>PASSED</level>
  <class>com.kms.katalon.core.logging.XmlKeywordLogger</class>
  <method>logMessage</method>
  <thread>1</thread>
  <message>Verify element property value successfully</message>
  <nestedLevel>1</nestedLevel>
</record>
<record>
  <date>2019-09-22T22:41:19</date>
  <millis>1569210079115</millis>
  <sequence>102</sequence>
  <level>END</level>
  <class>com.kms.katalon.core.logging.XmlKeywordLogger</class>
  <method>endKeyword</method>
  <thread>1</thread>
  <message>End action : verifyElementPropertyValue(response, \&amp;quot;status\&amp;quot;, \&amp;quot;success\&amp;quot;)</message>
  <nestedLevel>1</nestedLevel>
</record>
<record>
  <date>2019-09-22T22:41:19</date>
  <millis>1569210079115</millis>
  <sequence>103</sequence>
  <level>PASSED</level>
  <class>com.kms.katalon.core.logging.XmlKeywordLogger</class>
  <method>logMessage</method>
  <thread>1</thread>
  <message>Test Cases/AddStudent</message>
  <nestedLevel>1</nestedLevel>
</record>
<record>
  <date>2019-09-22T22:41:19</date>
  <millis>1569210079116</millis>
  <sequence>104</sequence>
  <level>END</level>
  <class>com.kms.katalon.core.logging.XmlKeywordLogger</class>
  <method>endTest</method>
  <thread>1</thread>
  <message>End Test Case : Test Cases/AddStudent</message>
  <nestedLevel>0</nestedLevel>
</record>
<record>
  <date>2019-09-22T22:41:19</date>
  <millis>1569210079121</millis>
  <sequence>105</sequence>
  <level>START</level>
  <class>com.kms.katalon.core.logging.XmlKeywordLogger</class>
  <method>startTest</method>
  <thread>1</thread>
  <message>Start Test Case : Test Cases/AddStudent</message>
  <nestedLevel>1</nestedLevel>
  <property name="name">Test Cases/AddStudent</property>
  <property name="description"></property>
  <property name="id">Test Cases/AddStudent</property>
  <property name="source">\\Users\\kedavidsa\\iCloud Drive (archivo)\\Documents\\Uniandes\\MISO4202-20192\\Taller\\TallerParejasMISO4202201920\\Test Cases\\AddStudent.tc</property>
  <property name="tag"></property>
  <property name="isOptional">false</property>
</record>
<record>
  <date>2019-09-22T22:41:19</date>
  <millis>1569210079131</millis>
  <sequence>107</sequence>
  <level>INFO</level>
  <class>com.kms.katalon.core.logging.XmlKeywordLogger</class>
  <method>logMessage</method>
  <thread>1</thread>
  <message>name = Max</message>
  <nestedLevel>1</nestedLevel>
</record>
<record>
  <date>2019-09-22T22:41:19</date>
  <millis>1569210079131</millis>
  <sequence>108</sequence>
  <level>INFO</level>
  <class>com.kms.katalon.core.logging.XmlKeywordLogger</class>
  <method>logMessage</method>
  <thread>1</thread>
  <message>last = Goracci</message>
  <nestedLevel>1</nestedLevel>
</record>
<record>
  <date>2019-09-22T22:41:19</date>
  <millis>1569210079132</millis>
  <sequence>109</sequence>
  <level>INFO</level>
  <class>com.kms.katalon.core.logging.XmlKeywordLogger</class>
  <method>logMessage</method>
  <thread>1</thread>
  <message>gender = Female</message>
  <nestedLevel>1</nestedLevel>
</record>
<record>
  <date>2019-09-22T22:41:19</date>
  <millis>1569210079132</millis>
  <sequence>110</sequence>
  <level>INFO</level>
  <class>com.kms.katalon.core.logging.XmlKeywordLogger</class>
  <method>logMessage</method>
  <thread>1</thread>
  <message>code = 27-7995889</message>
  <nestedLevel>1</nestedLevel>
</record>
<record>
  <date>2019-09-22T22:41:19</date>
  <millis>1569210079134</millis>
  <sequence>111</sequence>
  <level>INFO</level>
  <class>com.kms.katalon.core.logging.XmlKeywordLogger</class>
  <method>logMessage</method>
  <thread>1</thread>
  <message>country = Indonesia</message>
  <nestedLevel>1</nestedLevel>
</record>
<record>
  <date>2019-09-22T22:41:19</date>
  <millis>1569210079135</millis>
  <sequence>112</sequence>
  <level>INFO</level>
  <class>com.kms.katalon.core.logging.XmlKeywordLogger</class>
  <method>logMessage</method>
  <thread>1</thread>
  <message>city = Jinanten</message>
  <nestedLevel>1</nestedLevel>
</record>
<record>
  <date>2019-09-22T22:41:19</date>
  <millis>1569210079135</millis>
  <sequence>113</sequence>
  <level>INFO</level>
  <class>com.kms.katalon.core.logging.XmlKeywordLogger</class>
  <method>logMessage</method>
  <thread>1</thread>
  <message>university = Universitas Brawijaya</message>
  <nestedLevel>1</nestedLevel>
</record>
<record>
  <date>2019-09-22T22:41:19</date>
  <millis>1569210079137</millis>
  <sequence>114</sequence>
  <level>START</level>
  <class>com.kms.katalon.core.logging.XmlKeywordLogger</class>
  <method>startKeyword</method>
  <thread>1</thread>
  <message>Start action : response = sendRequest(findTestObject(\&amp;quot;AddStudent\&amp;quot;, [\&amp;quot;name\&amp;quot;:$name, \&amp;quot;last\&amp;quot;:$last, \&amp;quot;gender\&amp;quot;:$gender, \&amp;quot;code\&amp;quot;:$code, \&amp;quot;country\&amp;quot;:$country, \&amp;quot;city\&amp;quot;:$city, \&amp;quot;university\&amp;quot;:$university]))</message>
  <nestedLevel>1</nestedLevel>
  <property name="startLine">16</property>
  <property name="stepIndex">1</property>
</record>
<record>
  <date>2019-09-22T22:41:19</date>
  <millis>1569210079601</millis>
  <sequence>117</sequence>
  <level>INFO</level>
  <class>com.kms.katalon.core.logging.XmlKeywordLogger</class>
  <method>logMessage</method>
  <thread>1</thread>
  <message>HAR: /Users/kedavidsa/iCloud Drive (archivo)/Documents/Uniandes/MISO4202-20192/Taller/TallerParejasMISO4202201920/Reports/AddStudent/20190922_224110/requests/main/4.har</message>
  <nestedLevel>1</nestedLevel>
  <property name="harId">6814a7a7-1525-43f1-a09d-aa2ba59891b0</property>
</record>
<record>
  <date>2019-09-22T22:41:19</date>
  <millis>1569210079603</millis>
  <sequence>118</sequence>
  <level>PASSED</level>
  <class>com.kms.katalon.core.logging.XmlKeywordLogger</class>
  <method>logMessage</method>
  <thread>1</thread>
  <message>Send request successfully</message>
  <nestedLevel>1</nestedLevel>
</record>
<record>
  <date>2019-09-22T22:41:19</date>
  <millis>1569210079604</millis>
  <sequence>119</sequence>
  <level>END</level>
  <class>com.kms.katalon.core.logging.XmlKeywordLogger</class>
  <method>endKeyword</method>
  <thread>1</thread>
  <message>End action : response = sendRequest(findTestObject(\&amp;quot;AddStudent\&amp;quot;, [\&amp;quot;name\&amp;quot;:$name, \&amp;quot;last\&amp;quot;:$last, \&amp;quot;gender\&amp;quot;:$gender, \&amp;quot;code\&amp;quot;:$code, \&amp;quot;country\&amp;quot;:$country, \&amp;quot;city\&amp;quot;:$city, \&amp;quot;university\&amp;quot;:$university]))</message>
  <nestedLevel>1</nestedLevel>
</record>
<record>
  <date>2019-09-22T22:41:19</date>
  <millis>1569210079605</millis>
  <sequence>120</sequence>
  <level>START</level>
  <class>com.kms.katalon.core.logging.XmlKeywordLogger</class>
  <method>startKeyword</method>
  <thread>1</thread>
  <message>Start action : verifyResponseStatusCode(response, 200)</message>
  <nestedLevel>1</nestedLevel>
  <property name="startLine">19</property>
  <property name="stepIndex">2</property>
</record>
<record>
  <date>2019-09-22T22:41:19</date>
  <millis>1569210079610</millis>
  <sequence>122</sequence>
  <level>PASSED</level>
  <class>com.kms.katalon.core.logging.XmlKeywordLogger</class>
  <method>logMessage</method>
  <thread>1</thread>
  <message>Verify response status code successfully</message>
  <nestedLevel>1</nestedLevel>
</record>
<record>
  <date>2019-09-22T22:41:19</date>
  <millis>1569210079611</millis>
  <sequence>123</sequence>
  <level>END</level>
  <class>com.kms.katalon.core.logging.XmlKeywordLogger</class>
  <method>endKeyword</method>
  <thread>1</thread>
  <message>End action : verifyResponseStatusCode(response, 200)</message>
  <nestedLevel>1</nestedLevel>
</record>
<record>
  <date>2019-09-22T22:41:19</date>
  <millis>1569210079611</millis>
  <sequence>124</sequence>
  <level>START</level>
  <class>com.kms.katalon.core.logging.XmlKeywordLogger</class>
  <method>startKeyword</method>
  <thread>1</thread>
  <message>Start action : verifyElementPropertyValue(response, \&amp;quot;status\&amp;quot;, \&amp;quot;success\&amp;quot;)</message>
  <nestedLevel>1</nestedLevel>
  <property name="startLine">21</property>
  <property name="stepIndex">3</property>
</record>
<record>
  <date>2019-09-22T22:41:19</date>
  <millis>1569210079639</millis>
  <sequence>126</sequence>
  <level>PASSED</level>
  <class>com.kms.katalon.core.logging.XmlKeywordLogger</class>
  <method>logMessage</method>
  <thread>1</thread>
  <message>Verify element property value successfully</message>
  <nestedLevel>1</nestedLevel>
</record>
<record>
  <date>2019-09-22T22:41:19</date>
  <millis>1569210079640</millis>
  <sequence>127</sequence>
  <level>END</level>
  <class>com.kms.katalon.core.logging.XmlKeywordLogger</class>
  <method>endKeyword</method>
  <thread>1</thread>
  <message>End action : verifyElementPropertyValue(response, \&amp;quot;status\&amp;quot;, \&amp;quot;success\&amp;quot;)</message>
  <nestedLevel>1</nestedLevel>
</record>
<record>
  <date>2019-09-22T22:41:19</date>
  <millis>1569210079641</millis>
  <sequence>128</sequence>
  <level>PASSED</level>
  <class>com.kms.katalon.core.logging.XmlKeywordLogger</class>
  <method>logMessage</method>
  <thread>1</thread>
  <message>Test Cases/AddStudent</message>
  <nestedLevel>1</nestedLevel>
</record>
<record>
  <date>2019-09-22T22:41:19</date>
  <millis>1569210079641</millis>
  <sequence>129</sequence>
  <level>END</level>
  <class>com.kms.katalon.core.logging.XmlKeywordLogger</class>
  <method>endTest</method>
  <thread>1</thread>
  <message>End Test Case : Test Cases/AddStudent</message>
  <nestedLevel>0</nestedLevel>
</record>
<record>
  <date>2019-09-22T22:41:19</date>
  <millis>1569210079781</millis>
  <sequence>130</sequence>
  <level>END</level>
  <class>com.kms.katalon.core.logging.XmlKeywordLogger</class>
  <method>endSuite</method>
  <thread>1</thread>
  <message>End Test Suite : Test Suites/AddStudent</message>
  <nestedLevel>0</nestedLevel>
</record>
</log>
