<?xml version="1.0" encoding="UTF-8" standalone="no"?>
<!DOCTYPE log SYSTEM "logger.dtd">
<log>
<record>
  <date>2019-09-22T22:32:56</date>
  <millis>1569209576969</millis>
  <sequence>0</sequence>
  <level>START</level>
  <class>com.kms.katalon.core.logging.XmlKeywordLogger</class>
  <method>startSuite</method>
  <thread>1</thread>
  <message>Start Test Suite : Test Suites/AddStudent</message>
  <nestedLevel>0</nestedLevel>
  <property name="name">AddStudent</property>
  <property name="description"></property>
  <property name="id">Test Suites/AddStudent</property>
</record>
<record>
  <date>2019-09-22T22:32:56</date>
  <millis>1569209576999</millis>
  <sequence>1</sequence>
  <level>RUN_DATA</level>
  <class>com.kms.katalon.core.logging.XmlKeywordLogger</class>
  <method>logMessage</method>
  <thread>1</thread>
  <message>hostName = kedavidsa - 192.168.0.18</message>
  <nestedLevel>0</nestedLevel>
  <property name="hostName">kedavidsa - 192.168.0.18</property>
</record>
<record>
  <date>2019-09-22T22:32:57</date>
  <millis>1569209577000</millis>
  <sequence>2</sequence>
  <level>RUN_DATA</level>
  <class>com.kms.katalon.core.logging.XmlKeywordLogger</class>
  <method>logMessage</method>
  <thread>1</thread>
  <message>os = Mac OS X 64bit</message>
  <nestedLevel>0</nestedLevel>
  <property name="os">Mac OS X 64bit</property>
</record>
<record>
  <date>2019-09-22T22:32:57</date>
  <millis>1569209577001</millis>
  <sequence>3</sequence>
  <level>RUN_DATA</level>
  <class>com.kms.katalon.core.logging.XmlKeywordLogger</class>
  <method>logMessage</method>
  <thread>1</thread>
  <message>hostAddress = 192.168.0.18</message>
  <nestedLevel>0</nestedLevel>
  <property name="hostAddress">192.168.0.18</property>
</record>
<record>
  <date>2019-09-22T22:32:57</date>
  <millis>1569209577004</millis>
  <sequence>4</sequence>
  <level>RUN_DATA</level>
  <class>com.kms.katalon.core.logging.XmlKeywordLogger</class>
  <method>logMessage</method>
  <thread>1</thread>
  <message>katalonVersion = 6.2.2.4</message>
  <nestedLevel>0</nestedLevel>
  <property name="katalonVersion">6.2.2.4</property>
</record>
<record>
  <date>2019-09-22T22:32:57</date>
  <millis>1569209577566</millis>
  <sequence>5</sequence>
  <level>START</level>
  <class>com.kms.katalon.core.logging.XmlKeywordLogger</class>
  <method>startTest</method>
  <thread>1</thread>
  <message>Start Test Case : Test Cases/AddStudent</message>
  <nestedLevel>1</nestedLevel>
  <property name="name">Test Cases/AddStudent</property>
  <property name="description"></property>
  <property name="id">Test Cases/AddStudent</property>
  <property name="source">\\Users\\kedavidsa\\iCloud Drive (archivo)\\Documents\\Uniandes\\MISO4202-20192\\Taller\\TallerParejasMISO4202201920\\Test Cases\\AddStudent.tc</property>
  <property name="tag"></property>
  <property name="isOptional">false</property>
</record>
<record>
  <date>2019-09-22T22:32:57</date>
  <millis>1569209577606</millis>
  <sequence>7</sequence>
  <level>INFO</level>
  <class>com.kms.katalon.core.logging.XmlKeywordLogger</class>
  <method>logMessage</method>
  <thread>1</thread>
  <message>name = Ninetta</message>
  <nestedLevel>1</nestedLevel>
</record>
<record>
  <date>2019-09-22T22:32:57</date>
  <millis>1569209577607</millis>
  <sequence>8</sequence>
  <level>INFO</level>
  <class>com.kms.katalon.core.logging.XmlKeywordLogger</class>
  <method>logMessage</method>
  <thread>1</thread>
  <message>last = Rakes</message>
  <nestedLevel>1</nestedLevel>
</record>
<record>
  <date>2019-09-22T22:32:57</date>
  <millis>1569209577608</millis>
  <sequence>9</sequence>
  <level>INFO</level>
  <class>com.kms.katalon.core.logging.XmlKeywordLogger</class>
  <method>logMessage</method>
  <thread>1</thread>
  <message>gender = Female</message>
  <nestedLevel>1</nestedLevel>
</record>
<record>
  <date>2019-09-22T22:32:57</date>
  <millis>1569209577609</millis>
  <sequence>10</sequence>
  <level>INFO</level>
  <class>com.kms.katalon.core.logging.XmlKeywordLogger</class>
  <method>logMessage</method>
  <thread>1</thread>
  <message>code = 88-7713396</message>
  <nestedLevel>1</nestedLevel>
</record>
<record>
  <date>2019-09-22T22:32:57</date>
  <millis>1569209577609</millis>
  <sequence>11</sequence>
  <level>INFO</level>
  <class>com.kms.katalon.core.logging.XmlKeywordLogger</class>
  <method>logMessage</method>
  <thread>1</thread>
  <message>country = China</message>
  <nestedLevel>1</nestedLevel>
</record>
<record>
  <date>2019-09-22T22:32:57</date>
  <millis>1569209577611</millis>
  <sequence>12</sequence>
  <level>INFO</level>
  <class>com.kms.katalon.core.logging.XmlKeywordLogger</class>
  <method>logMessage</method>
  <thread>1</thread>
  <message>city = Heyin</message>
  <nestedLevel>1</nestedLevel>
</record>
<record>
  <date>2019-09-22T22:32:57</date>
  <millis>1569209577612</millis>
  <sequence>13</sequence>
  <level>INFO</level>
  <class>com.kms.katalon.core.logging.XmlKeywordLogger</class>
  <method>logMessage</method>
  <thread>1</thread>
  <message>university = Harbin Institute of Technology</message>
  <nestedLevel>1</nestedLevel>
</record>
<record>
  <date>2019-09-22T22:32:58</date>
  <millis>1569209578138</millis>
  <sequence>14</sequence>
  <level>START</level>
  <class>com.kms.katalon.core.logging.XmlKeywordLogger</class>
  <method>startKeyword</method>
  <thread>1</thread>
  <message>Start action : response = sendRequest(findTestObject(\&amp;quot;AddStudent\&amp;quot;, [\&amp;quot;name\&amp;quot;:$name, \&amp;quot;last\&amp;quot;:$last, \&amp;quot;gender\&amp;quot;:$gender, \&amp;quot;code\&amp;quot;:$code, \&amp;quot;country\&amp;quot;:$country, \&amp;quot;city\&amp;quot;:$city, \&amp;quot;university\&amp;quot;:$university]))</message>
  <nestedLevel>1</nestedLevel>
  <property name="startLine">16</property>
  <property name="stepIndex">1</property>
</record>
<record>
  <date>2019-09-22T22:32:59</date>
  <millis>1569209579984</millis>
  <sequence>17</sequence>
  <level>INFO</level>
  <class>com.kms.katalon.core.logging.XmlKeywordLogger</class>
  <method>logMessage</method>
  <thread>1</thread>
  <message>HAR: /Users/kedavidsa/iCloud Drive (archivo)/Documents/Uniandes/MISO4202-20192/Taller/TallerParejasMISO4202201920/Reports/AddStudent/20190922_223253/requests/main/0.har</message>
  <nestedLevel>1</nestedLevel>
  <property name="harId">65fad0a2-0cd3-4dfe-bc7c-6a71ae4658d9</property>
</record>
<record>
  <date>2019-09-22T22:33:00</date>
  <millis>1569209580121</millis>
  <sequence>18</sequence>
  <level>PASSED</level>
  <class>com.kms.katalon.core.logging.XmlKeywordLogger</class>
  <method>logMessage</method>
  <thread>1</thread>
  <message>Send request successfully</message>
  <nestedLevel>1</nestedLevel>
</record>
<record>
  <date>2019-09-22T22:33:00</date>
  <millis>1569209580122</millis>
  <sequence>19</sequence>
  <level>END</level>
  <class>com.kms.katalon.core.logging.XmlKeywordLogger</class>
  <method>endKeyword</method>
  <thread>1</thread>
  <message>End action : response = sendRequest(findTestObject(\&amp;quot;AddStudent\&amp;quot;, [\&amp;quot;name\&amp;quot;:$name, \&amp;quot;last\&amp;quot;:$last, \&amp;quot;gender\&amp;quot;:$gender, \&amp;quot;code\&amp;quot;:$code, \&amp;quot;country\&amp;quot;:$country, \&amp;quot;city\&amp;quot;:$city, \&amp;quot;university\&amp;quot;:$university]))</message>
  <nestedLevel>1</nestedLevel>
</record>
<record>
  <date>2019-09-22T22:33:00</date>
  <millis>1569209580123</millis>
  <sequence>20</sequence>
  <level>START</level>
  <class>com.kms.katalon.core.logging.XmlKeywordLogger</class>
  <method>startKeyword</method>
  <thread>1</thread>
  <message>Start action : verifyResponseStatusCode(response, 200)</message>
  <nestedLevel>1</nestedLevel>
  <property name="startLine">19</property>
  <property name="stepIndex">2</property>
</record>
<record>
  <date>2019-09-22T22:33:00</date>
  <millis>1569209580138</millis>
  <sequence>22</sequence>
  <level>PASSED</level>
  <class>com.kms.katalon.core.logging.XmlKeywordLogger</class>
  <method>logMessage</method>
  <thread>1</thread>
  <message>Verify response status code successfully</message>
  <nestedLevel>1</nestedLevel>
</record>
<record>
  <date>2019-09-22T22:33:00</date>
  <millis>1569209580139</millis>
  <sequence>23</sequence>
  <level>END</level>
  <class>com.kms.katalon.core.logging.XmlKeywordLogger</class>
  <method>endKeyword</method>
  <thread>1</thread>
  <message>End action : verifyResponseStatusCode(response, 200)</message>
  <nestedLevel>1</nestedLevel>
</record>
<record>
  <date>2019-09-22T22:33:00</date>
  <millis>1569209580139</millis>
  <sequence>24</sequence>
  <level>START</level>
  <class>com.kms.katalon.core.logging.XmlKeywordLogger</class>
  <method>startKeyword</method>
  <thread>1</thread>
  <message>Start action : verifyElementPropertyValue(response, \&amp;quot;status\&amp;quot;, \&amp;quot;success\&amp;quot;)</message>
  <nestedLevel>1</nestedLevel>
  <property name="startLine">21</property>
  <property name="stepIndex">3</property>
</record>
<record>
  <date>2019-09-22T22:33:00</date>
  <millis>1569209580211</millis>
  <sequence>26</sequence>
  <level>PASSED</level>
  <class>com.kms.katalon.core.logging.XmlKeywordLogger</class>
  <method>logMessage</method>
  <thread>1</thread>
  <message>Verify element property value successfully</message>
  <nestedLevel>1</nestedLevel>
</record>
<record>
  <date>2019-09-22T22:33:00</date>
  <millis>1569209580212</millis>
  <sequence>27</sequence>
  <level>END</level>
  <class>com.kms.katalon.core.logging.XmlKeywordLogger</class>
  <method>endKeyword</method>
  <thread>1</thread>
  <message>End action : verifyElementPropertyValue(response, \&amp;quot;status\&amp;quot;, \&amp;quot;success\&amp;quot;)</message>
  <nestedLevel>1</nestedLevel>
</record>
<record>
  <date>2019-09-22T22:33:00</date>
  <millis>1569209580212</millis>
  <sequence>28</sequence>
  <level>PASSED</level>
  <class>com.kms.katalon.core.logging.XmlKeywordLogger</class>
  <method>logMessage</method>
  <thread>1</thread>
  <message>Test Cases/AddStudent</message>
  <nestedLevel>1</nestedLevel>
</record>
<record>
  <date>2019-09-22T22:33:00</date>
  <millis>1569209580213</millis>
  <sequence>29</sequence>
  <level>END</level>
  <class>com.kms.katalon.core.logging.XmlKeywordLogger</class>
  <method>endTest</method>
  <thread>1</thread>
  <message>End Test Case : Test Cases/AddStudent</message>
  <nestedLevel>0</nestedLevel>
</record>
<record>
  <date>2019-09-22T22:33:00</date>
  <millis>1569209580224</millis>
  <sequence>30</sequence>
  <level>START</level>
  <class>com.kms.katalon.core.logging.XmlKeywordLogger</class>
  <method>startTest</method>
  <thread>1</thread>
  <message>Start Test Case : Test Cases/AddStudent</message>
  <nestedLevel>1</nestedLevel>
  <property name="name">Test Cases/AddStudent</property>
  <property name="description"></property>
  <property name="id">Test Cases/AddStudent</property>
  <property name="source">\\Users\\kedavidsa\\iCloud Drive (archivo)\\Documents\\Uniandes\\MISO4202-20192\\Taller\\TallerParejasMISO4202201920\\Test Cases\\AddStudent.tc</property>
  <property name="tag"></property>
  <property name="isOptional">false</property>
</record>
<record>
  <date>2019-09-22T22:33:00</date>
  <millis>1569209580233</millis>
  <sequence>32</sequence>
  <level>INFO</level>
  <class>com.kms.katalon.core.logging.XmlKeywordLogger</class>
  <method>logMessage</method>
  <thread>1</thread>
  <message>name = Witty</message>
  <nestedLevel>1</nestedLevel>
</record>
<record>
  <date>2019-09-22T22:33:00</date>
  <millis>1569209580241</millis>
  <sequence>33</sequence>
  <level>INFO</level>
  <class>com.kms.katalon.core.logging.XmlKeywordLogger</class>
  <method>logMessage</method>
  <thread>1</thread>
  <message>last = Tewkesbury.</message>
  <nestedLevel>1</nestedLevel>
</record>
<record>
  <date>2019-09-22T22:33:00</date>
  <millis>1569209580242</millis>
  <sequence>34</sequence>
  <level>INFO</level>
  <class>com.kms.katalon.core.logging.XmlKeywordLogger</class>
  <method>logMessage</method>
  <thread>1</thread>
  <message>gender = Male</message>
  <nestedLevel>1</nestedLevel>
</record>
<record>
  <date>2019-09-22T22:33:00</date>
  <millis>1569209580242</millis>
  <sequence>35</sequence>
  <level>INFO</level>
  <class>com.kms.katalon.core.logging.XmlKeywordLogger</class>
  <method>logMessage</method>
  <thread>1</thread>
  <message>code = 78-6402515</message>
  <nestedLevel>1</nestedLevel>
</record>
<record>
  <date>2019-09-22T22:33:00</date>
  <millis>1569209580243</millis>
  <sequence>36</sequence>
  <level>INFO</level>
  <class>com.kms.katalon.core.logging.XmlKeywordLogger</class>
  <method>logMessage</method>
  <thread>1</thread>
  <message>country = Slovakia</message>
  <nestedLevel>1</nestedLevel>
</record>
<record>
  <date>2019-09-22T22:33:00</date>
  <millis>1569209580248</millis>
  <sequence>37</sequence>
  <level>INFO</level>
  <class>com.kms.katalon.core.logging.XmlKeywordLogger</class>
  <method>logMessage</method>
  <thread>1</thread>
  <message>city = Bratislava</message>
  <nestedLevel>1</nestedLevel>
</record>
<record>
  <date>2019-09-22T22:33:00</date>
  <millis>1569209580251</millis>
  <sequence>38</sequence>
  <level>INFO</level>
  <class>com.kms.katalon.core.logging.XmlKeywordLogger</class>
  <method>logMessage</method>
  <thread>1</thread>
  <message>university = University of SV Cyril and Methodius in Trnava</message>
  <nestedLevel>1</nestedLevel>
</record>
<record>
  <date>2019-09-22T22:33:00</date>
  <millis>1569209580253</millis>
  <sequence>39</sequence>
  <level>START</level>
  <class>com.kms.katalon.core.logging.XmlKeywordLogger</class>
  <method>startKeyword</method>
  <thread>1</thread>
  <message>Start action : response = sendRequest(findTestObject(\&amp;quot;AddStudent\&amp;quot;, [\&amp;quot;name\&amp;quot;:$name, \&amp;quot;last\&amp;quot;:$last, \&amp;quot;gender\&amp;quot;:$gender, \&amp;quot;code\&amp;quot;:$code, \&amp;quot;country\&amp;quot;:$country, \&amp;quot;city\&amp;quot;:$city, \&amp;quot;university\&amp;quot;:$university]))</message>
  <nestedLevel>1</nestedLevel>
  <property name="startLine">16</property>
  <property name="stepIndex">1</property>
</record>
<record>
  <date>2019-09-22T22:33:00</date>
  <millis>1569209580656</millis>
  <sequence>42</sequence>
  <level>INFO</level>
  <class>com.kms.katalon.core.logging.XmlKeywordLogger</class>
  <method>logMessage</method>
  <thread>1</thread>
  <message>HAR: /Users/kedavidsa/iCloud Drive (archivo)/Documents/Uniandes/MISO4202-20192/Taller/TallerParejasMISO4202201920/Reports/AddStudent/20190922_223253/requests/main/1.har</message>
  <nestedLevel>1</nestedLevel>
  <property name="harId">3e1bc8b1-f96d-4d8e-98ea-0a16274a6d26</property>
</record>
<record>
  <date>2019-09-22T22:33:00</date>
  <millis>1569209580668</millis>
  <sequence>43</sequence>
  <level>PASSED</level>
  <class>com.kms.katalon.core.logging.XmlKeywordLogger</class>
  <method>logMessage</method>
  <thread>1</thread>
  <message>Send request successfully</message>
  <nestedLevel>1</nestedLevel>
</record>
<record>
  <date>2019-09-22T22:33:00</date>
  <millis>1569209580669</millis>
  <sequence>44</sequence>
  <level>END</level>
  <class>com.kms.katalon.core.logging.XmlKeywordLogger</class>
  <method>endKeyword</method>
  <thread>1</thread>
  <message>End action : response = sendRequest(findTestObject(\&amp;quot;AddStudent\&amp;quot;, [\&amp;quot;name\&amp;quot;:$name, \&amp;quot;last\&amp;quot;:$last, \&amp;quot;gender\&amp;quot;:$gender, \&amp;quot;code\&amp;quot;:$code, \&amp;quot;country\&amp;quot;:$country, \&amp;quot;city\&amp;quot;:$city, \&amp;quot;university\&amp;quot;:$university]))</message>
  <nestedLevel>1</nestedLevel>
</record>
<record>
  <date>2019-09-22T22:33:00</date>
  <millis>1569209580669</millis>
  <sequence>45</sequence>
  <level>START</level>
  <class>com.kms.katalon.core.logging.XmlKeywordLogger</class>
  <method>startKeyword</method>
  <thread>1</thread>
  <message>Start action : verifyResponseStatusCode(response, 200)</message>
  <nestedLevel>1</nestedLevel>
  <property name="startLine">19</property>
  <property name="stepIndex">2</property>
</record>
<record>
  <date>2019-09-22T22:33:00</date>
  <millis>1569209580673</millis>
  <sequence>47</sequence>
  <level>PASSED</level>
  <class>com.kms.katalon.core.logging.XmlKeywordLogger</class>
  <method>logMessage</method>
  <thread>1</thread>
  <message>Verify response status code successfully</message>
  <nestedLevel>1</nestedLevel>
</record>
<record>
  <date>2019-09-22T22:33:00</date>
  <millis>1569209580674</millis>
  <sequence>48</sequence>
  <level>END</level>
  <class>com.kms.katalon.core.logging.XmlKeywordLogger</class>
  <method>endKeyword</method>
  <thread>1</thread>
  <message>End action : verifyResponseStatusCode(response, 200)</message>
  <nestedLevel>1</nestedLevel>
</record>
<record>
  <date>2019-09-22T22:33:00</date>
  <millis>1569209580674</millis>
  <sequence>49</sequence>
  <level>START</level>
  <class>com.kms.katalon.core.logging.XmlKeywordLogger</class>
  <method>startKeyword</method>
  <thread>1</thread>
  <message>Start action : verifyElementPropertyValue(response, \&amp;quot;status\&amp;quot;, \&amp;quot;success\&amp;quot;)</message>
  <nestedLevel>1</nestedLevel>
  <property name="startLine">21</property>
  <property name="stepIndex">3</property>
</record>
<record>
  <date>2019-09-22T22:33:00</date>
  <millis>1569209580704</millis>
  <sequence>51</sequence>
  <level>PASSED</level>
  <class>com.kms.katalon.core.logging.XmlKeywordLogger</class>
  <method>logMessage</method>
  <thread>1</thread>
  <message>Verify element property value successfully</message>
  <nestedLevel>1</nestedLevel>
</record>
<record>
  <date>2019-09-22T22:33:00</date>
  <millis>1569209580704</millis>
  <sequence>52</sequence>
  <level>END</level>
  <class>com.kms.katalon.core.logging.XmlKeywordLogger</class>
  <method>endKeyword</method>
  <thread>1</thread>
  <message>End action : verifyElementPropertyValue(response, \&amp;quot;status\&amp;quot;, \&amp;quot;success\&amp;quot;)</message>
  <nestedLevel>1</nestedLevel>
</record>
<record>
  <date>2019-09-22T22:33:00</date>
  <millis>1569209580705</millis>
  <sequence>53</sequence>
  <level>PASSED</level>
  <class>com.kms.katalon.core.logging.XmlKeywordLogger</class>
  <method>logMessage</method>
  <thread>1</thread>
  <message>Test Cases/AddStudent</message>
  <nestedLevel>1</nestedLevel>
</record>
<record>
  <date>2019-09-22T22:33:00</date>
  <millis>1569209580706</millis>
  <sequence>54</sequence>
  <level>END</level>
  <class>com.kms.katalon.core.logging.XmlKeywordLogger</class>
  <method>endTest</method>
  <thread>1</thread>
  <message>End Test Case : Test Cases/AddStudent</message>
  <nestedLevel>0</nestedLevel>
</record>
<record>
  <date>2019-09-22T22:33:00</date>
  <millis>1569209580711</millis>
  <sequence>55</sequence>
  <level>START</level>
  <class>com.kms.katalon.core.logging.XmlKeywordLogger</class>
  <method>startTest</method>
  <thread>1</thread>
  <message>Start Test Case : Test Cases/AddStudent</message>
  <nestedLevel>1</nestedLevel>
  <property name="name">Test Cases/AddStudent</property>
  <property name="description"></property>
  <property name="id">Test Cases/AddStudent</property>
  <property name="source">\\Users\\kedavidsa\\iCloud Drive (archivo)\\Documents\\Uniandes\\MISO4202-20192\\Taller\\TallerParejasMISO4202201920\\Test Cases\\AddStudent.tc</property>
  <property name="tag"></property>
  <property name="isOptional">false</property>
</record>
<record>
  <date>2019-09-22T22:33:00</date>
  <millis>1569209580726</millis>
  <sequence>57</sequence>
  <level>INFO</level>
  <class>com.kms.katalon.core.logging.XmlKeywordLogger</class>
  <method>logMessage</method>
  <thread>1</thread>
  <message>name = Yankee</message>
  <nestedLevel>1</nestedLevel>
</record>
<record>
  <date>2019-09-22T22:33:00</date>
  <millis>1569209580727</millis>
  <sequence>58</sequence>
  <level>INFO</level>
  <class>com.kms.katalon.core.logging.XmlKeywordLogger</class>
  <method>logMessage</method>
  <thread>1</thread>
  <message>last = Wooler</message>
  <nestedLevel>1</nestedLevel>
</record>
<record>
  <date>2019-09-22T22:33:00</date>
  <millis>1569209580727</millis>
  <sequence>59</sequence>
  <level>INFO</level>
  <class>com.kms.katalon.core.logging.XmlKeywordLogger</class>
  <method>logMessage</method>
  <thread>1</thread>
  <message>gender = Male</message>
  <nestedLevel>1</nestedLevel>
</record>
<record>
  <date>2019-09-22T22:33:00</date>
  <millis>1569209580728</millis>
  <sequence>60</sequence>
  <level>INFO</level>
  <class>com.kms.katalon.core.logging.XmlKeywordLogger</class>
  <method>logMessage</method>
  <thread>1</thread>
  <message>code = 23-7464793</message>
  <nestedLevel>1</nestedLevel>
</record>
<record>
  <date>2019-09-22T22:33:00</date>
  <millis>1569209580728</millis>
  <sequence>61</sequence>
  <level>INFO</level>
  <class>com.kms.katalon.core.logging.XmlKeywordLogger</class>
  <method>logMessage</method>
  <thread>1</thread>
  <message>country = Indonesia</message>
  <nestedLevel>1</nestedLevel>
</record>
<record>
  <date>2019-09-22T22:33:00</date>
  <millis>1569209580729</millis>
  <sequence>62</sequence>
  <level>INFO</level>
  <class>com.kms.katalon.core.logging.XmlKeywordLogger</class>
  <method>logMessage</method>
  <thread>1</thread>
  <message>city = Cisasak</message>
  <nestedLevel>1</nestedLevel>
</record>
<record>
  <date>2019-09-22T22:33:00</date>
  <millis>1569209580729</millis>
  <sequence>63</sequence>
  <level>INFO</level>
  <class>com.kms.katalon.core.logging.XmlKeywordLogger</class>
  <method>logMessage</method>
  <thread>1</thread>
  <message>university = Universitas Negeri Medan</message>
  <nestedLevel>1</nestedLevel>
</record>
<record>
  <date>2019-09-22T22:33:00</date>
  <millis>1569209580731</millis>
  <sequence>64</sequence>
  <level>START</level>
  <class>com.kms.katalon.core.logging.XmlKeywordLogger</class>
  <method>startKeyword</method>
  <thread>1</thread>
  <message>Start action : response = sendRequest(findTestObject(\&amp;quot;AddStudent\&amp;quot;, [\&amp;quot;name\&amp;quot;:$name, \&amp;quot;last\&amp;quot;:$last, \&amp;quot;gender\&amp;quot;:$gender, \&amp;quot;code\&amp;quot;:$code, \&amp;quot;country\&amp;quot;:$country, \&amp;quot;city\&amp;quot;:$city, \&amp;quot;university\&amp;quot;:$university]))</message>
  <nestedLevel>1</nestedLevel>
  <property name="startLine">16</property>
  <property name="stepIndex">1</property>
</record>
<record>
  <date>2019-09-22T22:33:01</date>
  <millis>1569209581109</millis>
  <sequence>67</sequence>
  <level>INFO</level>
  <class>com.kms.katalon.core.logging.XmlKeywordLogger</class>
  <method>logMessage</method>
  <thread>1</thread>
  <message>HAR: /Users/kedavidsa/iCloud Drive (archivo)/Documents/Uniandes/MISO4202-20192/Taller/TallerParejasMISO4202201920/Reports/AddStudent/20190922_223253/requests/main/2.har</message>
  <nestedLevel>1</nestedLevel>
  <property name="harId">bb46ada6-d1c6-41b6-a17e-4f97a55adf37</property>
</record>
<record>
  <date>2019-09-22T22:33:01</date>
  <millis>1569209581118</millis>
  <sequence>68</sequence>
  <level>PASSED</level>
  <class>com.kms.katalon.core.logging.XmlKeywordLogger</class>
  <method>logMessage</method>
  <thread>1</thread>
  <message>Send request successfully</message>
  <nestedLevel>1</nestedLevel>
</record>
<record>
  <date>2019-09-22T22:33:01</date>
  <millis>1569209581119</millis>
  <sequence>69</sequence>
  <level>END</level>
  <class>com.kms.katalon.core.logging.XmlKeywordLogger</class>
  <method>endKeyword</method>
  <thread>1</thread>
  <message>End action : response = sendRequest(findTestObject(\&amp;quot;AddStudent\&amp;quot;, [\&amp;quot;name\&amp;quot;:$name, \&amp;quot;last\&amp;quot;:$last, \&amp;quot;gender\&amp;quot;:$gender, \&amp;quot;code\&amp;quot;:$code, \&amp;quot;country\&amp;quot;:$country, \&amp;quot;city\&amp;quot;:$city, \&amp;quot;university\&amp;quot;:$university]))</message>
  <nestedLevel>1</nestedLevel>
</record>
<record>
  <date>2019-09-22T22:33:01</date>
  <millis>1569209581120</millis>
  <sequence>70</sequence>
  <level>START</level>
  <class>com.kms.katalon.core.logging.XmlKeywordLogger</class>
  <method>startKeyword</method>
  <thread>1</thread>
  <message>Start action : verifyResponseStatusCode(response, 200)</message>
  <nestedLevel>1</nestedLevel>
  <property name="startLine">19</property>
  <property name="stepIndex">2</property>
</record>
<record>
  <date>2019-09-22T22:33:01</date>
  <millis>1569209581123</millis>
  <sequence>72</sequence>
  <level>PASSED</level>
  <class>com.kms.katalon.core.logging.XmlKeywordLogger</class>
  <method>logMessage</method>
  <thread>1</thread>
  <message>Verify response status code successfully</message>
  <nestedLevel>1</nestedLevel>
</record>
<record>
  <date>2019-09-22T22:33:01</date>
  <millis>1569209581124</millis>
  <sequence>73</sequence>
  <level>END</level>
  <class>com.kms.katalon.core.logging.XmlKeywordLogger</class>
  <method>endKeyword</method>
  <thread>1</thread>
  <message>End action : verifyResponseStatusCode(response, 200)</message>
  <nestedLevel>1</nestedLevel>
</record>
<record>
  <date>2019-09-22T22:33:01</date>
  <millis>1569209581124</millis>
  <sequence>74</sequence>
  <level>START</level>
  <class>com.kms.katalon.core.logging.XmlKeywordLogger</class>
  <method>startKeyword</method>
  <thread>1</thread>
  <message>Start action : verifyElementPropertyValue(response, \&amp;quot;status\&amp;quot;, \&amp;quot;success\&amp;quot;)</message>
  <nestedLevel>1</nestedLevel>
  <property name="startLine">21</property>
  <property name="stepIndex">3</property>
</record>
<record>
  <date>2019-09-22T22:33:01</date>
  <millis>1569209581155</millis>
  <sequence>76</sequence>
  <level>PASSED</level>
  <class>com.kms.katalon.core.logging.XmlKeywordLogger</class>
  <method>logMessage</method>
  <thread>1</thread>
  <message>Verify element property value successfully</message>
  <nestedLevel>1</nestedLevel>
</record>
<record>
  <date>2019-09-22T22:33:01</date>
  <millis>1569209581156</millis>
  <sequence>77</sequence>
  <level>END</level>
  <class>com.kms.katalon.core.logging.XmlKeywordLogger</class>
  <method>endKeyword</method>
  <thread>1</thread>
  <message>End action : verifyElementPropertyValue(response, \&amp;quot;status\&amp;quot;, \&amp;quot;success\&amp;quot;)</message>
  <nestedLevel>1</nestedLevel>
</record>
<record>
  <date>2019-09-22T22:33:01</date>
  <millis>1569209581156</millis>
  <sequence>78</sequence>
  <level>PASSED</level>
  <class>com.kms.katalon.core.logging.XmlKeywordLogger</class>
  <method>logMessage</method>
  <thread>1</thread>
  <message>Test Cases/AddStudent</message>
  <nestedLevel>1</nestedLevel>
</record>
<record>
  <date>2019-09-22T22:33:01</date>
  <millis>1569209581158</millis>
  <sequence>79</sequence>
  <level>END</level>
  <class>com.kms.katalon.core.logging.XmlKeywordLogger</class>
  <method>endTest</method>
  <thread>1</thread>
  <message>End Test Case : Test Cases/AddStudent</message>
  <nestedLevel>0</nestedLevel>
</record>
<record>
  <date>2019-09-22T22:33:01</date>
  <millis>1569209581164</millis>
  <sequence>80</sequence>
  <level>START</level>
  <class>com.kms.katalon.core.logging.XmlKeywordLogger</class>
  <method>startTest</method>
  <thread>1</thread>
  <message>Start Test Case : Test Cases/AddStudent</message>
  <nestedLevel>1</nestedLevel>
  <property name="name">Test Cases/AddStudent</property>
  <property name="description"></property>
  <property name="id">Test Cases/AddStudent</property>
  <property name="source">\\Users\\kedavidsa\\iCloud Drive (archivo)\\Documents\\Uniandes\\MISO4202-20192\\Taller\\TallerParejasMISO4202201920\\Test Cases\\AddStudent.tc</property>
  <property name="tag"></property>
  <property name="isOptional">false</property>
</record>
<record>
  <date>2019-09-22T22:33:01</date>
  <millis>1569209581180</millis>
  <sequence>82</sequence>
  <level>INFO</level>
  <class>com.kms.katalon.core.logging.XmlKeywordLogger</class>
  <method>logMessage</method>
  <thread>1</thread>
  <message>name = Lindsey</message>
  <nestedLevel>1</nestedLevel>
</record>
<record>
  <date>2019-09-22T22:33:01</date>
  <millis>1569209581181</millis>
  <sequence>83</sequence>
  <level>INFO</level>
  <class>com.kms.katalon.core.logging.XmlKeywordLogger</class>
  <method>logMessage</method>
  <thread>1</thread>
  <message>last = Bartaletti</message>
  <nestedLevel>1</nestedLevel>
</record>
<record>
  <date>2019-09-22T22:33:01</date>
  <millis>1569209581182</millis>
  <sequence>84</sequence>
  <level>INFO</level>
  <class>com.kms.katalon.core.logging.XmlKeywordLogger</class>
  <method>logMessage</method>
  <thread>1</thread>
  <message>gender = Male</message>
  <nestedLevel>1</nestedLevel>
</record>
<record>
  <date>2019-09-22T22:33:01</date>
  <millis>1569209581183</millis>
  <sequence>85</sequence>
  <level>INFO</level>
  <class>com.kms.katalon.core.logging.XmlKeywordLogger</class>
  <method>logMessage</method>
  <thread>1</thread>
  <message>code = 73-8826081</message>
  <nestedLevel>1</nestedLevel>
</record>
<record>
  <date>2019-09-22T22:33:01</date>
  <millis>1569209581186</millis>
  <sequence>86</sequence>
  <level>INFO</level>
  <class>com.kms.katalon.core.logging.XmlKeywordLogger</class>
  <method>logMessage</method>
  <thread>1</thread>
  <message>country = Thailand</message>
  <nestedLevel>1</nestedLevel>
</record>
<record>
  <date>2019-09-22T22:33:01</date>
  <millis>1569209581187</millis>
  <sequence>87</sequence>
  <level>INFO</level>
  <class>com.kms.katalon.core.logging.XmlKeywordLogger</class>
  <method>logMessage</method>
  <thread>1</thread>
  <message>city = Aranyaprathet</message>
  <nestedLevel>1</nestedLevel>
</record>
<record>
  <date>2019-09-22T22:33:01</date>
  <millis>1569209581190</millis>
  <sequence>88</sequence>
  <level>INFO</level>
  <class>com.kms.katalon.core.logging.XmlKeywordLogger</class>
  <method>logMessage</method>
  <thread>1</thread>
  <message>university = Huachiew Chalermprakiet University</message>
  <nestedLevel>1</nestedLevel>
</record>
<record>
  <date>2019-09-22T22:33:01</date>
  <millis>1569209581192</millis>
  <sequence>89</sequence>
  <level>START</level>
  <class>com.kms.katalon.core.logging.XmlKeywordLogger</class>
  <method>startKeyword</method>
  <thread>1</thread>
  <message>Start action : response = sendRequest(findTestObject(\&amp;quot;AddStudent\&amp;quot;, [\&amp;quot;name\&amp;quot;:$name, \&amp;quot;last\&amp;quot;:$last, \&amp;quot;gender\&amp;quot;:$gender, \&amp;quot;code\&amp;quot;:$code, \&amp;quot;country\&amp;quot;:$country, \&amp;quot;city\&amp;quot;:$city, \&amp;quot;university\&amp;quot;:$university]))</message>
  <nestedLevel>1</nestedLevel>
  <property name="startLine">16</property>
  <property name="stepIndex">1</property>
</record>
<record>
  <date>2019-09-22T22:33:01</date>
  <millis>1569209581565</millis>
  <sequence>92</sequence>
  <level>INFO</level>
  <class>com.kms.katalon.core.logging.XmlKeywordLogger</class>
  <method>logMessage</method>
  <thread>1</thread>
  <message>HAR: /Users/kedavidsa/iCloud Drive (archivo)/Documents/Uniandes/MISO4202-20192/Taller/TallerParejasMISO4202201920/Reports/AddStudent/20190922_223253/requests/main/3.har</message>
  <nestedLevel>1</nestedLevel>
  <property name="harId">c942028d-2669-4faf-93ee-cca86bd8e0d5</property>
</record>
<record>
  <date>2019-09-22T22:33:01</date>
  <millis>1569209581575</millis>
  <sequence>93</sequence>
  <level>PASSED</level>
  <class>com.kms.katalon.core.logging.XmlKeywordLogger</class>
  <method>logMessage</method>
  <thread>1</thread>
  <message>Send request successfully</message>
  <nestedLevel>1</nestedLevel>
</record>
<record>
  <date>2019-09-22T22:33:01</date>
  <millis>1569209581576</millis>
  <sequence>94</sequence>
  <level>END</level>
  <class>com.kms.katalon.core.logging.XmlKeywordLogger</class>
  <method>endKeyword</method>
  <thread>1</thread>
  <message>End action : response = sendRequest(findTestObject(\&amp;quot;AddStudent\&amp;quot;, [\&amp;quot;name\&amp;quot;:$name, \&amp;quot;last\&amp;quot;:$last, \&amp;quot;gender\&amp;quot;:$gender, \&amp;quot;code\&amp;quot;:$code, \&amp;quot;country\&amp;quot;:$country, \&amp;quot;city\&amp;quot;:$city, \&amp;quot;university\&amp;quot;:$university]))</message>
  <nestedLevel>1</nestedLevel>
</record>
<record>
  <date>2019-09-22T22:33:01</date>
  <millis>1569209581577</millis>
  <sequence>95</sequence>
  <level>START</level>
  <class>com.kms.katalon.core.logging.XmlKeywordLogger</class>
  <method>startKeyword</method>
  <thread>1</thread>
  <message>Start action : verifyResponseStatusCode(response, 200)</message>
  <nestedLevel>1</nestedLevel>
  <property name="startLine">19</property>
  <property name="stepIndex">2</property>
</record>
<record>
  <date>2019-09-22T22:33:01</date>
  <millis>1569209581580</millis>
  <sequence>97</sequence>
  <level>PASSED</level>
  <class>com.kms.katalon.core.logging.XmlKeywordLogger</class>
  <method>logMessage</method>
  <thread>1</thread>
  <message>Verify response status code successfully</message>
  <nestedLevel>1</nestedLevel>
</record>
<record>
  <date>2019-09-22T22:33:01</date>
  <millis>1569209581580</millis>
  <sequence>98</sequence>
  <level>END</level>
  <class>com.kms.katalon.core.logging.XmlKeywordLogger</class>
  <method>endKeyword</method>
  <thread>1</thread>
  <message>End action : verifyResponseStatusCode(response, 200)</message>
  <nestedLevel>1</nestedLevel>
</record>
<record>
  <date>2019-09-22T22:33:01</date>
  <millis>1569209581581</millis>
  <sequence>99</sequence>
  <level>START</level>
  <class>com.kms.katalon.core.logging.XmlKeywordLogger</class>
  <method>startKeyword</method>
  <thread>1</thread>
  <message>Start action : verifyElementPropertyValue(response, \&amp;quot;status\&amp;quot;, \&amp;quot;success\&amp;quot;)</message>
  <nestedLevel>1</nestedLevel>
  <property name="startLine">21</property>
  <property name="stepIndex">3</property>
</record>
<record>
  <date>2019-09-22T22:33:01</date>
  <millis>1569209581606</millis>
  <sequence>101</sequence>
  <level>PASSED</level>
  <class>com.kms.katalon.core.logging.XmlKeywordLogger</class>
  <method>logMessage</method>
  <thread>1</thread>
  <message>Verify element property value successfully</message>
  <nestedLevel>1</nestedLevel>
</record>
<record>
  <date>2019-09-22T22:33:01</date>
  <millis>1569209581613</millis>
  <sequence>102</sequence>
  <level>END</level>
  <class>com.kms.katalon.core.logging.XmlKeywordLogger</class>
  <method>endKeyword</method>
  <thread>1</thread>
  <message>End action : verifyElementPropertyValue(response, \&amp;quot;status\&amp;quot;, \&amp;quot;success\&amp;quot;)</message>
  <nestedLevel>1</nestedLevel>
</record>
<record>
  <date>2019-09-22T22:33:01</date>
  <millis>1569209581613</millis>
  <sequence>103</sequence>
  <level>PASSED</level>
  <class>com.kms.katalon.core.logging.XmlKeywordLogger</class>
  <method>logMessage</method>
  <thread>1</thread>
  <message>Test Cases/AddStudent</message>
  <nestedLevel>1</nestedLevel>
</record>
<record>
  <date>2019-09-22T22:33:01</date>
  <millis>1569209581614</millis>
  <sequence>104</sequence>
  <level>END</level>
  <class>com.kms.katalon.core.logging.XmlKeywordLogger</class>
  <method>endTest</method>
  <thread>1</thread>
  <message>End Test Case : Test Cases/AddStudent</message>
  <nestedLevel>0</nestedLevel>
</record>
<record>
  <date>2019-09-22T22:33:01</date>
  <millis>1569209581619</millis>
  <sequence>105</sequence>
  <level>START</level>
  <class>com.kms.katalon.core.logging.XmlKeywordLogger</class>
  <method>startTest</method>
  <thread>1</thread>
  <message>Start Test Case : Test Cases/AddStudent</message>
  <nestedLevel>1</nestedLevel>
  <property name="name">Test Cases/AddStudent</property>
  <property name="description"></property>
  <property name="id">Test Cases/AddStudent</property>
  <property name="source">\\Users\\kedavidsa\\iCloud Drive (archivo)\\Documents\\Uniandes\\MISO4202-20192\\Taller\\TallerParejasMISO4202201920\\Test Cases\\AddStudent.tc</property>
  <property name="tag"></property>
  <property name="isOptional">false</property>
</record>
<record>
  <date>2019-09-22T22:33:01</date>
  <millis>1569209581630</millis>
  <sequence>107</sequence>
  <level>INFO</level>
  <class>com.kms.katalon.core.logging.XmlKeywordLogger</class>
  <method>logMessage</method>
  <thread>1</thread>
  <message>name = Max</message>
  <nestedLevel>1</nestedLevel>
</record>
<record>
  <date>2019-09-22T22:33:01</date>
  <millis>1569209581631</millis>
  <sequence>108</sequence>
  <level>INFO</level>
  <class>com.kms.katalon.core.logging.XmlKeywordLogger</class>
  <method>logMessage</method>
  <thread>1</thread>
  <message>last = Goracci</message>
  <nestedLevel>1</nestedLevel>
</record>
<record>
  <date>2019-09-22T22:33:01</date>
  <millis>1569209581632</millis>
  <sequence>109</sequence>
  <level>INFO</level>
  <class>com.kms.katalon.core.logging.XmlKeywordLogger</class>
  <method>logMessage</method>
  <thread>1</thread>
  <message>gender = Female</message>
  <nestedLevel>1</nestedLevel>
</record>
<record>
  <date>2019-09-22T22:33:01</date>
  <millis>1569209581632</millis>
  <sequence>110</sequence>
  <level>INFO</level>
  <class>com.kms.katalon.core.logging.XmlKeywordLogger</class>
  <method>logMessage</method>
  <thread>1</thread>
  <message>code = 27-7995889</message>
  <nestedLevel>1</nestedLevel>
</record>
<record>
  <date>2019-09-22T22:33:01</date>
  <millis>1569209581633</millis>
  <sequence>111</sequence>
  <level>INFO</level>
  <class>com.kms.katalon.core.logging.XmlKeywordLogger</class>
  <method>logMessage</method>
  <thread>1</thread>
  <message>country = Indonesia</message>
  <nestedLevel>1</nestedLevel>
</record>
<record>
  <date>2019-09-22T22:33:01</date>
  <millis>1569209581633</millis>
  <sequence>112</sequence>
  <level>INFO</level>
  <class>com.kms.katalon.core.logging.XmlKeywordLogger</class>
  <method>logMessage</method>
  <thread>1</thread>
  <message>city = Jinanten</message>
  <nestedLevel>1</nestedLevel>
</record>
<record>
  <date>2019-09-22T22:33:01</date>
  <millis>1569209581634</millis>
  <sequence>113</sequence>
  <level>INFO</level>
  <class>com.kms.katalon.core.logging.XmlKeywordLogger</class>
  <method>logMessage</method>
  <thread>1</thread>
  <message>university = Universitas Brawijaya</message>
  <nestedLevel>1</nestedLevel>
</record>
<record>
  <date>2019-09-22T22:33:01</date>
  <millis>1569209581636</millis>
  <sequence>114</sequence>
  <level>START</level>
  <class>com.kms.katalon.core.logging.XmlKeywordLogger</class>
  <method>startKeyword</method>
  <thread>1</thread>
  <message>Start action : response = sendRequest(findTestObject(\&amp;quot;AddStudent\&amp;quot;, [\&amp;quot;name\&amp;quot;:$name, \&amp;quot;last\&amp;quot;:$last, \&amp;quot;gender\&amp;quot;:$gender, \&amp;quot;code\&amp;quot;:$code, \&amp;quot;country\&amp;quot;:$country, \&amp;quot;city\&amp;quot;:$city, \&amp;quot;university\&amp;quot;:$university]))</message>
  <nestedLevel>1</nestedLevel>
  <property name="startLine">16</property>
  <property name="stepIndex">1</property>
</record>
<record>
  <date>2019-09-22T22:33:02</date>
  <millis>1569209582087</millis>
  <sequence>117</sequence>
  <level>INFO</level>
  <class>com.kms.katalon.core.logging.XmlKeywordLogger</class>
  <method>logMessage</method>
  <thread>1</thread>
  <message>HAR: /Users/kedavidsa/iCloud Drive (archivo)/Documents/Uniandes/MISO4202-20192/Taller/TallerParejasMISO4202201920/Reports/AddStudent/20190922_223253/requests/main/4.har</message>
  <nestedLevel>1</nestedLevel>
  <property name="harId">a8bd4565-7e87-46f7-912e-7be8457655ba</property>
</record>
<record>
  <date>2019-09-22T22:33:02</date>
  <millis>1569209582099</millis>
  <sequence>118</sequence>
  <level>PASSED</level>
  <class>com.kms.katalon.core.logging.XmlKeywordLogger</class>
  <method>logMessage</method>
  <thread>1</thread>
  <message>Send request successfully</message>
  <nestedLevel>1</nestedLevel>
</record>
<record>
  <date>2019-09-22T22:33:02</date>
  <millis>1569209582102</millis>
  <sequence>119</sequence>
  <level>END</level>
  <class>com.kms.katalon.core.logging.XmlKeywordLogger</class>
  <method>endKeyword</method>
  <thread>1</thread>
  <message>End action : response = sendRequest(findTestObject(\&amp;quot;AddStudent\&amp;quot;, [\&amp;quot;name\&amp;quot;:$name, \&amp;quot;last\&amp;quot;:$last, \&amp;quot;gender\&amp;quot;:$gender, \&amp;quot;code\&amp;quot;:$code, \&amp;quot;country\&amp;quot;:$country, \&amp;quot;city\&amp;quot;:$city, \&amp;quot;university\&amp;quot;:$university]))</message>
  <nestedLevel>1</nestedLevel>
</record>
<record>
  <date>2019-09-22T22:33:02</date>
  <millis>1569209582104</millis>
  <sequence>120</sequence>
  <level>START</level>
  <class>com.kms.katalon.core.logging.XmlKeywordLogger</class>
  <method>startKeyword</method>
  <thread>1</thread>
  <message>Start action : verifyResponseStatusCode(response, 200)</message>
  <nestedLevel>1</nestedLevel>
  <property name="startLine">19</property>
  <property name="stepIndex">2</property>
</record>
<record>
  <date>2019-09-22T22:33:02</date>
  <millis>1569209582107</millis>
  <sequence>122</sequence>
  <level>PASSED</level>
  <class>com.kms.katalon.core.logging.XmlKeywordLogger</class>
  <method>logMessage</method>
  <thread>1</thread>
  <message>Verify response status code successfully</message>
  <nestedLevel>1</nestedLevel>
</record>
<record>
  <date>2019-09-22T22:33:02</date>
  <millis>1569209582108</millis>
  <sequence>123</sequence>
  <level>END</level>
  <class>com.kms.katalon.core.logging.XmlKeywordLogger</class>
  <method>endKeyword</method>
  <thread>1</thread>
  <message>End action : verifyResponseStatusCode(response, 200)</message>
  <nestedLevel>1</nestedLevel>
</record>
<record>
  <date>2019-09-22T22:33:02</date>
  <millis>1569209582108</millis>
  <sequence>124</sequence>
  <level>START</level>
  <class>com.kms.katalon.core.logging.XmlKeywordLogger</class>
  <method>startKeyword</method>
  <thread>1</thread>
  <message>Start action : verifyElementPropertyValue(response, \&amp;quot;status\&amp;quot;, \&amp;quot;success\&amp;quot;)</message>
  <nestedLevel>1</nestedLevel>
  <property name="startLine">21</property>
  <property name="stepIndex">3</property>
</record>
<record>
  <date>2019-09-22T22:33:02</date>
  <millis>1569209582134</millis>
  <sequence>126</sequence>
  <level>PASSED</level>
  <class>com.kms.katalon.core.logging.XmlKeywordLogger</class>
  <method>logMessage</method>
  <thread>1</thread>
  <message>Verify element property value successfully</message>
  <nestedLevel>1</nestedLevel>
</record>
<record>
  <date>2019-09-22T22:33:02</date>
  <millis>1569209582134</millis>
  <sequence>127</sequence>
  <level>END</level>
  <class>com.kms.katalon.core.logging.XmlKeywordLogger</class>
  <method>endKeyword</method>
  <thread>1</thread>
  <message>End action : verifyElementPropertyValue(response, \&amp;quot;status\&amp;quot;, \&amp;quot;success\&amp;quot;)</message>
  <nestedLevel>1</nestedLevel>
</record>
<record>
  <date>2019-09-22T22:33:02</date>
  <millis>1569209582135</millis>
  <sequence>128</sequence>
  <level>PASSED</level>
  <class>com.kms.katalon.core.logging.XmlKeywordLogger</class>
  <method>logMessage</method>
  <thread>1</thread>
  <message>Test Cases/AddStudent</message>
  <nestedLevel>1</nestedLevel>
</record>
<record>
  <date>2019-09-22T22:33:02</date>
  <millis>1569209582135</millis>
  <sequence>129</sequence>
  <level>END</level>
  <class>com.kms.katalon.core.logging.XmlKeywordLogger</class>
  <method>endTest</method>
  <thread>1</thread>
  <message>End Test Case : Test Cases/AddStudent</message>
  <nestedLevel>0</nestedLevel>
</record>
<record>
  <date>2019-09-22T22:33:02</date>
  <millis>1569209582234</millis>
  <sequence>130</sequence>
  <level>END</level>
  <class>com.kms.katalon.core.logging.XmlKeywordLogger</class>
  <method>endSuite</method>
  <thread>1</thread>
  <message>End Test Suite : Test Suites/AddStudent</message>
  <nestedLevel>0</nestedLevel>
</record>
</log>
